\BOOKMARK [0][-]{chapter.1}{\376\377\000T\000h\000e\000\040\000E\000l\000e\000k\000t\000r\000a\000\040\000A\000P\000I}{}
\BOOKMARK [1][-]{section.1.1}{\376\377\000O\000v\000e\000r\000v\000i\000e\000w}{chapter.1}
\BOOKMARK [1][-]{section.1.2}{\376\377\000M\000a\000j\000o\000r\000\040\000f\000o\000c\000a\000l\000\040\000p\000o\000i\000n\000t\000s}{chapter.1}
\BOOKMARK [1][-]{section.1.3}{\376\377\000U\000s\000i\000n\000g\000\040\000t\000h\000e\000\040\000E\000l\000e\000k\000t\000r\000a\000\040\000L\000i\000b\000r\000a\000r\000y}{chapter.1}
\BOOKMARK [1][-]{section.1.4}{\376\377\000E\000l\000e\000k\000t\000r\000a\000\040\000A\000P\000I}{chapter.1}
\BOOKMARK [1][-]{section.1.5}{\376\377\000K\000e\000y\000\040\000N\000a\000m\000e\000s\000\040\000a\000n\000d\000\040\000N\000a\000m\000e\000s\000p\000a\000c\000e\000s}{chapter.1}
\BOOKMARK [1][-]{section.1.6}{\376\377\000R\000u\000l\000e\000s\000\040\000f\000o\000r\000\040\000K\000e\000y\000\040\000N\000a\000m\000e\000s}{chapter.1}
\BOOKMARK [1][-]{section.1.7}{\376\377\000B\000a\000c\000k\000e\000n\000d\000\040\000O\000v\000e\000r\000v\000i\000e\000w}{chapter.1}
\BOOKMARK [1][-]{section.1.8}{\376\377\000N\000o\000m\000e\000n\000c\000l\000a\000t\000u\000r\000e}{chapter.1}
\BOOKMARK [0][-]{chapter.2}{\376\377\000T\000o\000d\000o\000\040\000L\000i\000s\000t}{}
\BOOKMARK [0][-]{chapter.3}{\376\377\000D\000e\000p\000r\000e\000c\000a\000t\000e\000d\000\040\000L\000i\000s\000t}{}
\BOOKMARK [0][-]{chapter.4}{\376\377\000E\000r\000r\000o\000r}{}
\BOOKMARK [0][-]{chapter.5}{\376\377\000M\000o\000d\000u\000l\000e\000\040\000I\000n\000d\000e\000x}{}
\BOOKMARK [1][-]{section.5.1}{\376\377\000M\000o\000d\000u\000l\000e\000s}{chapter.5}
\BOOKMARK [0][-]{chapter.6}{\376\377\000D\000a\000t\000a\000\040\000S\000t\000r\000u\000c\000t\000u\000r\000e\000\040\000I\000n\000d\000e\000x}{}
\BOOKMARK [1][-]{section.6.1}{\376\377\000D\000a\000t\000a\000\040\000S\000t\000r\000u\000c\000t\000u\000r\000e\000s}{chapter.6}
\BOOKMARK [0][-]{chapter.7}{\376\377\000M\000o\000d\000u\000l\000e\000\040\000D\000o\000c\000u\000m\000e\000n\000t\000a\000t\000i\000o\000n}{}
\BOOKMARK [1][-]{section.7.1}{\376\377\000K\000D\000B\000\040\000B\000a\000c\000k\000e\000n\000d\000s\000\040\000:\000:\000\040\000I\000n\000t\000e\000r\000n\000a\000l\000\040\000H\000e\000l\000p\000e\000r\000\040\000f\000o\000r\000\040\000E\000l\000e\000k\000t\000r\000a}{chapter.7}
\BOOKMARK [2][-]{subsection.7.1.1}{\376\377\000D\000e\000t\000a\000i\000l\000e\000d\000\040\000D\000e\000s\000c\000r\000i\000p\000t\000i\000o\000n}{section.7.1}
\BOOKMARK [2][-]{subsection.7.1.2}{\376\377\000F\000u\000n\000c\000t\000i\000o\000n\000\040\000D\000o\000c\000u\000m\000e\000n\000t\000a\000t\000i\000o\000n}{section.7.1}
\BOOKMARK [3][-]{subsubsection.7.1.2.1}{\376\377\000e\000l\000e\000k\000t\000r\000a\000F\000r\000e\000e}{subsection.7.1.2}
\BOOKMARK [3][-]{subsubsection.7.1.2.2}{\376\377\000e\000l\000e\000k\000t\000r\000a\000R\000e\000a\000l\000l\000o\000c}{subsection.7.1.2}
\BOOKMARK [3][-]{subsubsection.7.1.2.3}{\376\377\000e\000l\000e\000k\000t\000r\000a\000S\000t\000r\000C\000a\000s\000e\000C\000m\000p}{subsection.7.1.2}
\BOOKMARK [3][-]{subsubsection.7.1.2.4}{\376\377\000e\000l\000e\000k\000t\000r\000a\000S\000t\000r\000C\000m\000p}{subsection.7.1.2}
\BOOKMARK [3][-]{subsubsection.7.1.2.5}{\376\377\000e\000l\000e\000k\000t\000r\000a\000S\000t\000r\000D\000u\000p}{subsection.7.1.2}
\BOOKMARK [3][-]{subsubsection.7.1.2.6}{\376\377\000e\000l\000e\000k\000t\000r\000a\000S\000t\000r\000L\000e\000n}{subsection.7.1.2}
\BOOKMARK [3][-]{subsubsection.7.1.2.7}{\376\377\000e\000l\000e\000k\000t\000r\000a\000S\000t\000r\000N\000D\000u\000p}{subsection.7.1.2}
\BOOKMARK [1][-]{section.7.2}{\376\377\000K\000D\000B\000\040\000:\000:\000\040\000L\000o\000w\000\040\000L\000e\000v\000e\000l\000\040\000M\000e\000t\000h\000o\000d\000s}{chapter.7}
\BOOKMARK [2][-]{subsection.7.2.1}{\376\377\000D\000e\000t\000a\000i\000l\000e\000d\000\040\000D\000e\000s\000c\000r\000i\000p\000t\000i\000o\000n}{section.7.2}
\BOOKMARK [2][-]{subsection.7.2.2}{\376\377\000E\000n\000u\000m\000e\000r\000a\000t\000i\000o\000n\000\040\000T\000y\000p\000e\000\040\000D\000o\000c\000u\000m\000e\000n\000t\000a\000t\000i\000o\000n}{section.7.2}
\BOOKMARK [3][-]{subsubsection.7.2.2.1}{\376\377\000o\000p\000t\000i\000o\000n\000\137\000t}{subsection.7.2.2}
\BOOKMARK [2][-]{subsection.7.2.3}{\376\377\000F\000u\000n\000c\000t\000i\000o\000n\000\040\000D\000o\000c\000u\000m\000e\000n\000t\000a\000t\000i\000o\000n}{section.7.2}
\BOOKMARK [3][-]{subsubsection.7.2.3.1}{\376\377\000k\000d\000b\000C\000l\000o\000s\000e}{subsection.7.2.3}
\BOOKMARK [3][-]{subsubsection.7.2.3.2}{\376\377\000k\000d\000b\000G\000e\000t}{subsection.7.2.3}
\BOOKMARK [2][-]{subsection.7.2.4}{\376\377\000E\000x\000a\000m\000p\000l\000e}{section.7.2}
\BOOKMARK [2][-]{subsection.7.2.5}{\376\377\000D\000e\000t\000a\000i\000l\000s}{section.7.2}
\BOOKMARK [2][-]{subsection.7.2.6}{\376\377\000U\000p\000d\000a\000t\000i\000n\000g}{section.7.2}
\BOOKMARK [3][-]{subsubsection.7.2.6.1}{\376\377\000k\000d\000b\000O\000p\000e\000n}{subsection.7.2.6}
\BOOKMARK [3][-]{subsubsection.7.2.6.2}{\376\377\000k\000d\000b\000S\000e\000t}{subsection.7.2.6}
\BOOKMARK [2][-]{subsection.7.2.7}{\376\377\000p\000a\000r\000e\000n\000t\000K\000e\000y}{section.7.2}
\BOOKMARK [2][-]{subsection.7.2.8}{\376\377\000U\000p\000d\000a\000t\000e}{section.7.2}
\BOOKMARK [2][-]{subsection.7.2.9}{\376\377\000E\000r\000r\000o\000r\000\040\000S\000i\000t\000u\000a\000t\000i\000o\000n\000s}{section.7.2}
\BOOKMARK [1][-]{section.7.3}{\376\377\000K\000e\000y\000\040\000:\000:\000\040\000B\000a\000s\000i\000c\000\040\000M\000e\000t\000h\000o\000d\000s}{chapter.7}
\BOOKMARK [2][-]{subsection.7.3.1}{\376\377\000D\000e\000t\000a\000i\000l\000e\000d\000\040\000D\000e\000s\000c\000r\000i\000p\000t\000i\000o\000n}{section.7.3}
\BOOKMARK [2][-]{subsection.7.3.2}{\376\377\000E\000n\000u\000m\000e\000r\000a\000t\000i\000o\000n\000\040\000T\000y\000p\000e\000\040\000D\000o\000c\000u\000m\000e\000n\000t\000a\000t\000i\000o\000n}{section.7.3}
\BOOKMARK [3][-]{subsubsection.7.3.2.1}{\376\377\000k\000e\000y\000s\000w\000i\000t\000c\000h\000\137\000t}{subsection.7.3.2}
\BOOKMARK [2][-]{subsection.7.3.3}{\376\377\000F\000u\000n\000c\000t\000i\000o\000n\000\040\000D\000o\000c\000u\000m\000e\000n\000t\000a\000t\000i\000o\000n}{section.7.3}
\BOOKMARK [3][-]{subsubsection.7.3.3.1}{\376\377\000k\000e\000y\000C\000o\000p\000y}{subsection.7.3.3}
\BOOKMARK [3][-]{subsubsection.7.3.3.2}{\376\377\000k\000e\000y\000D\000e\000c\000R\000e\000f}{subsection.7.3.3}
\BOOKMARK [3][-]{subsubsection.7.3.3.3}{\376\377\000k\000e\000y\000D\000e\000l}{subsection.7.3.3}
\BOOKMARK [3][-]{subsubsection.7.3.3.4}{\376\377\000k\000e\000y\000D\000u\000p}{subsection.7.3.3}
\BOOKMARK [3][-]{subsubsection.7.3.3.5}{\376\377\000k\000e\000y\000G\000e\000t\000R\000e\000f}{subsection.7.3.3}
\BOOKMARK [3][-]{subsubsection.7.3.3.6}{\376\377\000k\000e\000y\000I\000n\000c\000R\000e\000f}{subsection.7.3.3}
\BOOKMARK [3][-]{subsubsection.7.3.3.7}{\376\377\000k\000e\000y\000N\000e\000w}{subsection.7.3.3}
\BOOKMARK [1][-]{section.7.4}{\376\377\000K\000e\000y\000\040\000:\000:\000\040\000M\000e\000t\000a\000\040\000I\000n\000f\000o\000\040\000M\000a\000n\000i\000p\000u\000l\000a\000t\000i\000o\000n\000\040\000M\000e\000t\000h\000o\000d\000s}{chapter.7}
\BOOKMARK [2][-]{subsection.7.4.1}{\376\377\000D\000e\000t\000a\000i\000l\000e\000d\000\040\000D\000e\000s\000c\000r\000i\000p\000t\000i\000o\000n}{section.7.4}
\BOOKMARK [2][-]{subsection.7.4.2}{\376\377\000F\000u\000n\000c\000t\000i\000o\000n\000\040\000D\000o\000c\000u\000m\000e\000n\000t\000a\000t\000i\000o\000n}{section.7.4}
\BOOKMARK [3][-]{subsubsection.7.4.2.1}{\376\377\000k\000e\000y\000C\000o\000p\000y\000A\000l\000l\000M\000e\000t\000a}{subsection.7.4.2}
\BOOKMARK [3][-]{subsubsection.7.4.2.2}{\376\377\000k\000e\000y\000C\000o\000p\000y\000M\000e\000t\000a}{subsection.7.4.2}
\BOOKMARK [3][-]{subsubsection.7.4.2.3}{\376\377\000k\000e\000y\000C\000u\000r\000r\000e\000n\000t\000M\000e\000t\000a}{subsection.7.4.2}
\BOOKMARK [3][-]{subsubsection.7.4.2.4}{\376\377\000k\000e\000y\000G\000e\000t\000A\000T\000i\000m\000e}{subsection.7.4.2}
\BOOKMARK [3][-]{subsubsection.7.4.2.5}{\376\377\000k\000e\000y\000G\000e\000t\000C\000T\000i\000m\000e}{subsection.7.4.2}
\BOOKMARK [3][-]{subsubsection.7.4.2.6}{\376\377\000k\000e\000y\000G\000e\000t\000G\000I\000D}{subsection.7.4.2}
\BOOKMARK [2][-]{subsection.7.4.3}{\376\377\000G\000I\000D}{section.7.4}
\BOOKMARK [3][-]{subsubsection.7.4.3.1}{\376\377\000k\000e\000y\000G\000e\000t\000M\000e\000t\000a}{subsection.7.4.3}
\BOOKMARK [3][-]{subsubsection.7.4.3.2}{\376\377\000k\000e\000y\000G\000e\000t\000M\000o\000d\000e}{subsection.7.4.3}
\BOOKMARK [3][-]{subsubsection.7.4.3.3}{\376\377\000k\000e\000y\000G\000e\000t\000M\000T\000i\000m\000e}{subsection.7.4.3}
\BOOKMARK [3][-]{subsubsection.7.4.3.4}{\376\377\000k\000e\000y\000G\000e\000t\000U\000I\000D}{subsection.7.4.3}
\BOOKMARK [2][-]{subsection.7.4.4}{\376\377\000U\000I\000D}{section.7.4}
\BOOKMARK [3][-]{subsubsection.7.4.4.1}{\376\377\000k\000e\000y\000N\000e\000x\000t\000M\000e\000t\000a}{subsection.7.4.4}
\BOOKMARK [3][-]{subsubsection.7.4.4.2}{\376\377\000k\000e\000y\000R\000e\000w\000i\000n\000d\000M\000e\000t\000a}{subsection.7.4.4}
\BOOKMARK [3][-]{subsubsection.7.4.4.3}{\376\377\000k\000e\000y\000S\000e\000t\000A\000T\000i\000m\000e}{subsection.7.4.4}
\BOOKMARK [3][-]{subsubsection.7.4.4.4}{\376\377\000k\000e\000y\000S\000e\000t\000C\000T\000i\000m\000e}{subsection.7.4.4}
\BOOKMARK [3][-]{subsubsection.7.4.4.5}{\376\377\000k\000e\000y\000S\000e\000t\000D\000i\000r}{subsection.7.4.4}
\BOOKMARK [3][-]{subsubsection.7.4.4.6}{\376\377\000k\000e\000y\000S\000e\000t\000G\000I\000D}{subsection.7.4.4}
\BOOKMARK [3][-]{subsubsection.7.4.4.7}{\376\377\000k\000e\000y\000S\000e\000t\000M\000e\000t\000a}{subsection.7.4.4}
\BOOKMARK [3][-]{subsubsection.7.4.4.8}{\376\377\000k\000e\000y\000S\000e\000t\000M\000o\000d\000e}{subsection.7.4.4}
\BOOKMARK [2][-]{subsection.7.4.5}{\376\377\000M\000o\000d\000e\000s}{section.7.4}
\BOOKMARK [3][-]{subsubsection.7.4.5.1}{\376\377\000k\000e\000y\000S\000e\000t\000M\000T\000i\000m\000e}{subsection.7.4.5}
\BOOKMARK [3][-]{subsubsection.7.4.5.2}{\376\377\000k\000e\000y\000S\000e\000t\000U\000I\000D}{subsection.7.4.5}
\BOOKMARK [1][-]{section.7.5}{\376\377\000K\000e\000y\000\040\000:\000:\000\040\000N\000a\000m\000e\000\040\000M\000a\000n\000i\000p\000u\000l\000a\000t\000i\000o\000n\000\040\000M\000e\000t\000h\000o\000d\000s}{chapter.7}
\BOOKMARK [2][-]{subsection.7.5.1}{\376\377\000D\000e\000t\000a\000i\000l\000e\000d\000\040\000D\000e\000s\000c\000r\000i\000p\000t\000i\000o\000n}{section.7.5}
\BOOKMARK [2][-]{subsection.7.5.2}{\376\377\000F\000u\000n\000c\000t\000i\000o\000n\000\040\000D\000o\000c\000u\000m\000e\000n\000t\000a\000t\000i\000o\000n}{section.7.5}
\BOOKMARK [3][-]{subsubsection.7.5.2.1}{\376\377\000k\000e\000y\000A\000d\000d\000B\000a\000s\000e\000N\000a\000m\000e}{subsection.7.5.2}
\BOOKMARK [3][-]{subsubsection.7.5.2.2}{\376\377\000k\000e\000y\000B\000a\000s\000e\000N\000a\000m\000e}{subsection.7.5.2}
\BOOKMARK [3][-]{subsubsection.7.5.2.3}{\376\377\000k\000e\000y\000G\000e\000t\000B\000a\000s\000e\000N\000a\000m\000e}{subsection.7.5.2}
\BOOKMARK [3][-]{subsubsection.7.5.2.4}{\376\377\000k\000e\000y\000G\000e\000t\000B\000a\000s\000e\000N\000a\000m\000e\000S\000i\000z\000e}{subsection.7.5.2}
\BOOKMARK [3][-]{subsubsection.7.5.2.5}{\376\377\000k\000e\000y\000G\000e\000t\000F\000u\000l\000l\000N\000a\000m\000e}{subsection.7.5.2}
\BOOKMARK [3][-]{subsubsection.7.5.2.6}{\376\377\000k\000e\000y\000G\000e\000t\000F\000u\000l\000l\000N\000a\000m\000e\000S\000i\000z\000e}{subsection.7.5.2}
\BOOKMARK [3][-]{subsubsection.7.5.2.7}{\376\377\000k\000e\000y\000G\000e\000t\000N\000a\000m\000e}{subsection.7.5.2}
\BOOKMARK [3][-]{subsubsection.7.5.2.8}{\376\377\000k\000e\000y\000G\000e\000t\000N\000a\000m\000e\000S\000i\000z\000e}{subsection.7.5.2}
\BOOKMARK [3][-]{subsubsection.7.5.2.9}{\376\377\000k\000e\000y\000G\000e\000t\000O\000w\000n\000e\000r}{subsection.7.5.2}
\BOOKMARK [3][-]{subsubsection.7.5.2.10}{\376\377\000k\000e\000y\000G\000e\000t\000O\000w\000n\000e\000r\000S\000i\000z\000e}{subsection.7.5.2}
\BOOKMARK [3][-]{subsubsection.7.5.2.11}{\376\377\000k\000e\000y\000N\000a\000m\000e}{subsection.7.5.2}
\BOOKMARK [3][-]{subsubsection.7.5.2.12}{\376\377\000k\000e\000y\000O\000w\000n\000e\000r}{subsection.7.5.2}
\BOOKMARK [3][-]{subsubsection.7.5.2.13}{\376\377\000k\000e\000y\000S\000e\000t\000B\000a\000s\000e\000N\000a\000m\000e}{subsection.7.5.2}
\BOOKMARK [3][-]{subsubsection.7.5.2.14}{\376\377\000k\000e\000y\000S\000e\000t\000N\000a\000m\000e}{subsection.7.5.2}
\BOOKMARK [3][-]{subsubsection.7.5.2.15}{\376\377\000k\000e\000y\000S\000e\000t\000O\000w\000n\000e\000r}{subsection.7.5.2}
\BOOKMARK [1][-]{section.7.6}{\376\377\000K\000e\000y\000S\000e\000t\000\040\000:\000:\000\040\000C\000l\000a\000s\000s\000\040\000M\000e\000t\000h\000o\000d\000s}{chapter.7}
\BOOKMARK [2][-]{subsection.7.6.1}{\376\377\000D\000e\000t\000a\000i\000l\000e\000d\000\040\000D\000e\000s\000c\000r\000i\000p\000t\000i\000o\000n}{section.7.6}
\BOOKMARK [2][-]{subsection.7.6.2}{\376\377\000F\000u\000n\000c\000t\000i\000o\000n\000\040\000D\000o\000c\000u\000m\000e\000n\000t\000a\000t\000i\000o\000n}{section.7.6}
\BOOKMARK [3][-]{subsubsection.7.6.2.1}{\376\377\000k\000s\000A\000p\000p\000e\000n\000d}{subsection.7.6.2}
\BOOKMARK [3][-]{subsubsection.7.6.2.2}{\376\377\000k\000s\000A\000p\000p\000e\000n\000d\000K\000e\000y}{subsection.7.6.2}
\BOOKMARK [3][-]{subsubsection.7.6.2.3}{\376\377\000k\000s\000C\000o\000p\000y}{subsection.7.6.2}
\BOOKMARK [3][-]{subsubsection.7.6.2.4}{\376\377\000k\000s\000C\000o\000p\000y\000I\000n\000t\000e\000r\000n\000a\000l}{subsection.7.6.2}
\BOOKMARK [3][-]{subsubsection.7.6.2.5}{\376\377\000k\000s\000C\000u\000r\000r\000e\000n\000t}{subsection.7.6.2}
\BOOKMARK [3][-]{subsubsection.7.6.2.6}{\376\377\000k\000s\000C\000u\000t}{subsection.7.6.2}
\BOOKMARK [3][-]{subsubsection.7.6.2.7}{\376\377\000k\000s\000D\000e\000l}{subsection.7.6.2}
\BOOKMARK [3][-]{subsubsection.7.6.2.8}{\376\377\000k\000s\000D\000u\000p}{subsection.7.6.2}
\BOOKMARK [3][-]{subsubsection.7.6.2.9}{\376\377\000k\000s\000G\000e\000t\000C\000u\000r\000s\000o\000r}{subsection.7.6.2}
\BOOKMARK [2][-]{subsection.7.6.3}{\376\377\000R\000e\000a\000d\000\040\000a\000h\000e\000a\000d}{section.7.6}
\BOOKMARK [2][-]{subsection.7.6.4}{\376\377\000R\000e\000s\000t\000o\000r\000i\000n\000g\000\040\000s\000t\000a\000t\000e}{section.7.6}
\BOOKMARK [3][-]{subsubsection.7.6.4.1}{\376\377\000k\000s\000G\000e\000t\000S\000i\000z\000e}{subsection.7.6.4}
\BOOKMARK [3][-]{subsubsection.7.6.4.2}{\376\377\000k\000s\000H\000e\000a\000d}{subsection.7.6.4}
\BOOKMARK [3][-]{subsubsection.7.6.4.3}{\376\377\000k\000s\000L\000o\000o\000k\000u\000p}{subsection.7.6.4}
\BOOKMARK [2][-]{subsection.7.6.5}{\376\377\000I\000n\000t\000r\000o\000d\000u\000c\000t\000i\000o\000n}{section.7.6}
\BOOKMARK [2][-]{subsection.7.6.6}{\376\377\000U\000s\000a\000g\000e}{section.7.6}
\BOOKMARK [3][-]{subsubsection.7.6.6.1}{\376\377\000K\000D\000B\000\137\000O\000\137\000N\000O\000A\000L\000L}{subsection.7.6.6}
\BOOKMARK [3][-]{subsubsection.7.6.6.2}{\376\377\000K\000D\000B\000\137\000O\000\137\000P\000O\000P}{subsection.7.6.6}
\BOOKMARK [3][-]{subsubsection.7.6.6.3}{\376\377\000k\000s\000L\000o\000o\000k\000u\000p\000B\000y\000N\000a\000m\000e}{subsection.7.6.6}
\BOOKMARK [2][-]{subsection.7.6.7}{\376\377\000C\000a\000s\000c\000a\000d\000i\000n\000g}{section.7.6}
\BOOKMARK [2][-]{subsection.7.6.8}{\376\377\000F\000u\000l\000l\000\040\000S\000e\000a\000r\000c\000h}{section.7.6}
\BOOKMARK [3][-]{subsubsection.7.6.8.1}{\376\377\000k\000s\000N\000e\000e\000d\000S\000y\000n\000c}{subsection.7.6.8}
\BOOKMARK [3][-]{subsubsection.7.6.8.2}{\376\377\000k\000s\000N\000e\000w}{subsection.7.6.8}
\BOOKMARK [3][-]{subsubsection.7.6.8.3}{\376\377\000k\000s\000N\000e\000x\000t}{subsection.7.6.8}
\BOOKMARK [3][-]{subsubsection.7.6.8.4}{\376\377\000k\000s\000P\000o\000p}{subsection.7.6.8}
\BOOKMARK [3][-]{subsubsection.7.6.8.5}{\376\377\000k\000s\000R\000e\000w\000i\000n\000d}{subsection.7.6.8}
\BOOKMARK [3][-]{subsubsection.7.6.8.6}{\376\377\000k\000s\000S\000e\000a\000r\000c\000h\000I\000n\000t\000e\000r\000n\000a\000l}{subsection.7.6.8}
\BOOKMARK [3][-]{subsubsection.7.6.8.7}{\376\377\000k\000s\000S\000e\000t\000C\000u\000r\000s\000o\000r}{subsection.7.6.8}
\BOOKMARK [3][-]{subsubsection.7.6.8.8}{\376\377\000k\000s\000T\000a\000i\000l}{subsection.7.6.8}
\BOOKMARK [1][-]{section.7.7}{\376\377\000K\000e\000y\000\040\000:\000:\000\040\000M\000e\000t\000h\000o\000d\000s\000\040\000f\000o\000r\000\040\000M\000a\000k\000i\000n\000g\000\040\000T\000e\000s\000t\000s}{chapter.7}
\BOOKMARK [2][-]{subsection.7.7.1}{\376\377\000D\000e\000t\000a\000i\000l\000e\000d\000\040\000D\000e\000s\000c\000r\000i\000p\000t\000i\000o\000n}{section.7.7}
\BOOKMARK [2][-]{subsection.7.7.2}{\376\377\000F\000u\000n\000c\000t\000i\000o\000n\000\040\000D\000o\000c\000u\000m\000e\000n\000t\000a\000t\000i\000o\000n}{section.7.7}
\BOOKMARK [3][-]{subsubsection.7.7.2.1}{\376\377\000k\000e\000y\000C\000l\000e\000a\000r\000S\000y\000n\000c}{subsection.7.7.2}
\BOOKMARK [3][-]{subsubsection.7.7.2.2}{\376\377\000k\000e\000y\000C\000m\000p}{subsection.7.7.2}
\BOOKMARK [3][-]{subsubsection.7.7.2.3}{\376\377\000k\000e\000y\000C\000o\000m\000p\000a\000r\000e}{subsection.7.7.2}
\BOOKMARK [3][-]{subsubsection.7.7.2.4}{\376\377\000k\000e\000y\000I\000s\000B\000e\000l\000o\000w}{subsection.7.7.2}
\BOOKMARK [3][-]{subsubsection.7.7.2.5}{\376\377\000k\000e\000y\000I\000s\000B\000i\000n\000a\000r\000y}{subsection.7.7.2}
\BOOKMARK [3][-]{subsubsection.7.7.2.6}{\376\377\000k\000e\000y\000I\000s\000D\000i\000r}{subsection.7.7.2}
\BOOKMARK [3][-]{subsubsection.7.7.2.7}{\376\377\000k\000e\000y\000I\000s\000D\000i\000r\000e\000c\000t\000B\000e\000l\000o\000w}{subsection.7.7.2}
\BOOKMARK [3][-]{subsubsection.7.7.2.8}{\376\377\000k\000e\000y\000I\000s\000I\000n\000a\000c\000t\000i\000v\000e}{subsection.7.7.2}
\BOOKMARK [3][-]{subsubsection.7.7.2.9}{\376\377\000k\000e\000y\000I\000s\000S\000t\000r\000i\000n\000g}{subsection.7.7.2}
\BOOKMARK [3][-]{subsubsection.7.7.2.10}{\376\377\000k\000e\000y\000I\000s\000S\000y\000s\000t\000e\000m}{subsection.7.7.2}
\BOOKMARK [3][-]{subsubsection.7.7.2.11}{\376\377\000k\000e\000y\000I\000s\000U\000s\000e\000r}{subsection.7.7.2}
\BOOKMARK [3][-]{subsubsection.7.7.2.12}{\376\377\000k\000e\000y\000N\000e\000e\000d\000S\000y\000n\000c}{subsection.7.7.2}
\BOOKMARK [3][-]{subsubsection.7.7.2.13}{\376\377\000k\000e\000y\000R\000e\000l}{subsection.7.7.2}
\BOOKMARK [1][-]{section.7.8}{\376\377\000K\000e\000y\000\040\000:\000:\000\040\000V\000a\000l\000u\000e\000\040\000M\000a\000n\000i\000p\000u\000l\000a\000t\000i\000o\000n\000\040\000M\000e\000t\000h\000o\000d\000s}{chapter.7}
\BOOKMARK [2][-]{subsection.7.8.1}{\376\377\000D\000e\000t\000a\000i\000l\000e\000d\000\040\000D\000e\000s\000c\000r\000i\000p\000t\000i\000o\000n}{section.7.8}
\BOOKMARK [2][-]{subsection.7.8.2}{\376\377\000F\000u\000n\000c\000t\000i\000o\000n\000\040\000D\000o\000c\000u\000m\000e\000n\000t\000a\000t\000i\000o\000n}{section.7.8}
\BOOKMARK [3][-]{subsubsection.7.8.2.1}{\376\377\000k\000e\000y\000C\000o\000m\000m\000e\000n\000t}{subsection.7.8.2}
\BOOKMARK [3][-]{subsubsection.7.8.2.2}{\376\377\000k\000e\000y\000G\000e\000t\000B\000i\000n\000a\000r\000y}{subsection.7.8.2}
\BOOKMARK [3][-]{subsubsection.7.8.2.3}{\376\377\000k\000e\000y\000G\000e\000t\000C\000o\000m\000m\000e\000n\000t}{subsection.7.8.2}
\BOOKMARK [2][-]{subsection.7.8.3}{\376\377\000C\000o\000m\000m\000e\000n\000t\000s}{section.7.8}
\BOOKMARK [3][-]{subsubsection.7.8.3.1}{\376\377\000k\000e\000y\000G\000e\000t\000C\000o\000m\000m\000e\000n\000t\000S\000i\000z\000e}{subsection.7.8.3}
\BOOKMARK [3][-]{subsubsection.7.8.3.2}{\376\377\000k\000e\000y\000G\000e\000t\000S\000t\000r\000i\000n\000g}{subsection.7.8.3}
\BOOKMARK [3][-]{subsubsection.7.8.3.3}{\376\377\000k\000e\000y\000G\000e\000t\000V\000a\000l\000u\000e\000S\000i\000z\000e}{subsection.7.8.3}
\BOOKMARK [3][-]{subsubsection.7.8.3.4}{\376\377\000k\000e\000y\000S\000e\000t\000B\000i\000n\000a\000r\000y}{subsection.7.8.3}
\BOOKMARK [3][-]{subsubsection.7.8.3.5}{\376\377\000k\000e\000y\000S\000e\000t\000C\000o\000m\000m\000e\000n\000t}{subsection.7.8.3}
\BOOKMARK [3][-]{subsubsection.7.8.3.6}{\376\377\000k\000e\000y\000S\000e\000t\000S\000t\000r\000i\000n\000g}{subsection.7.8.3}
\BOOKMARK [3][-]{subsubsection.7.8.3.7}{\376\377\000k\000e\000y\000V\000a\000l\000u\000e}{subsection.7.8.3}
\BOOKMARK [2][-]{subsection.7.8.4}{\376\377\000S\000t\000r\000i\000n\000g\000\040\000H\000a\000n\000d\000l\000i\000n\000g}{section.7.8}
\BOOKMARK [2][-]{subsection.7.8.5}{\376\377\000B\000i\000n\000a\000r\000y\000\040\000D\000a\000t\000a\000\040\000H\000a\000n\000d\000l\000i\000n\000g}{section.7.8}
\BOOKMARK [1][-]{section.7.9}{\376\377\000I\000n\000t\000e\000r\000f\000a\000c\000e\000\040\000f\000o\000r\000\040\000m\000o\000u\000n\000t\000i\000n\000g\000\040\000b\000a\000c\000k\000e\000n\000d\000s}{chapter.7}
\BOOKMARK [2][-]{subsection.7.9.1}{\376\377\000F\000u\000n\000c\000t\000i\000o\000n\000\040\000D\000o\000c\000u\000m\000e\000n\000t\000a\000t\000i\000o\000n}{section.7.9}
\BOOKMARK [3][-]{subsubsection.7.9.1.1}{\376\377\000e\000l\000e\000k\000t\000r\000a\000M\000o\000u\000n\000t\000B\000a\000c\000k\000e\000n\000d}{subsection.7.9.1}
\BOOKMARK [3][-]{subsubsection.7.9.1.2}{\376\377\000e\000l\000e\000k\000t\000r\000a\000M\000o\000u\000n\000t\000D\000e\000f\000a\000u\000l\000t}{subsection.7.9.1}
\BOOKMARK [3][-]{subsubsection.7.9.1.3}{\376\377\000e\000l\000e\000k\000t\000r\000a\000M\000o\000u\000n\000t\000G\000e\000t\000B\000a\000c\000k\000e\000n\000d}{subsection.7.9.1}
\BOOKMARK [3][-]{subsubsection.7.9.1.4}{\376\377\000e\000l\000e\000k\000t\000r\000a\000M\000o\000u\000n\000t\000G\000e\000t\000M\000o\000u\000n\000t\000p\000o\000i\000n\000t}{subsection.7.9.1}
\BOOKMARK [3][-]{subsubsection.7.9.1.5}{\376\377\000e\000l\000e\000k\000t\000r\000a\000M\000o\000u\000n\000t\000M\000o\000d\000u\000l\000e\000s}{subsection.7.9.1}
\BOOKMARK [3][-]{subsubsection.7.9.1.6}{\376\377\000e\000l\000e\000k\000t\000r\000a\000M\000o\000u\000n\000t\000O\000p\000e\000n}{subsection.7.9.1}
\BOOKMARK [3][-]{subsubsection.7.9.1.7}{\376\377\000e\000l\000e\000k\000t\000r\000a\000M\000o\000u\000n\000t\000V\000e\000r\000s\000i\000o\000n}{subsection.7.9.1}
\BOOKMARK [1][-]{section.7.10}{\376\377\000S\000p\000l\000i\000t\000\040\000:\000:\000\040\000R\000e\000p\000r\000e\000s\000e\000n\000t\000s\000\040\000s\000p\000l\000i\000t\000t\000e\000d\000\040\000k\000e\000y\000s\000e\000t\000s}{chapter.7}
\BOOKMARK [2][-]{subsection.7.10.1}{\376\377\000D\000e\000t\000a\000i\000l\000e\000d\000\040\000D\000e\000s\000c\000r\000i\000p\000t\000i\000o\000n}{section.7.10}
\BOOKMARK [2][-]{subsection.7.10.2}{\376\377\000F\000u\000n\000c\000t\000i\000o\000n\000\040\000D\000o\000c\000u\000m\000e\000n\000t\000a\000t\000i\000o\000n}{section.7.10}
\BOOKMARK [3][-]{subsubsection.7.10.2.1}{\376\377\000e\000l\000e\000k\000t\000r\000a\000S\000p\000l\000i\000t\000A\000p\000p\000e\000n\000d}{subsection.7.10.2}
\BOOKMARK [3][-]{subsubsection.7.10.2.2}{\376\377\000e\000l\000e\000k\000t\000r\000a\000S\000p\000l\000i\000t\000A\000p\000p\000o\000i\000n\000t}{subsection.7.10.2}
\BOOKMARK [3][-]{subsubsection.7.10.2.3}{\376\377\000e\000l\000e\000k\000t\000r\000a\000S\000p\000l\000i\000t\000B\000u\000i\000l\000d\000u\000p}{subsection.7.10.2}
\BOOKMARK [3][-]{subsubsection.7.10.2.4}{\376\377\000e\000l\000e\000k\000t\000r\000a\000S\000p\000l\000i\000t\000D\000e\000l}{subsection.7.10.2}
\BOOKMARK [3][-]{subsubsection.7.10.2.5}{\376\377\000e\000l\000e\000k\000t\000r\000a\000S\000p\000l\000i\000t\000D\000i\000v\000i\000d\000e}{subsection.7.10.2}
\BOOKMARK [3][-]{subsubsection.7.10.2.6}{\376\377\000e\000l\000e\000k\000t\000r\000a\000S\000p\000l\000i\000t\000G\000e\000t}{subsection.7.10.2}
\BOOKMARK [3][-]{subsubsection.7.10.2.7}{\376\377\000e\000l\000e\000k\000t\000r\000a\000S\000p\000l\000i\000t\000M\000e\000r\000g\000e}{subsection.7.10.2}
\BOOKMARK [3][-]{subsubsection.7.10.2.8}{\376\377\000e\000l\000e\000k\000t\000r\000a\000S\000p\000l\000i\000t\000N\000e\000w}{subsection.7.10.2}
\BOOKMARK [3][-]{subsubsection.7.10.2.9}{\376\377\000e\000l\000e\000k\000t\000r\000a\000S\000p\000l\000i\000t\000P\000r\000e\000p\000a\000r\000e}{subsection.7.10.2}
\BOOKMARK [3][-]{subsubsection.7.10.2.10}{\376\377\000e\000l\000e\000k\000t\000r\000a\000S\000p\000l\000i\000t\000R\000e\000s\000i\000z\000e}{subsection.7.10.2}
\BOOKMARK [3][-]{subsubsection.7.10.2.11}{\376\377\000e\000l\000e\000k\000t\000r\000a\000S\000p\000l\000i\000t\000S\000e\000a\000r\000c\000h\000B\000a\000c\000k\000e\000n\000d}{subsection.7.10.2}
\BOOKMARK [3][-]{subsubsection.7.10.2.12}{\376\377\000e\000l\000e\000k\000t\000r\000a\000S\000p\000l\000i\000t\000S\000e\000a\000r\000c\000h\000R\000o\000o\000t}{subsection.7.10.2}
\BOOKMARK [3][-]{subsubsection.7.10.2.13}{\376\377\000e\000l\000e\000k\000t\000r\000a\000S\000p\000l\000i\000t\000S\000y\000n\000c}{subsection.7.10.2}
\BOOKMARK [1][-]{section.7.11}{\376\377\000I\000n\000t\000e\000r\000n\000a\000l\000\040\000D\000a\000t\000a\000s\000t\000r\000u\000c\000t\000u\000r\000e\000\040\000f\000o\000r\000\040\000m\000o\000u\000n\000t\000p\000o\000i\000n\000t\000s}{chapter.7}
\BOOKMARK [2][-]{subsection.7.11.1}{\376\377\000F\000u\000n\000c\000t\000i\000o\000n\000\040\000D\000o\000c\000u\000m\000e\000n\000t\000a\000t\000i\000o\000n}{section.7.11}
\BOOKMARK [3][-]{subsubsection.7.11.1.1}{\376\377\000e\000l\000e\000k\000t\000r\000a\000T\000r\000i\000e\000C\000l\000o\000s\000e}{subsection.7.11.1}
\BOOKMARK [3][-]{subsubsection.7.11.1.2}{\376\377\000e\000l\000e\000k\000t\000r\000a\000T\000r\000i\000e\000L\000o\000o\000k\000u\000p}{subsection.7.11.1}
\BOOKMARK [1][-]{section.7.12}{\376\377\000P\000l\000u\000g\000i\000n\000s\000\040\000:\000:\000\040\000E\000l\000e\000k\000t\000r\000a\000\040\000f\000r\000a\000m\000e\000w\000o\000r\000k\000\040\000f\000o\000r\000\040\000p\000l\000u\000g\000i\000n\000s}{chapter.7}
\BOOKMARK [2][-]{subsection.7.12.1}{\376\377\000D\000e\000t\000a\000i\000l\000e\000d\000\040\000D\000e\000s\000c\000r\000i\000p\000t\000i\000o\000n}{section.7.12}
\BOOKMARK [2][-]{subsection.7.12.2}{\376\377\000I\000n\000t\000r\000o\000d\000u\000c\000t\000i\000o\000n}{section.7.12}
\BOOKMARK [3][-]{subsubsection.7.12.2.1}{\376\377\000O\000v\000e\000r\000v\000i\000e\000w}{subsection.7.12.2}
\BOOKMARK [2][-]{subsection.7.12.3}{\376\377\000F\000u\000n\000c\000t\000i\000o\000n\000\040\000D\000o\000c\000u\000m\000e\000n\000t\000a\000t\000i\000o\000n}{section.7.12}
\BOOKMARK [3][-]{subsubsection.7.12.3.1}{\376\377\000E\000L\000E\000K\000T\000R\000A\000\137\000P\000L\000U\000G\000I\000N\000\137\000E\000X\000P\000O\000R\000T}{subsection.7.12.3}
\BOOKMARK [3][-]{subsubsection.7.12.3.2}{\376\377\000e\000l\000e\000k\000t\000r\000a\000D\000o\000c\000C\000l\000o\000s\000e}{subsection.7.12.3}
\BOOKMARK [3][-]{subsubsection.7.12.3.3}{\376\377\000e\000l\000e\000k\000t\000r\000a\000D\000o\000c\000G\000e\000t}{subsection.7.12.3}
\BOOKMARK [2][-]{subsection.7.12.4}{\376\377\000I\000n\000t\000r\000o\000d\000u\000c\000t\000i\000o\000n}{section.7.12}
\BOOKMARK [2][-]{subsection.7.12.5}{\376\377\000C\000o\000n\000d\000i\000t\000i\000o\000n\000s}{section.7.12}
\BOOKMARK [2][-]{subsection.7.12.6}{\376\377\000D\000e\000t\000a\000i\000l\000s}{section.7.12}
\BOOKMARK [2][-]{subsection.7.12.7}{\376\377\000U\000p\000d\000a\000t\000i\000n\000g}{section.7.12}
\BOOKMARK [2][-]{subsection.7.12.8}{\376\377\000o\000n\000l\000y\000\040\000F\000u\000l\000l\000\040\000G\000e\000t}{section.7.12}
\BOOKMARK [3][-]{subsubsection.7.12.8.1}{\376\377\000e\000l\000e\000k\000t\000r\000a\000D\000o\000c\000O\000p\000e\000n}{subsection.7.12.8}
\BOOKMARK [3][-]{subsubsection.7.12.8.2}{\376\377\000e\000l\000e\000k\000t\000r\000a\000D\000o\000c\000S\000e\000t}{subsection.7.12.8}
\BOOKMARK [3][-]{subsubsection.7.12.8.3}{\376\377\000e\000l\000e\000k\000t\000r\000a\000P\000l\000u\000g\000i\000n\000E\000x\000p\000o\000r\000t}{subsection.7.12.8}
\BOOKMARK [3][-]{subsubsection.7.12.8.4}{\376\377\000e\000l\000e\000k\000t\000r\000a\000P\000l\000u\000g\000i\000n\000G\000e\000t\000C\000o\000n\000f\000i\000g}{subsection.7.12.8}
\BOOKMARK [3][-]{subsubsection.7.12.8.5}{\376\377\000e\000l\000e\000k\000t\000r\000a\000P\000l\000u\000g\000i\000n\000G\000e\000t\000D\000a\000t\000a}{subsection.7.12.8}
\BOOKMARK [3][-]{subsubsection.7.12.8.6}{\376\377\000e\000l\000e\000k\000t\000r\000a\000P\000l\000u\000g\000i\000n\000S\000e\000t\000D\000a\000t\000a}{subsection.7.12.8}
\BOOKMARK [1][-]{section.7.13}{\376\377\000E\000l\000e\000k\000t\000r\000a\000\040\000M\000o\000d\000u\000l\000e\000s\000\040\000:\000:\000\040\000E\000l\000e\000k\000t\000r\000a\000\040\000f\000r\000a\000m\000e\000w\000o\000r\000k\000\040\000f\000o\000r\000\040\000l\000o\000a\000d\000i\000n\000g\000\040\000m\000o\000d\000u\000l\000e\000s}{chapter.7}
\BOOKMARK [2][-]{subsection.7.13.1}{\376\377\000D\000e\000t\000a\000i\000l\000e\000d\000\040\000D\000e\000s\000c\000r\000i\000p\000t\000i\000o\000n}{section.7.13}
\BOOKMARK [2][-]{subsection.7.13.2}{\376\377\000F\000u\000n\000c\000t\000i\000o\000n\000\040\000D\000o\000c\000u\000m\000e\000n\000t\000a\000t\000i\000o\000n}{section.7.13}
\BOOKMARK [3][-]{subsubsection.7.13.2.1}{\376\377\000e\000l\000e\000k\000t\000r\000a\000M\000o\000d\000u\000l\000e\000s\000C\000l\000o\000s\000e}{subsection.7.13.2}
\BOOKMARK [3][-]{subsubsection.7.13.2.2}{\376\377\000e\000l\000e\000k\000t\000r\000a\000M\000o\000d\000u\000l\000e\000s\000I\000n\000i\000t}{subsection.7.13.2}
\BOOKMARK [3][-]{subsubsection.7.13.2.3}{\376\377\000e\000l\000e\000k\000t\000r\000a\000M\000o\000d\000u\000l\000e\000s\000L\000o\000a\000d}{subsection.7.13.2}
\BOOKMARK [0][-]{chapter.8}{\376\377\000D\000a\000t\000a\000\040\000S\000t\000r\000u\000c\000t\000u\000r\000e\000\040\000D\000o\000c\000u\000m\000e\000n\000t\000a\000t\000i\000o\000n}{}
\BOOKMARK [1][-]{section.8.1}{\376\377\000\137\000B\000a\000c\000k\000e\000n\000d\000\040\000S\000t\000r\000u\000c\000t\000\040\000R\000e\000f\000e\000r\000e\000n\000c\000e}{chapter.8}
\BOOKMARK [2][-]{subsection.8.1.1}{\376\377\000D\000e\000t\000a\000i\000l\000e\000d\000\040\000D\000e\000s\000c\000r\000i\000p\000t\000i\000o\000n}{section.8.1}
\BOOKMARK [2][-]{subsection.8.1.2}{\376\377\000F\000i\000e\000l\000d\000\040\000D\000o\000c\000u\000m\000e\000n\000t\000a\000t\000i\000o\000n}{section.8.1}
\BOOKMARK [3][-]{subsubsection.8.1.2.1}{\376\377\000m\000o\000u\000n\000t\000p\000o\000i\000n\000t}{subsection.8.1.2}
\BOOKMARK [3][-]{subsubsection.8.1.2.2}{\376\377\000r\000e\000f\000c\000o\000u\000n\000t\000e\000r}{subsection.8.1.2}
\BOOKMARK [3][-]{subsubsection.8.1.2.3}{\376\377\000s\000y\000s\000t\000e\000m\000s\000i\000z\000e}{subsection.8.1.2}
\BOOKMARK [3][-]{subsubsection.8.1.2.4}{\376\377\000u\000s\000e\000r\000s\000i\000z\000e}{subsection.8.1.2}
\BOOKMARK [1][-]{section.8.2}{\376\377\000\137\000K\000D\000B\000\040\000S\000t\000r\000u\000c\000t\000\040\000R\000e\000f\000e\000r\000e\000n\000c\000e}{chapter.8}
\BOOKMARK [2][-]{subsection.8.2.1}{\376\377\000D\000e\000t\000a\000i\000l\000e\000d\000\040\000D\000e\000s\000c\000r\000i\000p\000t\000i\000o\000n}{section.8.2}
\BOOKMARK [2][-]{subsection.8.2.2}{\376\377\000F\000i\000e\000l\000d\000\040\000D\000o\000c\000u\000m\000e\000n\000t\000a\000t\000i\000o\000n}{section.8.2}
\BOOKMARK [3][-]{subsubsection.8.2.2.1}{\376\377\000d\000e\000f\000a\000u\000l\000t\000B\000a\000c\000k\000e\000n\000d}{subsection.8.2.2}
\BOOKMARK [3][-]{subsubsection.8.2.2.2}{\376\377\000m\000o\000d\000u\000l\000e\000s}{subsection.8.2.2}
\BOOKMARK [3][-]{subsubsection.8.2.2.3}{\376\377\000s\000p\000l\000i\000t}{subsection.8.2.2}
\BOOKMARK [3][-]{subsubsection.8.2.2.4}{\376\377\000t\000r\000i\000e}{subsection.8.2.2}
\BOOKMARK [1][-]{section.8.3}{\376\377\000\137\000K\000e\000y\000\040\000S\000t\000r\000u\000c\000t\000\040\000R\000e\000f\000e\000r\000e\000n\000c\000e}{chapter.8}
\BOOKMARK [2][-]{subsection.8.3.1}{\376\377\000D\000e\000t\000a\000i\000l\000e\000d\000\040\000D\000e\000s\000c\000r\000i\000p\000t\000i\000o\000n}{section.8.3}
\BOOKMARK [2][-]{subsection.8.3.2}{\376\377\000F\000i\000e\000l\000d\000\040\000D\000o\000c\000u\000m\000e\000n\000t\000a\000t\000i\000o\000n}{section.8.3}
\BOOKMARK [3][-]{subsubsection.8.3.2.1}{\376\377\000d\000a\000t\000a}{subsection.8.3.2}
\BOOKMARK [3][-]{subsubsection.8.3.2.2}{\376\377\000d\000a\000t\000a\000S\000i\000z\000e}{subsection.8.3.2}
\BOOKMARK [3][-]{subsubsection.8.3.2.3}{\376\377\000f\000l\000a\000g\000s}{subsection.8.3.2}
\BOOKMARK [3][-]{subsubsection.8.3.2.4}{\376\377\000k\000e\000y}{subsection.8.3.2}
\BOOKMARK [3][-]{subsubsection.8.3.2.5}{\376\377\000k\000e\000y\000S\000i\000z\000e}{subsection.8.3.2}
\BOOKMARK [3][-]{subsubsection.8.3.2.6}{\376\377\000k\000s\000R\000e\000f\000e\000r\000e\000n\000c\000e}{subsection.8.3.2}
\BOOKMARK [3][-]{subsubsection.8.3.2.7}{\376\377\000m\000e\000t\000a}{subsection.8.3.2}
\BOOKMARK [1][-]{section.8.4}{\376\377\000\137\000K\000e\000y\000S\000e\000t\000\040\000S\000t\000r\000u\000c\000t\000\040\000R\000e\000f\000e\000r\000e\000n\000c\000e}{chapter.8}
\BOOKMARK [2][-]{subsection.8.4.1}{\376\377\000D\000e\000t\000a\000i\000l\000e\000d\000\040\000D\000e\000s\000c\000r\000i\000p\000t\000i\000o\000n}{section.8.4}
\BOOKMARK [2][-]{subsection.8.4.2}{\376\377\000F\000i\000e\000l\000d\000\040\000D\000o\000c\000u\000m\000e\000n\000t\000a\000t\000i\000o\000n}{section.8.4}
\BOOKMARK [3][-]{subsubsection.8.4.2.1}{\376\377\000a\000l\000l\000o\000c}{subsection.8.4.2}
\BOOKMARK [3][-]{subsubsection.8.4.2.2}{\376\377\000a\000r\000r\000a\000y}{subsection.8.4.2}
\BOOKMARK [3][-]{subsubsection.8.4.2.3}{\376\377\000c\000u\000r\000r\000e\000n\000t}{subsection.8.4.2}
\BOOKMARK [3][-]{subsubsection.8.4.2.4}{\376\377\000c\000u\000r\000s\000o\000r}{subsection.8.4.2}
\BOOKMARK [3][-]{subsubsection.8.4.2.5}{\376\377\000f\000l\000a\000g\000s}{subsection.8.4.2}
\BOOKMARK [3][-]{subsubsection.8.4.2.6}{\376\377\000s\000i\000z\000e}{subsection.8.4.2}
\BOOKMARK [1][-]{section.8.5}{\376\377\000\137\000P\000l\000u\000g\000i\000n\000\040\000S\000t\000r\000u\000c\000t\000\040\000R\000e\000f\000e\000r\000e\000n\000c\000e}{chapter.8}
\BOOKMARK [2][-]{subsection.8.5.1}{\376\377\000D\000e\000t\000a\000i\000l\000e\000d\000\040\000D\000e\000s\000c\000r\000i\000p\000t\000i\000o\000n}{section.8.5}
\BOOKMARK [2][-]{subsection.8.5.2}{\376\377\000F\000i\000e\000l\000d\000\040\000D\000o\000c\000u\000m\000e\000n\000t\000a\000t\000i\000o\000n}{section.8.5}
\BOOKMARK [3][-]{subsubsection.8.5.2.1}{\376\377\000c\000o\000n\000f\000i\000g}{subsection.8.5.2}
\BOOKMARK [3][-]{subsubsection.8.5.2.2}{\376\377\000d\000a\000t\000a}{subsection.8.5.2}
\BOOKMARK [3][-]{subsubsection.8.5.2.3}{\376\377\000k\000d\000b\000C\000l\000o\000s\000e}{subsection.8.5.2}
\BOOKMARK [3][-]{subsubsection.8.5.2.4}{\376\377\000k\000d\000b\000E\000r\000r\000o\000r}{subsection.8.5.2}
\BOOKMARK [3][-]{subsubsection.8.5.2.5}{\376\377\000k\000d\000b\000G\000e\000t}{subsection.8.5.2}
\BOOKMARK [3][-]{subsubsection.8.5.2.6}{\376\377\000k\000d\000b\000O\000p\000e\000n}{subsection.8.5.2}
\BOOKMARK [3][-]{subsubsection.8.5.2.7}{\376\377\000k\000d\000b\000S\000e\000t}{subsection.8.5.2}
\BOOKMARK [3][-]{subsubsection.8.5.2.8}{\376\377\000n\000a\000m\000e}{subsection.8.5.2}
\BOOKMARK [3][-]{subsubsection.8.5.2.9}{\376\377\000r\000e\000f\000c\000o\000u\000n\000t\000e\000r}{subsection.8.5.2}
\BOOKMARK [1][-]{section.8.6}{\376\377\000\137\000S\000p\000l\000i\000t\000\040\000S\000t\000r\000u\000c\000t\000\040\000R\000e\000f\000e\000r\000e\000n\000c\000e}{chapter.8}
\BOOKMARK [2][-]{subsection.8.6.1}{\376\377\000D\000e\000t\000a\000i\000l\000e\000d\000\040\000D\000e\000s\000c\000r\000i\000p\000t\000i\000o\000n}{section.8.6}
\BOOKMARK [2][-]{subsection.8.6.2}{\376\377\000F\000i\000e\000l\000d\000\040\000D\000o\000c\000u\000m\000e\000n\000t\000a\000t\000i\000o\000n}{section.8.6}
\BOOKMARK [3][-]{subsubsection.8.6.2.1}{\376\377\000a\000l\000l\000o\000c}{subsection.8.6.2}
\BOOKMARK [3][-]{subsubsection.8.6.2.2}{\376\377\000h\000a\000n\000d\000l\000e\000s}{subsection.8.6.2}
\BOOKMARK [3][-]{subsubsection.8.6.2.3}{\376\377\000k\000e\000y\000s\000e\000t\000s}{subsection.8.6.2}
\BOOKMARK [3][-]{subsubsection.8.6.2.4}{\376\377\000p\000a\000r\000e\000n\000t\000s}{subsection.8.6.2}
\BOOKMARK [3][-]{subsubsection.8.6.2.5}{\376\377\000s\000i\000z\000e}{subsection.8.6.2}
\BOOKMARK [3][-]{subsubsection.8.6.2.6}{\376\377\000s\000y\000n\000c\000b\000i\000t\000s}{subsection.8.6.2}
\BOOKMARK [1][-]{section.8.7}{\376\377\000\137\000T\000r\000i\000e\000\040\000S\000t\000r\000u\000c\000t\000\040\000R\000e\000f\000e\000r\000e\000n\000c\000e}{chapter.8}
\BOOKMARK [2][-]{subsection.8.7.1}{\376\377\000D\000e\000t\000a\000i\000l\000e\000d\000\040\000D\000e\000s\000c\000r\000i\000p\000t\000i\000o\000n}{section.8.7}
\BOOKMARK [2][-]{subsection.8.7.2}{\376\377\000F\000i\000e\000l\000d\000\040\000D\000o\000c\000u\000m\000e\000n\000t\000a\000t\000i\000o\000n}{section.8.7}
\BOOKMARK [3][-]{subsubsection.8.7.2.1}{\376\377\000c\000h\000i\000l\000d\000r\000e\000n}{subsection.8.7.2}
\BOOKMARK [3][-]{subsubsection.8.7.2.2}{\376\377\000e\000m\000p\000t\000y\000\137\000v\000a\000l\000u\000e}{subsection.8.7.2}
\BOOKMARK [3][-]{subsubsection.8.7.2.3}{\376\377\000t\000e\000x\000t}{subsection.8.7.2}
\BOOKMARK [3][-]{subsubsection.8.7.2.4}{\376\377\000t\000e\000x\000t\000l\000e\000n}{subsection.8.7.2}
\BOOKMARK [3][-]{subsubsection.8.7.2.5}{\376\377\000v\000a\000l\000u\000e}{subsection.8.7.2}
