\BOOKMARK [0][-]{chapter.1}{\376\377\000T\000h\000e\000\040\000E\000l\000e\000k\000t\000r\000a\000\040\000A\000P\000I}{}% 1
\BOOKMARK [1][-]{section.1.1}{\376\377\000E\000l\000e\000k\000t\000r\000a\000\040\000I\000n\000i\000t\000i\000a\000t\000i\000v\000e\000\040\000O\000v\000e\000r\000v\000i\000e\000w}{chapter.1}% 2
\BOOKMARK [1][-]{section.1.2}{\376\377\000A\000P\000I\000\040\000d\000o\000c\000u}{chapter.1}% 3
\BOOKMARK [1][-]{section.1.3}{\376\377\000U\000s\000i\000n\000g\000\040\000t\000h\000e\000\040\000E\000l\000e\000k\000t\000r\000a\000\040\000L\000i\000b\000r\000a\000r\000y}{chapter.1}% 4
\BOOKMARK [1][-]{section.1.4}{\376\377\000E\000l\000e\000k\000t\000r\000a\000\040\000A\000P\000I}{chapter.1}% 5
\BOOKMARK [1][-]{section.1.5}{\376\377\000K\000e\000y\000\040\000N\000a\000m\000e\000s\000\040\000a\000n\000d\000\040\000N\000a\000m\000e\000s\000p\000a\000c\000e\000s}{chapter.1}% 6
\BOOKMARK [1][-]{section.1.6}{\376\377\000R\000u\000l\000e\000s\000\040\000f\000o\000r\000\040\000K\000e\000y\000\040\000N\000a\000m\000e\000s}{chapter.1}% 7
\BOOKMARK [1][-]{section.1.7}{\376\377\000B\000a\000c\000k\000e\000n\000d\000\040\000O\000v\000e\000r\000v\000i\000e\000w}{chapter.1}% 8
\BOOKMARK [1][-]{section.1.8}{\376\377\000G\000l\000o\000s\000s\000a\000r\000y}{chapter.1}% 9
\BOOKMARK [0][-]{chapter.2}{\376\377\000D\000e\000p\000r\000e\000c\000a\000t\000e\000d\000\040\000L\000i\000s\000t}{}% 10
\BOOKMARK [0][-]{chapter.3}{\376\377\000M\000o\000d\000u\000l\000e\000\040\000I\000n\000d\000e\000x}{}% 11
\BOOKMARK [1][-]{section.3.1}{\376\377\000M\000o\000d\000u\000l\000e\000s}{chapter.3}% 12
\BOOKMARK [0][-]{chapter.4}{\376\377\000N\000a\000m\000e\000s\000p\000a\000c\000e\000\040\000I\000n\000d\000e\000x}{}% 13
\BOOKMARK [1][-]{section.4.1}{\376\377\000N\000a\000m\000e\000s\000p\000a\000c\000e\000\040\000L\000i\000s\000t}{chapter.4}% 14
\BOOKMARK [0][-]{chapter.5}{\376\377\000D\000a\000t\000a\000\040\000S\000t\000r\000u\000c\000t\000u\000r\000e\000\040\000I\000n\000d\000e\000x}{}% 15
\BOOKMARK [1][-]{section.5.1}{\376\377\000D\000a\000t\000a\000\040\000S\000t\000r\000u\000c\000t\000u\000r\000e\000s}{chapter.5}% 16
\BOOKMARK [0][-]{chapter.6}{\376\377\000M\000o\000d\000u\000l\000e\000\040\000D\000o\000c\000u\000m\000e\000n\000t\000a\000t\000i\000o\000n}{}% 17
\BOOKMARK [1][-]{section.6.1}{\376\377\000K\000D\000B}{chapter.6}% 18
\BOOKMARK [2][-]{subsection.6.1.1}{\376\377\000D\000e\000t\000a\000i\000l\000e\000d\000\040\000D\000e\000s\000c\000r\000i\000p\000t\000i\000o\000n}{section.6.1}% 19
\BOOKMARK [2][-]{subsection.6.1.2}{\376\377\000E\000n\000u\000m\000e\000r\000a\000t\000i\000o\000n\000\040\000T\000y\000p\000e\000\040\000D\000o\000c\000u\000m\000e\000n\000t\000a\000t\000i\000o\000n}{section.6.1}% 20
\BOOKMARK [3][-]{subsubsection.6.1.2.1}{\376\377\000o\000p\000t\000i\000o\000n\000\137\000t}{subsection.6.1.2}% 21
\BOOKMARK [2][-]{subsection.6.1.3}{\376\377\000F\000u\000n\000c\000t\000i\000o\000n\000\040\000D\000o\000c\000u\000m\000e\000n\000t\000a\000t\000i\000o\000n}{section.6.1}% 22
\BOOKMARK [3][-]{subsubsection.6.1.3.1}{\376\377\000k\000d\000b\000C\000l\000o\000s\000e}{subsection.6.1.3}% 23
\BOOKMARK [3][-]{subsubsection.6.1.3.2}{\376\377\000k\000d\000b\000G\000e\000t}{subsection.6.1.3}% 24
\BOOKMARK [2][-]{subsection.6.1.4}{\376\377\000E\000x\000a\000m\000p\000l\000e}{section.6.1}% 25
\BOOKMARK [2][-]{subsection.6.1.5}{\376\377\000D\000e\000t\000a\000i\000l\000s}{section.6.1}% 26
\BOOKMARK [2][-]{subsection.6.1.6}{\376\377\000U\000p\000d\000a\000t\000i\000n\000g}{section.6.1}% 27
\BOOKMARK [3][-]{subsubsection.6.1.6.1}{\376\377\000k\000d\000b\000O\000p\000e\000n}{subsection.6.1.6}% 28
\BOOKMARK [3][-]{subsubsection.6.1.6.2}{\376\377\000k\000d\000b\000S\000e\000t}{subsection.6.1.6}% 29
\BOOKMARK [2][-]{subsection.6.1.7}{\376\377\000p\000a\000r\000e\000n\000t\000K\000e\000y}{section.6.1}% 30
\BOOKMARK [2][-]{subsection.6.1.8}{\376\377\000U\000p\000d\000a\000t\000e}{section.6.1}% 31
\BOOKMARK [2][-]{subsection.6.1.9}{\376\377\000E\000r\000r\000o\000r\000\040\000S\000i\000t\000u\000a\000t\000i\000o\000n\000s}{section.6.1}% 32
\BOOKMARK [1][-]{section.6.2}{\376\377\000K\000e\000y}{chapter.6}% 33
\BOOKMARK [2][-]{subsection.6.2.1}{\376\377\000D\000e\000t\000a\000i\000l\000e\000d\000\040\000D\000e\000s\000c\000r\000i\000p\000t\000i\000o\000n}{section.6.2}% 34
\BOOKMARK [2][-]{subsection.6.2.2}{\376\377\000E\000n\000u\000m\000e\000r\000a\000t\000i\000o\000n\000\040\000T\000y\000p\000e\000\040\000D\000o\000c\000u\000m\000e\000n\000t\000a\000t\000i\000o\000n}{section.6.2}% 35
\BOOKMARK [3][-]{subsubsection.6.2.2.1}{\376\377\000k\000e\000y\000s\000w\000i\000t\000c\000h\000\137\000t}{subsection.6.2.2}% 36
\BOOKMARK [2][-]{subsection.6.2.3}{\376\377\000F\000u\000n\000c\000t\000i\000o\000n\000\040\000D\000o\000c\000u\000m\000e\000n\000t\000a\000t\000i\000o\000n}{section.6.2}% 37
\BOOKMARK [3][-]{subsubsection.6.2.3.1}{\376\377\000k\000e\000y\000C\000l\000e\000a\000r}{subsection.6.2.3}% 38
\BOOKMARK [3][-]{subsubsection.6.2.3.2}{\376\377\000k\000e\000y\000C\000o\000p\000y}{subsection.6.2.3}% 39
\BOOKMARK [3][-]{subsubsection.6.2.3.3}{\376\377\000k\000e\000y\000D\000e\000c\000R\000e\000f}{subsection.6.2.3}% 40
\BOOKMARK [3][-]{subsubsection.6.2.3.4}{\376\377\000k\000e\000y\000D\000e\000l}{subsection.6.2.3}% 41
\BOOKMARK [3][-]{subsubsection.6.2.3.5}{\376\377\000k\000e\000y\000D\000u\000p}{subsection.6.2.3}% 42
\BOOKMARK [3][-]{subsubsection.6.2.3.6}{\376\377\000k\000e\000y\000G\000e\000t\000R\000e\000f}{subsection.6.2.3}% 43
\BOOKMARK [3][-]{subsubsection.6.2.3.7}{\376\377\000k\000e\000y\000I\000n\000c\000R\000e\000f}{subsection.6.2.3}% 44
\BOOKMARK [3][-]{subsubsection.6.2.3.8}{\376\377\000k\000e\000y\000N\000e\000w}{subsection.6.2.3}% 45
\BOOKMARK [1][-]{section.6.3}{\376\377\000B\000a\000s\000i\000c\000\040\000M\000e\000t\000h\000o\000d\000s}{chapter.6}% 46
\BOOKMARK [1][-]{section.6.4}{\376\377\000M\000e\000t\000a\000\040\000I\000n\000f\000o\000\040\000M\000a\000n\000i\000p\000u\000l\000a\000t\000i\000o\000n\000\040\000M\000e\000t\000h\000o\000d\000s}{chapter.6}% 47
\BOOKMARK [2][-]{subsection.6.4.1}{\376\377\000D\000e\000t\000a\000i\000l\000e\000d\000\040\000D\000e\000s\000c\000r\000i\000p\000t\000i\000o\000n}{section.6.4}% 48
\BOOKMARK [2][-]{subsection.6.4.2}{\376\377\000F\000u\000n\000c\000t\000i\000o\000n\000\040\000D\000o\000c\000u\000m\000e\000n\000t\000a\000t\000i\000o\000n}{section.6.4}% 49
\BOOKMARK [3][-]{subsubsection.6.4.2.1}{\376\377\000k\000e\000y\000C\000o\000p\000y\000A\000l\000l\000M\000e\000t\000a}{subsection.6.4.2}% 50
\BOOKMARK [3][-]{subsubsection.6.4.2.2}{\376\377\000k\000e\000y\000C\000o\000p\000y\000M\000e\000t\000a}{subsection.6.4.2}% 51
\BOOKMARK [3][-]{subsubsection.6.4.2.3}{\376\377\000k\000e\000y\000C\000u\000r\000r\000e\000n\000t\000M\000e\000t\000a}{subsection.6.4.2}% 52
\BOOKMARK [3][-]{subsubsection.6.4.2.4}{\376\377\000k\000e\000y\000G\000e\000t\000A\000T\000i\000m\000e}{subsection.6.4.2}% 53
\BOOKMARK [3][-]{subsubsection.6.4.2.5}{\376\377\000k\000e\000y\000G\000e\000t\000C\000T\000i\000m\000e}{subsection.6.4.2}% 54
\BOOKMARK [3][-]{subsubsection.6.4.2.6}{\376\377\000k\000e\000y\000G\000e\000t\000G\000I\000D}{subsection.6.4.2}% 55
\BOOKMARK [2][-]{subsection.6.4.3}{\376\377\000G\000I\000D}{section.6.4}% 56
\BOOKMARK [3][-]{subsubsection.6.4.3.1}{\376\377\000k\000e\000y\000G\000e\000t\000M\000e\000t\000a}{subsection.6.4.3}% 57
\BOOKMARK [3][-]{subsubsection.6.4.3.2}{\376\377\000k\000e\000y\000G\000e\000t\000M\000o\000d\000e}{subsection.6.4.3}% 58
\BOOKMARK [3][-]{subsubsection.6.4.3.3}{\376\377\000k\000e\000y\000G\000e\000t\000M\000T\000i\000m\000e}{subsection.6.4.3}% 59
\BOOKMARK [3][-]{subsubsection.6.4.3.4}{\376\377\000k\000e\000y\000G\000e\000t\000U\000I\000D}{subsection.6.4.3}% 60
\BOOKMARK [2][-]{subsection.6.4.4}{\376\377\000U\000I\000D}{section.6.4}% 61
\BOOKMARK [3][-]{subsubsection.6.4.4.1}{\376\377\000k\000e\000y\000N\000e\000x\000t\000M\000e\000t\000a}{subsection.6.4.4}% 62
\BOOKMARK [3][-]{subsubsection.6.4.4.2}{\376\377\000k\000e\000y\000R\000e\000w\000i\000n\000d\000M\000e\000t\000a}{subsection.6.4.4}% 63
\BOOKMARK [3][-]{subsubsection.6.4.4.3}{\376\377\000k\000e\000y\000S\000e\000t\000A\000T\000i\000m\000e}{subsection.6.4.4}% 64
\BOOKMARK [3][-]{subsubsection.6.4.4.4}{\376\377\000k\000e\000y\000S\000e\000t\000C\000T\000i\000m\000e}{subsection.6.4.4}% 65
\BOOKMARK [3][-]{subsubsection.6.4.4.5}{\376\377\000k\000e\000y\000S\000e\000t\000D\000i\000r}{subsection.6.4.4}% 66
\BOOKMARK [3][-]{subsubsection.6.4.4.6}{\376\377\000k\000e\000y\000S\000e\000t\000G\000I\000D}{subsection.6.4.4}% 67
\BOOKMARK [3][-]{subsubsection.6.4.4.7}{\376\377\000k\000e\000y\000S\000e\000t\000M\000e\000t\000a}{subsection.6.4.4}% 68
\BOOKMARK [3][-]{subsubsection.6.4.4.8}{\376\377\000k\000e\000y\000S\000e\000t\000M\000o\000d\000e}{subsection.6.4.4}% 69
\BOOKMARK [2][-]{subsection.6.4.5}{\376\377\000M\000o\000d\000e\000s}{section.6.4}% 70
\BOOKMARK [3][-]{subsubsection.6.4.5.1}{\376\377\000k\000e\000y\000S\000e\000t\000M\000T\000i\000m\000e}{subsection.6.4.5}% 71
\BOOKMARK [3][-]{subsubsection.6.4.5.2}{\376\377\000k\000e\000y\000S\000e\000t\000U\000I\000D}{subsection.6.4.5}% 72
\BOOKMARK [1][-]{section.6.5}{\376\377\000N\000a\000m\000e\000\040\000M\000a\000n\000i\000p\000u\000l\000a\000t\000i\000o\000n\000\040\000M\000e\000t\000h\000o\000d\000s}{chapter.6}% 73
\BOOKMARK [2][-]{subsection.6.5.1}{\376\377\000D\000e\000t\000a\000i\000l\000e\000d\000\040\000D\000e\000s\000c\000r\000i\000p\000t\000i\000o\000n}{section.6.5}% 74
\BOOKMARK [2][-]{subsection.6.5.2}{\376\377\000F\000u\000n\000c\000t\000i\000o\000n\000\040\000D\000o\000c\000u\000m\000e\000n\000t\000a\000t\000i\000o\000n}{section.6.5}% 75
\BOOKMARK [3][-]{subsubsection.6.5.2.1}{\376\377\000k\000e\000y\000A\000d\000d\000B\000a\000s\000e\000N\000a\000m\000e}{subsection.6.5.2}% 76
\BOOKMARK [3][-]{subsubsection.6.5.2.2}{\376\377\000k\000e\000y\000B\000a\000s\000e\000N\000a\000m\000e}{subsection.6.5.2}% 77
\BOOKMARK [3][-]{subsubsection.6.5.2.3}{\376\377\000k\000e\000y\000G\000e\000t\000B\000a\000s\000e\000N\000a\000m\000e}{subsection.6.5.2}% 78
\BOOKMARK [3][-]{subsubsection.6.5.2.4}{\376\377\000k\000e\000y\000G\000e\000t\000B\000a\000s\000e\000N\000a\000m\000e\000S\000i\000z\000e}{subsection.6.5.2}% 79
\BOOKMARK [3][-]{subsubsection.6.5.2.5}{\376\377\000k\000e\000y\000G\000e\000t\000F\000u\000l\000l\000N\000a\000m\000e}{subsection.6.5.2}% 80
\BOOKMARK [3][-]{subsubsection.6.5.2.6}{\376\377\000k\000e\000y\000G\000e\000t\000F\000u\000l\000l\000N\000a\000m\000e\000S\000i\000z\000e}{subsection.6.5.2}% 81
\BOOKMARK [3][-]{subsubsection.6.5.2.7}{\376\377\000k\000e\000y\000G\000e\000t\000N\000a\000m\000e}{subsection.6.5.2}% 82
\BOOKMARK [3][-]{subsubsection.6.5.2.8}{\376\377\000k\000e\000y\000G\000e\000t\000N\000a\000m\000e\000S\000i\000z\000e}{subsection.6.5.2}% 83
\BOOKMARK [3][-]{subsubsection.6.5.2.9}{\376\377\000k\000e\000y\000G\000e\000t\000O\000w\000n\000e\000r}{subsection.6.5.2}% 84
\BOOKMARK [3][-]{subsubsection.6.5.2.10}{\376\377\000k\000e\000y\000G\000e\000t\000O\000w\000n\000e\000r\000S\000i\000z\000e}{subsection.6.5.2}% 85
\BOOKMARK [3][-]{subsubsection.6.5.2.11}{\376\377\000k\000e\000y\000N\000a\000m\000e}{subsection.6.5.2}% 86
\BOOKMARK [3][-]{subsubsection.6.5.2.12}{\376\377\000k\000e\000y\000O\000w\000n\000e\000r}{subsection.6.5.2}% 87
\BOOKMARK [3][-]{subsubsection.6.5.2.13}{\376\377\000k\000e\000y\000S\000e\000t\000B\000a\000s\000e\000N\000a\000m\000e}{subsection.6.5.2}% 88
\BOOKMARK [3][-]{subsubsection.6.5.2.14}{\376\377\000k\000e\000y\000S\000e\000t\000N\000a\000m\000e}{subsection.6.5.2}% 89
\BOOKMARK [3][-]{subsubsection.6.5.2.15}{\376\377\000k\000e\000y\000S\000e\000t\000O\000w\000n\000e\000r}{subsection.6.5.2}% 90
\BOOKMARK [1][-]{section.6.6}{\376\377\000K\000e\000y\000S\000e\000t}{chapter.6}% 91
\BOOKMARK [2][-]{subsection.6.6.1}{\376\377\000D\000e\000t\000a\000i\000l\000e\000d\000\040\000D\000e\000s\000c\000r\000i\000p\000t\000i\000o\000n}{section.6.6}% 92
\BOOKMARK [2][-]{subsection.6.6.2}{\376\377\000F\000u\000n\000c\000t\000i\000o\000n\000\040\000D\000o\000c\000u\000m\000e\000n\000t\000a\000t\000i\000o\000n}{section.6.6}% 93
\BOOKMARK [3][-]{subsubsection.6.6.2.1}{\376\377\000k\000s\000A\000p\000p\000e\000n\000d}{subsection.6.6.2}% 94
\BOOKMARK [3][-]{subsubsection.6.6.2.2}{\376\377\000k\000s\000A\000p\000p\000e\000n\000d\000K\000e\000y}{subsection.6.6.2}% 95
\BOOKMARK [3][-]{subsubsection.6.6.2.3}{\376\377\000k\000s\000C\000o\000p\000y}{subsection.6.6.2}% 96
\BOOKMARK [3][-]{subsubsection.6.6.2.4}{\376\377\000k\000s\000C\000u\000r\000r\000e\000n\000t}{subsection.6.6.2}% 97
\BOOKMARK [3][-]{subsubsection.6.6.2.5}{\376\377\000k\000s\000C\000u\000t}{subsection.6.6.2}% 98
\BOOKMARK [3][-]{subsubsection.6.6.2.6}{\376\377\000k\000s\000D\000e\000l}{subsection.6.6.2}% 99
\BOOKMARK [3][-]{subsubsection.6.6.2.7}{\376\377\000k\000s\000D\000u\000p}{subsection.6.6.2}% 100
\BOOKMARK [3][-]{subsubsection.6.6.2.8}{\376\377\000k\000s\000G\000e\000t\000C\000u\000r\000s\000o\000r}{subsection.6.6.2}% 101
\BOOKMARK [2][-]{subsection.6.6.3}{\376\377\000R\000e\000a\000d\000\040\000a\000h\000e\000a\000d}{section.6.6}% 102
\BOOKMARK [2][-]{subsection.6.6.4}{\376\377\000R\000e\000s\000t\000o\000r\000i\000n\000g\000\040\000s\000t\000a\000t\000e}{section.6.6}% 103
\BOOKMARK [3][-]{subsubsection.6.6.4.1}{\376\377\000k\000s\000G\000e\000t\000S\000i\000z\000e}{subsection.6.6.4}% 104
\BOOKMARK [3][-]{subsubsection.6.6.4.2}{\376\377\000k\000s\000H\000e\000a\000d}{subsection.6.6.4}% 105
\BOOKMARK [3][-]{subsubsection.6.6.4.3}{\376\377\000k\000s\000L\000o\000o\000k\000u\000p}{subsection.6.6.4}% 106
\BOOKMARK [2][-]{subsection.6.6.5}{\376\377\000I\000n\000t\000r\000o\000d\000u\000c\000t\000i\000o\000n}{section.6.6}% 107
\BOOKMARK [2][-]{subsection.6.6.6}{\376\377\000U\000s\000a\000g\000e}{section.6.6}% 108
\BOOKMARK [3][-]{subsubsection.6.6.6.1}{\376\377\000K\000D\000B\000\137\000O\000\137\000N\000O\000A\000L\000L}{subsection.6.6.6}% 109
\BOOKMARK [3][-]{subsubsection.6.6.6.2}{\376\377\000K\000D\000B\000\137\000O\000\137\000P\000O\000P}{subsection.6.6.6}% 110
\BOOKMARK [3][-]{subsubsection.6.6.6.3}{\376\377\000k\000s\000L\000o\000o\000k\000u\000p\000B\000y\000N\000a\000m\000e}{subsection.6.6.6}% 111
\BOOKMARK [2][-]{subsection.6.6.7}{\376\377\000C\000a\000s\000c\000a\000d\000i\000n\000g}{section.6.6}% 112
\BOOKMARK [2][-]{subsection.6.6.8}{\376\377\000F\000u\000l\000l\000\040\000S\000e\000a\000r\000c\000h}{section.6.6}% 113
\BOOKMARK [3][-]{subsubsection.6.6.8.1}{\376\377\000k\000s\000N\000e\000w}{subsection.6.6.8}% 114
\BOOKMARK [3][-]{subsubsection.6.6.8.2}{\376\377\000k\000s\000N\000e\000x\000t}{subsection.6.6.8}% 115
\BOOKMARK [3][-]{subsubsection.6.6.8.3}{\376\377\000k\000s\000P\000o\000p}{subsection.6.6.8}% 116
\BOOKMARK [3][-]{subsubsection.6.6.8.4}{\376\377\000k\000s\000R\000e\000w\000i\000n\000d}{subsection.6.6.8}% 117
\BOOKMARK [3][-]{subsubsection.6.6.8.5}{\376\377\000k\000s\000S\000e\000t\000C\000u\000r\000s\000o\000r}{subsection.6.6.8}% 118
\BOOKMARK [3][-]{subsubsection.6.6.8.6}{\376\377\000k\000s\000T\000a\000i\000l}{subsection.6.6.8}% 119
\BOOKMARK [1][-]{section.6.7}{\376\377\000M\000e\000t\000h\000o\000d\000s\000\040\000f\000o\000r\000\040\000M\000a\000k\000i\000n\000g\000\040\000T\000e\000s\000t\000s}{chapter.6}% 120
\BOOKMARK [2][-]{subsection.6.7.1}{\376\377\000D\000e\000t\000a\000i\000l\000e\000d\000\040\000D\000e\000s\000c\000r\000i\000p\000t\000i\000o\000n}{section.6.7}% 121
\BOOKMARK [2][-]{subsection.6.7.2}{\376\377\000F\000u\000n\000c\000t\000i\000o\000n\000\040\000D\000o\000c\000u\000m\000e\000n\000t\000a\000t\000i\000o\000n}{section.6.7}% 122
\BOOKMARK [3][-]{subsubsection.6.7.2.1}{\376\377\000k\000e\000y\000C\000m\000p}{subsection.6.7.2}% 123
\BOOKMARK [3][-]{subsubsection.6.7.2.2}{\376\377\000k\000e\000y\000C\000o\000m\000p\000a\000r\000e}{subsection.6.7.2}% 124
\BOOKMARK [3][-]{subsubsection.6.7.2.3}{\376\377\000k\000e\000y\000I\000s\000B\000e\000l\000o\000w}{subsection.6.7.2}% 125
\BOOKMARK [3][-]{subsubsection.6.7.2.4}{\376\377\000k\000e\000y\000I\000s\000B\000i\000n\000a\000r\000y}{subsection.6.7.2}% 126
\BOOKMARK [3][-]{subsubsection.6.7.2.5}{\376\377\000k\000e\000y\000I\000s\000D\000i\000r}{subsection.6.7.2}% 127
\BOOKMARK [3][-]{subsubsection.6.7.2.6}{\376\377\000k\000e\000y\000I\000s\000D\000i\000r\000e\000c\000t\000B\000e\000l\000o\000w}{subsection.6.7.2}% 128
\BOOKMARK [3][-]{subsubsection.6.7.2.7}{\376\377\000k\000e\000y\000I\000s\000I\000n\000a\000c\000t\000i\000v\000e}{subsection.6.7.2}% 129
\BOOKMARK [3][-]{subsubsection.6.7.2.8}{\376\377\000k\000e\000y\000I\000s\000S\000t\000r\000i\000n\000g}{subsection.6.7.2}% 130
\BOOKMARK [3][-]{subsubsection.6.7.2.9}{\376\377\000k\000e\000y\000I\000s\000S\000y\000s\000t\000e\000m}{subsection.6.7.2}% 131
\BOOKMARK [3][-]{subsubsection.6.7.2.10}{\376\377\000k\000e\000y\000I\000s\000U\000s\000e\000r}{subsection.6.7.2}% 132
\BOOKMARK [3][-]{subsubsection.6.7.2.11}{\376\377\000k\000e\000y\000N\000e\000e\000d\000S\000y\000n\000c}{subsection.6.7.2}% 133
\BOOKMARK [3][-]{subsubsection.6.7.2.12}{\376\377\000k\000e\000y\000R\000e\000l}{subsection.6.7.2}% 134
\BOOKMARK [1][-]{section.6.8}{\376\377\000V\000a\000l\000u\000e\000\040\000M\000a\000n\000i\000p\000u\000l\000a\000t\000i\000o\000n\000\040\000M\000e\000t\000h\000o\000d\000s}{chapter.6}% 135
\BOOKMARK [2][-]{subsection.6.8.1}{\376\377\000D\000e\000t\000a\000i\000l\000e\000d\000\040\000D\000e\000s\000c\000r\000i\000p\000t\000i\000o\000n}{section.6.8}% 136
\BOOKMARK [2][-]{subsection.6.8.2}{\376\377\000F\000u\000n\000c\000t\000i\000o\000n\000\040\000D\000o\000c\000u\000m\000e\000n\000t\000a\000t\000i\000o\000n}{section.6.8}% 137
\BOOKMARK [3][-]{subsubsection.6.8.2.1}{\376\377\000k\000e\000y\000C\000o\000m\000m\000e\000n\000t}{subsection.6.8.2}% 138
\BOOKMARK [3][-]{subsubsection.6.8.2.2}{\376\377\000k\000e\000y\000G\000e\000t\000B\000i\000n\000a\000r\000y}{subsection.6.8.2}% 139
\BOOKMARK [3][-]{subsubsection.6.8.2.3}{\376\377\000k\000e\000y\000G\000e\000t\000C\000o\000m\000m\000e\000n\000t}{subsection.6.8.2}% 140
\BOOKMARK [2][-]{subsection.6.8.3}{\376\377\000C\000o\000m\000m\000e\000n\000t\000s}{section.6.8}% 141
\BOOKMARK [3][-]{subsubsection.6.8.3.1}{\376\377\000k\000e\000y\000G\000e\000t\000C\000o\000m\000m\000e\000n\000t\000S\000i\000z\000e}{subsection.6.8.3}% 142
\BOOKMARK [3][-]{subsubsection.6.8.3.2}{\376\377\000k\000e\000y\000G\000e\000t\000S\000t\000r\000i\000n\000g}{subsection.6.8.3}% 143
\BOOKMARK [3][-]{subsubsection.6.8.3.3}{\376\377\000k\000e\000y\000G\000e\000t\000V\000a\000l\000u\000e\000S\000i\000z\000e}{subsection.6.8.3}% 144
\BOOKMARK [3][-]{subsubsection.6.8.3.4}{\376\377\000k\000e\000y\000S\000e\000t\000B\000i\000n\000a\000r\000y}{subsection.6.8.3}% 145
\BOOKMARK [3][-]{subsubsection.6.8.3.5}{\376\377\000k\000e\000y\000S\000e\000t\000C\000o\000m\000m\000e\000n\000t}{subsection.6.8.3}% 146
\BOOKMARK [3][-]{subsubsection.6.8.3.6}{\376\377\000k\000e\000y\000S\000e\000t\000S\000t\000r\000i\000n\000g}{subsection.6.8.3}% 147
\BOOKMARK [3][-]{subsubsection.6.8.3.7}{\376\377\000k\000e\000y\000S\000t\000r\000i\000n\000g}{subsection.6.8.3}% 148
\BOOKMARK [3][-]{subsubsection.6.8.3.8}{\376\377\000k\000e\000y\000V\000a\000l\000u\000e}{subsection.6.8.3}% 149
\BOOKMARK [2][-]{subsection.6.8.4}{\376\377\000S\000t\000r\000i\000n\000g\000\040\000H\000a\000n\000d\000l\000i\000n\000g}{section.6.8}% 150
\BOOKMARK [2][-]{subsection.6.8.5}{\376\377\000B\000i\000n\000a\000r\000y\000\040\000D\000a\000t\000a\000\040\000H\000a\000n\000d\000l\000i\000n\000g}{section.6.8}% 151
\BOOKMARK [1][-]{section.6.9}{\376\377\000P\000l\000u\000g\000i\000n\000s}{chapter.6}% 152
\BOOKMARK [2][-]{subsection.6.9.1}{\376\377\000D\000e\000t\000a\000i\000l\000e\000d\000\040\000D\000e\000s\000c\000r\000i\000p\000t\000i\000o\000n}{section.6.9}% 153
\BOOKMARK [2][-]{subsection.6.9.2}{\376\377\000F\000u\000n\000c\000t\000i\000o\000n\000\040\000D\000o\000c\000u\000m\000e\000n\000t\000a\000t\000i\000o\000n}{section.6.9}% 154
\BOOKMARK [3][-]{subsubsection.6.9.2.1}{\376\377\000d\000o\000c\000C\000l\000o\000s\000e}{subsection.6.9.2}% 155
\BOOKMARK [3][-]{subsubsection.6.9.2.2}{\376\377\000d\000o\000c\000E\000r\000r\000o\000r}{subsection.6.9.2}% 156
\BOOKMARK [3][-]{subsubsection.6.9.2.3}{\376\377\000d\000o\000c\000G\000e\000t}{subsection.6.9.2}% 157
\BOOKMARK [2][-]{subsection.6.9.3}{\376\377\000I\000n\000t\000r\000o\000d\000u\000c\000t\000i\000o\000n}{section.6.9}% 158
\BOOKMARK [3][-]{subsubsection.6.9.3.1}{\376\377\000S\000t\000o\000r\000a\000g\000e\000\040\000P\000l\000u\000g\000i\000n\000s}{subsection.6.9.3}% 159
\BOOKMARK [3][-]{subsubsection.6.9.3.2}{\376\377\000F\000i\000l\000t\000e\000r\000\040\000P\000l\000u\000g\000i\000n\000s}{subsection.6.9.3}% 160
\BOOKMARK [2][-]{subsection.6.9.4}{\376\377\000C\000o\000n\000d\000i\000t\000i\000o\000n\000s}{section.6.9}% 161
\BOOKMARK [2][-]{subsection.6.9.5}{\376\377\000U\000p\000d\000a\000t\000i\000n\000g}{section.6.9}% 162
\BOOKMARK [3][-]{subsubsection.6.9.5.1}{\376\377\000d\000o\000c\000O\000p\000e\000n}{subsection.6.9.5}% 163
\BOOKMARK [3][-]{subsubsection.6.9.5.2}{\376\377\000d\000o\000c\000S\000e\000t}{subsection.6.9.5}% 164
\BOOKMARK [3][-]{subsubsection.6.9.5.3}{\376\377\000E\000L\000E\000K\000T\000R\000A\000\137\000P\000L\000U\000G\000I\000N\000\137\000E\000X\000P\000O\000R\000T}{subsection.6.9.5}% 165
\BOOKMARK [0][-]{chapter.7}{\376\377\000N\000a\000m\000e\000s\000p\000a\000c\000e\000\040\000D\000o\000c\000u\000m\000e\000n\000t\000a\000t\000i\000o\000n}{}% 166
\BOOKMARK [1][-]{section.7.1}{\376\377\000k\000d\000b\000\040\000N\000a\000m\000e\000s\000p\000a\000c\000e\000\040\000R\000e\000f\000e\000r\000e\000n\000c\000e}{chapter.7}% 167
\BOOKMARK [2][-]{subsection.7.1.1}{\376\377\000D\000e\000t\000a\000i\000l\000e\000d\000\040\000D\000e\000s\000c\000r\000i\000p\000t\000i\000o\000n}{section.7.1}% 168
\BOOKMARK [2][-]{subsection.7.1.2}{\376\377\000F\000u\000n\000c\000t\000i\000o\000n\000\040\000D\000o\000c\000u\000m\000e\000n\000t\000a\000t\000i\000o\000n}{section.7.1}% 169
\BOOKMARK [3][-]{subsubsection.7.1.2.1}{\376\377\000o\000p\000e\000r\000a\000t\000o\000r\000<\000<}{subsection.7.1.2}% 170
\BOOKMARK [3][-]{subsubsection.7.1.2.2}{\376\377\000o\000p\000e\000r\000a\000t\000o\000r\000<\000<}{subsection.7.1.2}% 171
\BOOKMARK [3][-]{subsubsection.7.1.2.3}{\376\377\000o\000p\000e\000r\000a\000t\000o\000r\000>\000>}{subsection.7.1.2}% 172
\BOOKMARK [3][-]{subsubsection.7.1.2.4}{\376\377\000o\000p\000e\000r\000a\000t\000o\000r\000>\000>}{subsection.7.1.2}% 173
\BOOKMARK [0][-]{chapter.8}{\376\377\000D\000a\000t\000a\000\040\000S\000t\000r\000u\000c\000t\000u\000r\000e\000\040\000D\000o\000c\000u\000m\000e\000n\000t\000a\000t\000i\000o\000n}{}% 174
\BOOKMARK [1][-]{section.8.1}{\376\377\000k\000d\000b\000:\000:\000K\000D\000B\000\040\000C\000l\000a\000s\000s\000\040\000R\000e\000f\000e\000r\000e\000n\000c\000e}{chapter.8}% 175
\BOOKMARK [2][-]{subsection.8.1.1}{\376\377\000D\000e\000t\000a\000i\000l\000e\000d\000\040\000D\000e\000s\000c\000r\000i\000p\000t\000i\000o\000n}{section.8.1}% 176
\BOOKMARK [2][-]{subsection.8.1.2}{\376\377\000C\000o\000n\000s\000t\000r\000u\000c\000t\000o\000r\000\040\000\046\000\040\000D\000e\000s\000t\000r\000u\000c\000t\000o\000r\000\040\000D\000o\000c\000u\000m\000e\000n\000t\000a\000t\000i\000o\000n}{section.8.1}% 177
\BOOKMARK [3][-]{subsubsection.8.1.2.1}{\376\377\000K\000D\000B}{subsection.8.1.2}% 178
\BOOKMARK [3][-]{subsubsection.8.1.2.2}{\376\377\000K\000D\000B}{subsection.8.1.2}% 179
\BOOKMARK [3][-]{subsubsection.8.1.2.3}{\376\377\000K\000D\000B}{subsection.8.1.2}% 180
\BOOKMARK [2][-]{subsection.8.1.3}{\376\377\000M\000e\000m\000b\000e\000r\000\040\000F\000u\000n\000c\000t\000i\000o\000n\000\040\000D\000o\000c\000u\000m\000e\000n\000t\000a\000t\000i\000o\000n}{section.8.1}% 181
\BOOKMARK [3][-]{subsubsection.8.1.3.1}{\376\377\000c\000l\000o\000s\000e}{subsection.8.1.3}% 182
\BOOKMARK [3][-]{subsubsection.8.1.3.2}{\376\377\000g\000e\000t}{subsection.8.1.3}% 183
\BOOKMARK [3][-]{subsubsection.8.1.3.3}{\376\377\000g\000e\000t}{subsection.8.1.3}% 184
\BOOKMARK [3][-]{subsubsection.8.1.3.4}{\376\377\000o\000p\000e\000n}{subsection.8.1.3}% 185
\BOOKMARK [3][-]{subsubsection.8.1.3.5}{\376\377\000s\000e\000t}{subsection.8.1.3}% 186
\BOOKMARK [3][-]{subsubsection.8.1.3.6}{\376\377\000s\000e\000t}{subsection.8.1.3}% 187
\BOOKMARK [1][-]{section.8.2}{\376\377\000k\000d\000b\000:\000:\000K\000e\000y\000\040\000C\000l\000a\000s\000s\000\040\000R\000e\000f\000e\000r\000e\000n\000c\000e}{chapter.8}% 188
\BOOKMARK [2][-]{subsection.8.2.1}{\376\377\000D\000e\000t\000a\000i\000l\000e\000d\000\040\000D\000e\000s\000c\000r\000i\000p\000t\000i\000o\000n}{section.8.2}% 189
\BOOKMARK [2][-]{subsection.8.2.2}{\376\377\000C\000o\000n\000s\000t\000r\000u\000c\000t\000o\000r\000\040\000\046\000\040\000D\000e\000s\000t\000r\000u\000c\000t\000o\000r\000\040\000D\000o\000c\000u\000m\000e\000n\000t\000a\000t\000i\000o\000n}{section.8.2}% 190
\BOOKMARK [3][-]{subsubsection.8.2.2.1}{\376\377\000K\000e\000y}{subsection.8.2.2}% 191
\BOOKMARK [3][-]{subsubsection.8.2.2.2}{\376\377\000K\000e\000y}{subsection.8.2.2}% 192
\BOOKMARK [3][-]{subsubsection.8.2.2.3}{\376\377\000K\000e\000y}{subsection.8.2.2}% 193
\BOOKMARK [3][-]{subsubsection.8.2.2.4}{\376\377\000K\000e\000y}{subsection.8.2.2}% 194
\BOOKMARK [3][-]{subsubsection.8.2.2.5}{\376\377\000K\000e\000y}{subsection.8.2.2}% 195
\BOOKMARK [3][-]{subsubsection.8.2.2.6}{\376\377\000K\000e\000y}{subsection.8.2.2}% 196
\BOOKMARK [3][-]{subsubsection.8.2.2.7}{\376\377\000K\000e\000y}{subsection.8.2.2}% 197
\BOOKMARK [3][-]{subsubsection.8.2.2.8}{\376\377\000K\000e\000y}{subsection.8.2.2}% 198
\BOOKMARK [2][-]{subsection.8.2.3}{\376\377\000M\000e\000m\000b\000e\000r\000\040\000F\000u\000n\000c\000t\000i\000o\000n\000\040\000D\000o\000c\000u\000m\000e\000n\000t\000a\000t\000i\000o\000n}{section.8.2}% 199
\BOOKMARK [3][-]{subsubsection.8.2.3.1}{\376\377\000a\000d\000d\000B\000a\000s\000e\000N\000a\000m\000e}{subsection.8.2.3}% 200
\BOOKMARK [3][-]{subsubsection.8.2.3.2}{\376\377\000c\000l\000e\000a\000r}{subsection.8.2.3}% 201
\BOOKMARK [3][-]{subsubsection.8.2.3.3}{\376\377\000c\000o\000p\000y}{subsection.8.2.3}% 202
\BOOKMARK [3][-]{subsubsection.8.2.3.4}{\376\377\000c\000o\000p\000y\000A\000l\000l\000M\000e\000t\000a}{subsection.8.2.3}% 203
\BOOKMARK [3][-]{subsubsection.8.2.3.5}{\376\377\000c\000o\000p\000y\000M\000e\000t\000a}{subsection.8.2.3}% 204
\BOOKMARK [3][-]{subsubsection.8.2.3.6}{\376\377\000c\000u\000r\000r\000e\000n\000t\000M\000e\000t\000a}{subsection.8.2.3}% 205
\BOOKMARK [3][-]{subsubsection.8.2.3.7}{\376\377\000d\000u\000p}{subsection.8.2.3}% 206
\BOOKMARK [3][-]{subsubsection.8.2.3.8}{\376\377\000g\000e\000t}{subsection.8.2.3}% 207
\BOOKMARK [3][-]{subsubsection.8.2.3.9}{\376\377\000g\000e\000t\000B\000a\000s\000e\000N\000a\000m\000e}{subsection.8.2.3}% 208
\BOOKMARK [3][-]{subsubsection.8.2.3.10}{\376\377\000g\000e\000t\000B\000a\000s\000e\000N\000a\000m\000e\000S\000i\000z\000e}{subsection.8.2.3}% 209
\BOOKMARK [3][-]{subsubsection.8.2.3.11}{\376\377\000g\000e\000t\000B\000i\000n\000a\000r\000y}{subsection.8.2.3}% 210
\BOOKMARK [3][-]{subsubsection.8.2.3.12}{\376\377\000g\000e\000t\000B\000i\000n\000a\000r\000y\000S\000i\000z\000e}{subsection.8.2.3}% 211
\BOOKMARK [3][-]{subsubsection.8.2.3.13}{\376\377\000g\000e\000t\000D\000i\000r\000N\000a\000m\000e}{subsection.8.2.3}% 212
\BOOKMARK [3][-]{subsubsection.8.2.3.14}{\376\377\000g\000e\000t\000F\000u\000l\000l\000N\000a\000m\000e}{subsection.8.2.3}% 213
\BOOKMARK [3][-]{subsubsection.8.2.3.15}{\376\377\000g\000e\000t\000F\000u\000l\000l\000N\000a\000m\000e\000S\000i\000z\000e}{subsection.8.2.3}% 214
\BOOKMARK [3][-]{subsubsection.8.2.3.16}{\376\377\000g\000e\000t\000F\000u\000n\000c}{subsection.8.2.3}% 215
\BOOKMARK [3][-]{subsubsection.8.2.3.17}{\376\377\000g\000e\000t\000K\000e\000y}{subsection.8.2.3}% 216
\BOOKMARK [3][-]{subsubsection.8.2.3.18}{\376\377\000g\000e\000t\000M\000e\000t\000a}{subsection.8.2.3}% 217
\BOOKMARK [3][-]{subsubsection.8.2.3.19}{\376\377\000g\000e\000t\000N\000a\000m\000e}{subsection.8.2.3}% 218
\BOOKMARK [3][-]{subsubsection.8.2.3.20}{\376\377\000g\000e\000t\000N\000a\000m\000e\000S\000i\000z\000e}{subsection.8.2.3}% 219
\BOOKMARK [3][-]{subsubsection.8.2.3.21}{\376\377\000g\000e\000t\000R\000e\000f\000e\000r\000e\000n\000c\000e\000C\000o\000u\000n\000t\000e\000r}{subsection.8.2.3}% 220
\BOOKMARK [3][-]{subsubsection.8.2.3.22}{\376\377\000g\000e\000t\000S\000t\000r\000i\000n\000g}{subsection.8.2.3}% 221
\BOOKMARK [3][-]{subsubsection.8.2.3.23}{\376\377\000g\000e\000t\000S\000t\000r\000i\000n\000g\000S\000i\000z\000e}{subsection.8.2.3}% 222
\BOOKMARK [3][-]{subsubsection.8.2.3.24}{\376\377\000g\000e\000t\000V\000a\000l\000u\000e}{subsection.8.2.3}% 223
\BOOKMARK [3][-]{subsubsection.8.2.3.25}{\376\377\000i\000s\000B\000e\000l\000o\000w}{subsection.8.2.3}% 224
\BOOKMARK [3][-]{subsubsection.8.2.3.26}{\376\377\000i\000s\000B\000e\000l\000o\000w\000O\000r\000S\000a\000m\000e}{subsection.8.2.3}% 225
\BOOKMARK [3][-]{subsubsection.8.2.3.27}{\376\377\000i\000s\000B\000i\000n\000a\000r\000y}{subsection.8.2.3}% 226
\BOOKMARK [3][-]{subsubsection.8.2.3.28}{\376\377\000i\000s\000D\000i\000r\000e\000c\000t\000B\000e\000l\000o\000w}{subsection.8.2.3}% 227
\BOOKMARK [3][-]{subsubsection.8.2.3.29}{\376\377\000i\000s\000I\000n\000a\000c\000t\000i\000v\000e}{subsection.8.2.3}% 228
\BOOKMARK [3][-]{subsubsection.8.2.3.30}{\376\377\000i\000s\000S\000t\000r\000i\000n\000g}{subsection.8.2.3}% 229
\BOOKMARK [3][-]{subsubsection.8.2.3.31}{\376\377\000i\000s\000S\000y\000s\000t\000e\000m}{subsection.8.2.3}% 230
\BOOKMARK [3][-]{subsubsection.8.2.3.32}{\376\377\000i\000s\000U\000s\000e\000r}{subsection.8.2.3}% 231
\BOOKMARK [3][-]{subsubsection.8.2.3.33}{\376\377\000i\000s\000V\000a\000l\000i\000d}{subsection.8.2.3}% 232
\BOOKMARK [3][-]{subsubsection.8.2.3.34}{\376\377\000n\000e\000x\000t\000M\000e\000t\000a}{subsection.8.2.3}% 233
\BOOKMARK [3][-]{subsubsection.8.2.3.35}{\376\377\000o\000p\000e\000r\000a\000t\000o\000r\000\040\000b\000o\000o\000l}{subsection.8.2.3}% 234
\BOOKMARK [3][-]{subsubsection.8.2.3.36}{\376\377\000o\000p\000e\000r\000a\000t\000o\000r\000!\000=}{subsection.8.2.3}% 235
\BOOKMARK [3][-]{subsubsection.8.2.3.37}{\376\377\000o\000p\000e\000r\000a\000t\000o\000r}{subsection.8.2.3}% 236
\BOOKMARK [3][-]{subsubsection.8.2.3.38}{\376\377\000o\000p\000e\000r\000a\000t\000o\000r\000+\000+}{subsection.8.2.3}% 237
\BOOKMARK [3][-]{subsubsection.8.2.3.39}{\376\377\000o\000p\000e\000r\000a\000t\000o\000r\000+\000+}{subsection.8.2.3}% 238
\BOOKMARK [3][-]{subsubsection.8.2.3.40}{\376\377\000o\000p\000e\000r\000a\000t\000o\000r\000+\000=}{subsection.8.2.3}% 239
\BOOKMARK [3][-]{subsubsection.8.2.3.41}{\376\377\000o\000p\000e\000r\000a\000t\000o\000r\000+\000=}{subsection.8.2.3}% 240
\BOOKMARK [3][-]{subsubsection.8.2.3.42}{\376\377\000o\000p\000e\000r\000a\000t\000o\000r\000-\000-}{subsection.8.2.3}% 241
\BOOKMARK [3][-]{subsubsection.8.2.3.43}{\376\377\000o\000p\000e\000r\000a\000t\000o\000r\000-\000-}{subsection.8.2.3}% 242
\BOOKMARK [3][-]{subsubsection.8.2.3.44}{\376\377\000o\000p\000e\000r\000a\000t\000o\000r\000-\000=}{subsection.8.2.3}% 243
\BOOKMARK [3][-]{subsubsection.8.2.3.45}{\376\377\000o\000p\000e\000r\000a\000t\000o\000r\000-\000=}{subsection.8.2.3}% 244
\BOOKMARK [3][-]{subsubsection.8.2.3.46}{\376\377\000o\000p\000e\000r\000a\000t\000o\000r\000<}{subsection.8.2.3}% 245
\BOOKMARK [3][-]{subsubsection.8.2.3.47}{\376\377\000o\000p\000e\000r\000a\000t\000o\000r\000<\000=}{subsection.8.2.3}% 246
\BOOKMARK [3][-]{subsubsection.8.2.3.48}{\376\377\000o\000p\000e\000r\000a\000t\000o\000r\000=}{subsection.8.2.3}% 247
\BOOKMARK [3][-]{subsubsection.8.2.3.49}{\376\377\000o\000p\000e\000r\000a\000t\000o\000r\000=}{subsection.8.2.3}% 248
\BOOKMARK [3][-]{subsubsection.8.2.3.50}{\376\377\000o\000p\000e\000r\000a\000t\000o\000r\000=}{subsection.8.2.3}% 249
\BOOKMARK [3][-]{subsubsection.8.2.3.51}{\376\377\000o\000p\000e\000r\000a\000t\000o\000r\000=}{subsection.8.2.3}% 250
\BOOKMARK [3][-]{subsubsection.8.2.3.52}{\376\377\000o\000p\000e\000r\000a\000t\000o\000r\000=\000=}{subsection.8.2.3}% 251
\BOOKMARK [3][-]{subsubsection.8.2.3.53}{\376\377\000o\000p\000e\000r\000a\000t\000o\000r\000>}{subsection.8.2.3}% 252
\BOOKMARK [3][-]{subsubsection.8.2.3.54}{\376\377\000o\000p\000e\000r\000a\000t\000o\000r\000>\000=}{subsection.8.2.3}% 253
\BOOKMARK [3][-]{subsubsection.8.2.3.55}{\376\377\000r\000e\000l\000e\000a\000s\000e}{subsection.8.2.3}% 254
\BOOKMARK [3][-]{subsubsection.8.2.3.56}{\376\377\000r\000e\000w\000i\000n\000d\000M\000e\000t\000a}{subsection.8.2.3}% 255
\BOOKMARK [3][-]{subsubsection.8.2.3.57}{\376\377\000s\000e\000t}{subsection.8.2.3}% 256
\BOOKMARK [3][-]{subsubsection.8.2.3.58}{\376\377\000s\000e\000t\000B\000a\000s\000e\000N\000a\000m\000e}{subsection.8.2.3}% 257
\BOOKMARK [3][-]{subsubsection.8.2.3.59}{\376\377\000s\000e\000t\000B\000i\000n\000a\000r\000y}{subsection.8.2.3}% 258
\BOOKMARK [3][-]{subsubsection.8.2.3.60}{\376\377\000s\000e\000t\000M\000e\000t\000a}{subsection.8.2.3}% 259
\BOOKMARK [3][-]{subsubsection.8.2.3.61}{\376\377\000s\000e\000t\000N\000a\000m\000e}{subsection.8.2.3}% 260
\BOOKMARK [3][-]{subsubsection.8.2.3.62}{\376\377\000s\000e\000t\000S\000t\000r\000i\000n\000g}{subsection.8.2.3}% 261
\BOOKMARK [1][-]{section.8.3}{\376\377\000k\000d\000b\000:\000:\000K\000e\000y\000S\000e\000t\000\040\000C\000l\000a\000s\000s\000\040\000R\000e\000f\000e\000r\000e\000n\000c\000e}{chapter.8}% 262
\BOOKMARK [2][-]{subsection.8.3.1}{\376\377\000D\000e\000t\000a\000i\000l\000e\000d\000\040\000D\000e\000s\000c\000r\000i\000p\000t\000i\000o\000n}{section.8.3}% 263
\BOOKMARK [2][-]{subsection.8.3.2}{\376\377\000C\000o\000n\000s\000t\000r\000u\000c\000t\000o\000r\000\040\000\046\000\040\000D\000e\000s\000t\000r\000u\000c\000t\000o\000r\000\040\000D\000o\000c\000u\000m\000e\000n\000t\000a\000t\000i\000o\000n}{section.8.3}% 264
\BOOKMARK [3][-]{subsubsection.8.3.2.1}{\376\377\000K\000e\000y\000S\000e\000t}{subsection.8.3.2}% 265
\BOOKMARK [3][-]{subsubsection.8.3.2.2}{\376\377\000K\000e\000y\000S\000e\000t}{subsection.8.3.2}% 266
\BOOKMARK [3][-]{subsubsection.8.3.2.3}{\376\377\000K\000e\000y\000S\000e\000t}{subsection.8.3.2}% 267
\BOOKMARK [3][-]{subsubsection.8.3.2.4}{\376\377\000K\000e\000y\000S\000e\000t}{subsection.8.3.2}% 268
\BOOKMARK [3][-]{subsubsection.8.3.2.5}{\376\377\000K\000e\000y\000S\000e\000t}{subsection.8.3.2}% 269
\BOOKMARK [3][-]{subsubsection.8.3.2.6}{\376\377\000K\000e\000y\000S\000e\000t}{subsection.8.3.2}% 270
\BOOKMARK [2][-]{subsection.8.3.3}{\376\377\000M\000e\000m\000b\000e\000r\000\040\000F\000u\000n\000c\000t\000i\000o\000n\000\040\000D\000o\000c\000u\000m\000e\000n\000t\000a\000t\000i\000o\000n}{section.8.3}% 271
\BOOKMARK [3][-]{subsubsection.8.3.3.1}{\376\377\000a\000p\000p\000e\000n\000d}{subsection.8.3.3}% 272
\BOOKMARK [3][-]{subsubsection.8.3.3.2}{\376\377\000a\000p\000p\000e\000n\000d}{subsection.8.3.3}% 273
\BOOKMARK [3][-]{subsubsection.8.3.3.3}{\376\377\000c\000l\000e\000a\000r}{subsection.8.3.3}% 274
\BOOKMARK [3][-]{subsubsection.8.3.3.4}{\376\377\000c\000o\000p\000y}{subsection.8.3.3}% 275
\BOOKMARK [3][-]{subsubsection.8.3.3.5}{\376\377\000c\000u\000r\000r\000e\000n\000t}{subsection.8.3.3}% 276
\BOOKMARK [3][-]{subsubsection.8.3.3.6}{\376\377\000c\000u\000t}{subsection.8.3.3}% 277
\BOOKMARK [3][-]{subsubsection.8.3.3.7}{\376\377\000d\000u\000p}{subsection.8.3.3}% 278
\BOOKMARK [3][-]{subsubsection.8.3.3.8}{\376\377\000g\000e\000t\000C\000u\000r\000s\000o\000r}{subsection.8.3.3}% 279
\BOOKMARK [3][-]{subsubsection.8.3.3.9}{\376\377\000g\000e\000t\000K\000e\000y\000S\000e\000t}{subsection.8.3.3}% 280
\BOOKMARK [3][-]{subsubsection.8.3.3.10}{\376\377\000h\000e\000a\000d}{subsection.8.3.3}% 281
\BOOKMARK [3][-]{subsubsection.8.3.3.11}{\376\377\000l\000o\000o\000k\000u\000p}{subsection.8.3.3}% 282
\BOOKMARK [3][-]{subsubsection.8.3.3.12}{\376\377\000l\000o\000o\000k\000u\000p}{subsection.8.3.3}% 283
\BOOKMARK [3][-]{subsubsection.8.3.3.13}{\376\377\000n\000e\000x\000t}{subsection.8.3.3}% 284
\BOOKMARK [3][-]{subsubsection.8.3.3.14}{\376\377\000o\000p\000e\000r\000a\000t\000o\000r\000=}{subsection.8.3.3}% 285
\BOOKMARK [3][-]{subsubsection.8.3.3.15}{\376\377\000p\000o\000p}{subsection.8.3.3}% 286
\BOOKMARK [3][-]{subsubsection.8.3.3.16}{\376\377\000r\000e\000l\000e\000a\000s\000e}{subsection.8.3.3}% 287
\BOOKMARK [3][-]{subsubsection.8.3.3.17}{\376\377\000r\000e\000w\000i\000n\000d}{subsection.8.3.3}% 288
\BOOKMARK [3][-]{subsubsection.8.3.3.18}{\376\377\000s\000e\000t\000C\000u\000r\000s\000o\000r}{subsection.8.3.3}% 289
\BOOKMARK [3][-]{subsubsection.8.3.3.19}{\376\377\000s\000e\000t\000K\000e\000y\000S\000e\000t}{subsection.8.3.3}% 290
\BOOKMARK [3][-]{subsubsection.8.3.3.20}{\376\377\000s\000i\000z\000e}{subsection.8.3.3}% 291
\BOOKMARK [3][-]{subsubsection.8.3.3.21}{\376\377\000t\000a\000i\000l}{subsection.8.3.3}% 292
