\BOOKMARK [0][-]{chapter.1}{\376\377\000T\000h\000e\000\040\000E\000l\000e\000k\000t\000r\000a\000\040\000A\000P\000I}{}% 1
\BOOKMARK [1][-]{section.1.1}{\376\377\000E\000l\000e\000k\000t\000r\000a\000\040\000I\000n\000i\000t\000i\000a\000t\000i\000v\000e\000\040\000O\000v\000e\000r\000v\000i\000e\000w}{chapter.1}% 2
\BOOKMARK [1][-]{section.1.2}{\376\377\000A\000P\000I\000\040\000d\000o\000c\000u}{chapter.1}% 3
\BOOKMARK [1][-]{section.1.3}{\376\377\000U\000s\000i\000n\000g\000\040\000t\000h\000e\000\040\000E\000l\000e\000k\000t\000r\000a\000\040\000L\000i\000b\000r\000a\000r\000y}{chapter.1}% 4
\BOOKMARK [1][-]{section.1.4}{\376\377\000E\000l\000e\000k\000t\000r\000a\000\040\000A\000P\000I}{chapter.1}% 5
\BOOKMARK [1][-]{section.1.5}{\376\377\000K\000e\000y\000\040\000N\000a\000m\000e\000s\000\040\000a\000n\000d\000\040\000N\000a\000m\000e\000s\000p\000a\000c\000e\000s}{chapter.1}% 6
\BOOKMARK [1][-]{section.1.6}{\376\377\000R\000u\000l\000e\000s\000\040\000f\000o\000r\000\040\000K\000e\000y\000\040\000N\000a\000m\000e\000s}{chapter.1}% 7
\BOOKMARK [1][-]{section.1.7}{\376\377\000B\000a\000c\000k\000e\000n\000d\000\040\000O\000v\000e\000r\000v\000i\000e\000w}{chapter.1}% 8
\BOOKMARK [1][-]{section.1.8}{\376\377\000G\000l\000o\000s\000s\000a\000r\000y}{chapter.1}% 9
\BOOKMARK [0][-]{chapter.2}{\376\377\000D\000e\000p\000r\000e\000c\000a\000t\000e\000d\000\040\000L\000i\000s\000t}{}% 10
\BOOKMARK [0][-]{chapter.3}{\376\377\000M\000o\000d\000u\000l\000e\000\040\000I\000n\000d\000e\000x}{}% 11
\BOOKMARK [1][-]{section.3.1}{\376\377\000M\000o\000d\000u\000l\000e\000s}{chapter.3}% 12
\BOOKMARK [0][-]{chapter.4}{\376\377\000N\000a\000m\000e\000s\000p\000a\000c\000e\000\040\000I\000n\000d\000e\000x}{}% 13
\BOOKMARK [1][-]{section.4.1}{\376\377\000N\000a\000m\000e\000s\000p\000a\000c\000e\000\040\000L\000i\000s\000t}{chapter.4}% 14
\BOOKMARK [0][-]{chapter.5}{\376\377\000D\000a\000t\000a\000\040\000S\000t\000r\000u\000c\000t\000u\000r\000e\000\040\000I\000n\000d\000e\000x}{}% 15
\BOOKMARK [1][-]{section.5.1}{\376\377\000C\000l\000a\000s\000s\000\040\000H\000i\000e\000r\000a\000r\000c\000h\000y}{chapter.5}% 16
\BOOKMARK [0][-]{chapter.6}{\376\377\000D\000a\000t\000a\000\040\000S\000t\000r\000u\000c\000t\000u\000r\000e\000\040\000I\000n\000d\000e\000x}{}% 17
\BOOKMARK [1][-]{section.6.1}{\376\377\000D\000a\000t\000a\000\040\000S\000t\000r\000u\000c\000t\000u\000r\000e\000s}{chapter.6}% 18
\BOOKMARK [0][-]{chapter.7}{\376\377\000F\000i\000l\000e\000\040\000I\000n\000d\000e\000x}{}% 19
\BOOKMARK [1][-]{section.7.1}{\376\377\000F\000i\000l\000e\000\040\000L\000i\000s\000t}{chapter.7}% 20
\BOOKMARK [0][-]{chapter.8}{\376\377\000M\000o\000d\000u\000l\000e\000\040\000D\000o\000c\000u\000m\000e\000n\000t\000a\000t\000i\000o\000n}{}% 21
\BOOKMARK [1][-]{section.8.1}{\376\377\000K\000D\000B}{chapter.8}% 22
\BOOKMARK [2][-]{subsection.8.1.1}{\376\377\000D\000e\000t\000a\000i\000l\000e\000d\000\040\000D\000e\000s\000c\000r\000i\000p\000t\000i\000o\000n}{section.8.1}% 23
\BOOKMARK [2][-]{subsection.8.1.2}{\376\377\000E\000n\000u\000m\000e\000r\000a\000t\000i\000o\000n\000\040\000T\000y\000p\000e\000\040\000D\000o\000c\000u\000m\000e\000n\000t\000a\000t\000i\000o\000n}{section.8.1}% 24
\BOOKMARK [3][-]{subsubsection.8.1.2.1}{\376\377\000o\000p\000t\000i\000o\000n\000\137\000t}{subsection.8.1.2}% 25
\BOOKMARK [2][-]{subsection.8.1.3}{\376\377\000F\000u\000n\000c\000t\000i\000o\000n\000\040\000D\000o\000c\000u\000m\000e\000n\000t\000a\000t\000i\000o\000n}{section.8.1}% 26
\BOOKMARK [3][-]{subsubsection.8.1.3.1}{\376\377\000k\000d\000b\000C\000l\000o\000s\000e}{subsection.8.1.3}% 27
\BOOKMARK [3][-]{subsubsection.8.1.3.2}{\376\377\000k\000d\000b\000G\000e\000t}{subsection.8.1.3}% 28
\BOOKMARK [2][-]{subsection.8.1.4}{\376\377\000E\000x\000a\000m\000p\000l\000e}{section.8.1}% 29
\BOOKMARK [2][-]{subsection.8.1.5}{\376\377\000D\000e\000t\000a\000i\000l\000s}{section.8.1}% 30
\BOOKMARK [2][-]{subsection.8.1.6}{\376\377\000U\000p\000d\000a\000t\000i\000n\000g}{section.8.1}% 31
\BOOKMARK [3][-]{subsubsection.8.1.6.1}{\376\377\000k\000d\000b\000O\000p\000e\000n}{subsection.8.1.6}% 32
\BOOKMARK [3][-]{subsubsection.8.1.6.2}{\376\377\000k\000d\000b\000S\000e\000t}{subsection.8.1.6}% 33
\BOOKMARK [2][-]{subsection.8.1.7}{\376\377\000p\000a\000r\000e\000n\000t\000K\000e\000y}{section.8.1}% 34
\BOOKMARK [2][-]{subsection.8.1.8}{\376\377\000U\000p\000d\000a\000t\000e}{section.8.1}% 35
\BOOKMARK [2][-]{subsection.8.1.9}{\376\377\000E\000r\000r\000o\000r\000\040\000S\000i\000t\000u\000a\000t\000i\000o\000n\000s}{section.8.1}% 36
\BOOKMARK [1][-]{section.8.2}{\376\377\000K\000e\000y}{chapter.8}% 37
\BOOKMARK [2][-]{subsection.8.2.1}{\376\377\000D\000e\000t\000a\000i\000l\000e\000d\000\040\000D\000e\000s\000c\000r\000i\000p\000t\000i\000o\000n}{section.8.2}% 38
\BOOKMARK [2][-]{subsection.8.2.2}{\376\377\000E\000n\000u\000m\000e\000r\000a\000t\000i\000o\000n\000\040\000T\000y\000p\000e\000\040\000D\000o\000c\000u\000m\000e\000n\000t\000a\000t\000i\000o\000n}{section.8.2}% 39
\BOOKMARK [3][-]{subsubsection.8.2.2.1}{\376\377\000k\000e\000y\000s\000w\000i\000t\000c\000h\000\137\000t}{subsection.8.2.2}% 40
\BOOKMARK [2][-]{subsection.8.2.3}{\376\377\000F\000u\000n\000c\000t\000i\000o\000n\000\040\000D\000o\000c\000u\000m\000e\000n\000t\000a\000t\000i\000o\000n}{section.8.2}% 41
\BOOKMARK [3][-]{subsubsection.8.2.3.1}{\376\377\000k\000e\000y\000C\000l\000e\000a\000r}{subsection.8.2.3}% 42
\BOOKMARK [3][-]{subsubsection.8.2.3.2}{\376\377\000k\000e\000y\000C\000o\000p\000y}{subsection.8.2.3}% 43
\BOOKMARK [3][-]{subsubsection.8.2.3.3}{\376\377\000k\000e\000y\000D\000e\000c\000R\000e\000f}{subsection.8.2.3}% 44
\BOOKMARK [3][-]{subsubsection.8.2.3.4}{\376\377\000k\000e\000y\000D\000e\000l}{subsection.8.2.3}% 45
\BOOKMARK [3][-]{subsubsection.8.2.3.5}{\376\377\000k\000e\000y\000D\000u\000p}{subsection.8.2.3}% 46
\BOOKMARK [3][-]{subsubsection.8.2.3.6}{\376\377\000k\000e\000y\000G\000e\000t\000R\000e\000f}{subsection.8.2.3}% 47
\BOOKMARK [3][-]{subsubsection.8.2.3.7}{\376\377\000k\000e\000y\000I\000n\000c\000R\000e\000f}{subsection.8.2.3}% 48
\BOOKMARK [3][-]{subsubsection.8.2.3.8}{\376\377\000k\000e\000y\000N\000e\000w}{subsection.8.2.3}% 49
\BOOKMARK [1][-]{section.8.3}{\376\377\000B\000a\000s\000i\000c\000\040\000M\000e\000t\000h\000o\000d\000s}{chapter.8}% 50
\BOOKMARK [1][-]{section.8.4}{\376\377\000M\000e\000t\000a\000\040\000I\000n\000f\000o\000\040\000M\000a\000n\000i\000p\000u\000l\000a\000t\000i\000o\000n\000\040\000M\000e\000t\000h\000o\000d\000s}{chapter.8}% 51
\BOOKMARK [2][-]{subsection.8.4.1}{\376\377\000D\000e\000t\000a\000i\000l\000e\000d\000\040\000D\000e\000s\000c\000r\000i\000p\000t\000i\000o\000n}{section.8.4}% 52
\BOOKMARK [2][-]{subsection.8.4.2}{\376\377\000F\000u\000n\000c\000t\000i\000o\000n\000\040\000D\000o\000c\000u\000m\000e\000n\000t\000a\000t\000i\000o\000n}{section.8.4}% 53
\BOOKMARK [3][-]{subsubsection.8.4.2.1}{\376\377\000k\000e\000y\000C\000o\000p\000y\000A\000l\000l\000M\000e\000t\000a}{subsection.8.4.2}% 54
\BOOKMARK [3][-]{subsubsection.8.4.2.2}{\376\377\000k\000e\000y\000C\000o\000p\000y\000M\000e\000t\000a}{subsection.8.4.2}% 55
\BOOKMARK [3][-]{subsubsection.8.4.2.3}{\376\377\000k\000e\000y\000C\000u\000r\000r\000e\000n\000t\000M\000e\000t\000a}{subsection.8.4.2}% 56
\BOOKMARK [3][-]{subsubsection.8.4.2.4}{\376\377\000k\000e\000y\000G\000e\000t\000A\000T\000i\000m\000e}{subsection.8.4.2}% 57
\BOOKMARK [3][-]{subsubsection.8.4.2.5}{\376\377\000k\000e\000y\000G\000e\000t\000C\000T\000i\000m\000e}{subsection.8.4.2}% 58
\BOOKMARK [3][-]{subsubsection.8.4.2.6}{\376\377\000k\000e\000y\000G\000e\000t\000G\000I\000D}{subsection.8.4.2}% 59
\BOOKMARK [2][-]{subsection.8.4.3}{\376\377\000G\000I\000D}{section.8.4}% 60
\BOOKMARK [3][-]{subsubsection.8.4.3.1}{\376\377\000k\000e\000y\000G\000e\000t\000M\000e\000t\000a}{subsection.8.4.3}% 61
\BOOKMARK [3][-]{subsubsection.8.4.3.2}{\376\377\000k\000e\000y\000G\000e\000t\000M\000o\000d\000e}{subsection.8.4.3}% 62
\BOOKMARK [3][-]{subsubsection.8.4.3.3}{\376\377\000k\000e\000y\000G\000e\000t\000M\000T\000i\000m\000e}{subsection.8.4.3}% 63
\BOOKMARK [3][-]{subsubsection.8.4.3.4}{\376\377\000k\000e\000y\000G\000e\000t\000U\000I\000D}{subsection.8.4.3}% 64
\BOOKMARK [2][-]{subsection.8.4.4}{\376\377\000U\000I\000D}{section.8.4}% 65
\BOOKMARK [3][-]{subsubsection.8.4.4.1}{\376\377\000k\000e\000y\000N\000e\000x\000t\000M\000e\000t\000a}{subsection.8.4.4}% 66
\BOOKMARK [3][-]{subsubsection.8.4.4.2}{\376\377\000k\000e\000y\000R\000e\000w\000i\000n\000d\000M\000e\000t\000a}{subsection.8.4.4}% 67
\BOOKMARK [3][-]{subsubsection.8.4.4.3}{\376\377\000k\000e\000y\000S\000e\000t\000A\000T\000i\000m\000e}{subsection.8.4.4}% 68
\BOOKMARK [3][-]{subsubsection.8.4.4.4}{\376\377\000k\000e\000y\000S\000e\000t\000C\000T\000i\000m\000e}{subsection.8.4.4}% 69
\BOOKMARK [3][-]{subsubsection.8.4.4.5}{\376\377\000k\000e\000y\000S\000e\000t\000D\000i\000r}{subsection.8.4.4}% 70
\BOOKMARK [3][-]{subsubsection.8.4.4.6}{\376\377\000k\000e\000y\000S\000e\000t\000G\000I\000D}{subsection.8.4.4}% 71
\BOOKMARK [3][-]{subsubsection.8.4.4.7}{\376\377\000k\000e\000y\000S\000e\000t\000M\000e\000t\000a}{subsection.8.4.4}% 72
\BOOKMARK [3][-]{subsubsection.8.4.4.8}{\376\377\000k\000e\000y\000S\000e\000t\000M\000o\000d\000e}{subsection.8.4.4}% 73
\BOOKMARK [2][-]{subsection.8.4.5}{\376\377\000M\000o\000d\000e\000s}{section.8.4}% 74
\BOOKMARK [3][-]{subsubsection.8.4.5.1}{\376\377\000k\000e\000y\000S\000e\000t\000M\000T\000i\000m\000e}{subsection.8.4.5}% 75
\BOOKMARK [3][-]{subsubsection.8.4.5.2}{\376\377\000k\000e\000y\000S\000e\000t\000U\000I\000D}{subsection.8.4.5}% 76
\BOOKMARK [1][-]{section.8.5}{\376\377\000N\000a\000m\000e\000\040\000M\000a\000n\000i\000p\000u\000l\000a\000t\000i\000o\000n\000\040\000M\000e\000t\000h\000o\000d\000s}{chapter.8}% 77
\BOOKMARK [2][-]{subsection.8.5.1}{\376\377\000D\000e\000t\000a\000i\000l\000e\000d\000\040\000D\000e\000s\000c\000r\000i\000p\000t\000i\000o\000n}{section.8.5}% 78
\BOOKMARK [2][-]{subsection.8.5.2}{\376\377\000F\000u\000n\000c\000t\000i\000o\000n\000\040\000D\000o\000c\000u\000m\000e\000n\000t\000a\000t\000i\000o\000n}{section.8.5}% 79
\BOOKMARK [3][-]{subsubsection.8.5.2.1}{\376\377\000k\000e\000y\000A\000d\000d\000B\000a\000s\000e\000N\000a\000m\000e}{subsection.8.5.2}% 80
\BOOKMARK [3][-]{subsubsection.8.5.2.2}{\376\377\000k\000e\000y\000B\000a\000s\000e\000N\000a\000m\000e}{subsection.8.5.2}% 81
\BOOKMARK [3][-]{subsubsection.8.5.2.3}{\376\377\000k\000e\000y\000G\000e\000t\000B\000a\000s\000e\000N\000a\000m\000e}{subsection.8.5.2}% 82
\BOOKMARK [3][-]{subsubsection.8.5.2.4}{\376\377\000k\000e\000y\000G\000e\000t\000B\000a\000s\000e\000N\000a\000m\000e\000S\000i\000z\000e}{subsection.8.5.2}% 83
\BOOKMARK [3][-]{subsubsection.8.5.2.5}{\376\377\000k\000e\000y\000G\000e\000t\000F\000u\000l\000l\000N\000a\000m\000e}{subsection.8.5.2}% 84
\BOOKMARK [3][-]{subsubsection.8.5.2.6}{\376\377\000k\000e\000y\000G\000e\000t\000F\000u\000l\000l\000N\000a\000m\000e\000S\000i\000z\000e}{subsection.8.5.2}% 85
\BOOKMARK [3][-]{subsubsection.8.5.2.7}{\376\377\000k\000e\000y\000G\000e\000t\000N\000a\000m\000e}{subsection.8.5.2}% 86
\BOOKMARK [3][-]{subsubsection.8.5.2.8}{\376\377\000k\000e\000y\000G\000e\000t\000N\000a\000m\000e\000S\000i\000z\000e}{subsection.8.5.2}% 87
\BOOKMARK [3][-]{subsubsection.8.5.2.9}{\376\377\000k\000e\000y\000G\000e\000t\000O\000w\000n\000e\000r}{subsection.8.5.2}% 88
\BOOKMARK [3][-]{subsubsection.8.5.2.10}{\376\377\000k\000e\000y\000G\000e\000t\000O\000w\000n\000e\000r\000S\000i\000z\000e}{subsection.8.5.2}% 89
\BOOKMARK [3][-]{subsubsection.8.5.2.11}{\376\377\000k\000e\000y\000N\000a\000m\000e}{subsection.8.5.2}% 90
\BOOKMARK [3][-]{subsubsection.8.5.2.12}{\376\377\000k\000e\000y\000O\000w\000n\000e\000r}{subsection.8.5.2}% 91
\BOOKMARK [3][-]{subsubsection.8.5.2.13}{\376\377\000k\000e\000y\000S\000e\000t\000B\000a\000s\000e\000N\000a\000m\000e}{subsection.8.5.2}% 92
\BOOKMARK [3][-]{subsubsection.8.5.2.14}{\376\377\000k\000e\000y\000S\000e\000t\000N\000a\000m\000e}{subsection.8.5.2}% 93
\BOOKMARK [3][-]{subsubsection.8.5.2.15}{\376\377\000k\000e\000y\000S\000e\000t\000O\000w\000n\000e\000r}{subsection.8.5.2}% 94
\BOOKMARK [1][-]{section.8.6}{\376\377\000K\000e\000y\000S\000e\000t}{chapter.8}% 95
\BOOKMARK [2][-]{subsection.8.6.1}{\376\377\000D\000e\000t\000a\000i\000l\000e\000d\000\040\000D\000e\000s\000c\000r\000i\000p\000t\000i\000o\000n}{section.8.6}% 96
\BOOKMARK [2][-]{subsection.8.6.2}{\376\377\000F\000u\000n\000c\000t\000i\000o\000n\000\040\000D\000o\000c\000u\000m\000e\000n\000t\000a\000t\000i\000o\000n}{section.8.6}% 97
\BOOKMARK [3][-]{subsubsection.8.6.2.1}{\376\377\000k\000s\000A\000p\000p\000e\000n\000d}{subsection.8.6.2}% 98
\BOOKMARK [3][-]{subsubsection.8.6.2.2}{\376\377\000k\000s\000A\000p\000p\000e\000n\000d\000K\000e\000y}{subsection.8.6.2}% 99
\BOOKMARK [3][-]{subsubsection.8.6.2.3}{\376\377\000k\000s\000A\000t\000C\000u\000r\000s\000o\000r}{subsection.8.6.2}% 100
\BOOKMARK [3][-]{subsubsection.8.6.2.4}{\376\377\000k\000s\000C\000o\000p\000y}{subsection.8.6.2}% 101
\BOOKMARK [3][-]{subsubsection.8.6.2.5}{\376\377\000k\000s\000C\000u\000r\000r\000e\000n\000t}{subsection.8.6.2}% 102
\BOOKMARK [3][-]{subsubsection.8.6.2.6}{\376\377\000k\000s\000C\000u\000t}{subsection.8.6.2}% 103
\BOOKMARK [3][-]{subsubsection.8.6.2.7}{\376\377\000k\000s\000D\000e\000l}{subsection.8.6.2}% 104
\BOOKMARK [3][-]{subsubsection.8.6.2.8}{\376\377\000k\000s\000D\000u\000p}{subsection.8.6.2}% 105
\BOOKMARK [3][-]{subsubsection.8.6.2.9}{\376\377\000k\000s\000G\000e\000t\000C\000u\000r\000s\000o\000r}{subsection.8.6.2}% 106
\BOOKMARK [2][-]{subsection.8.6.3}{\376\377\000R\000e\000a\000d\000\040\000a\000h\000e\000a\000d}{section.8.6}% 107
\BOOKMARK [2][-]{subsection.8.6.4}{\376\377\000R\000e\000s\000t\000o\000r\000i\000n\000g\000\040\000s\000t\000a\000t\000e}{section.8.6}% 108
\BOOKMARK [3][-]{subsubsection.8.6.4.1}{\376\377\000k\000s\000G\000e\000t\000S\000i\000z\000e}{subsection.8.6.4}% 109
\BOOKMARK [3][-]{subsubsection.8.6.4.2}{\376\377\000k\000s\000H\000e\000a\000d}{subsection.8.6.4}% 110
\BOOKMARK [3][-]{subsubsection.8.6.4.3}{\376\377\000k\000s\000L\000o\000o\000k\000u\000p}{subsection.8.6.4}% 111
\BOOKMARK [2][-]{subsection.8.6.5}{\376\377\000I\000n\000t\000r\000o\000d\000u\000c\000t\000i\000o\000n}{section.8.6}% 112
\BOOKMARK [2][-]{subsection.8.6.6}{\376\377\000U\000s\000a\000g\000e}{section.8.6}% 113
\BOOKMARK [3][-]{subsubsection.8.6.6.1}{\376\377\000K\000D\000B\000\137\000O\000\137\000N\000O\000A\000L\000L}{subsection.8.6.6}% 114
\BOOKMARK [3][-]{subsubsection.8.6.6.2}{\376\377\000K\000D\000B\000\137\000O\000\137\000P\000O\000P}{subsection.8.6.6}% 115
\BOOKMARK [3][-]{subsubsection.8.6.6.3}{\376\377\000k\000s\000L\000o\000o\000k\000u\000p\000B\000y\000N\000a\000m\000e}{subsection.8.6.6}% 116
\BOOKMARK [2][-]{subsection.8.6.7}{\376\377\000C\000a\000s\000c\000a\000d\000i\000n\000g}{section.8.6}% 117
\BOOKMARK [2][-]{subsection.8.6.8}{\376\377\000F\000u\000l\000l\000\040\000S\000e\000a\000r\000c\000h}{section.8.6}% 118
\BOOKMARK [3][-]{subsubsection.8.6.8.1}{\376\377\000k\000s\000N\000e\000w}{subsection.8.6.8}% 119
\BOOKMARK [3][-]{subsubsection.8.6.8.2}{\376\377\000k\000s\000N\000e\000x\000t}{subsection.8.6.8}% 120
\BOOKMARK [3][-]{subsubsection.8.6.8.3}{\376\377\000k\000s\000P\000o\000p}{subsection.8.6.8}% 121
\BOOKMARK [3][-]{subsubsection.8.6.8.4}{\376\377\000k\000s\000R\000e\000w\000i\000n\000d}{subsection.8.6.8}% 122
\BOOKMARK [3][-]{subsubsection.8.6.8.5}{\376\377\000k\000s\000S\000e\000t\000C\000u\000r\000s\000o\000r}{subsection.8.6.8}% 123
\BOOKMARK [3][-]{subsubsection.8.6.8.6}{\376\377\000k\000s\000T\000a\000i\000l}{subsection.8.6.8}% 124
\BOOKMARK [3][-]{subsubsection.8.6.8.7}{\376\377\000k\000s\000V\000N\000e\000w}{subsection.8.6.8}% 125
\BOOKMARK [1][-]{section.8.7}{\376\377\000M\000e\000t\000h\000o\000d\000s\000\040\000f\000o\000r\000\040\000M\000a\000k\000i\000n\000g\000\040\000T\000e\000s\000t\000s}{chapter.8}% 126
\BOOKMARK [2][-]{subsection.8.7.1}{\376\377\000D\000e\000t\000a\000i\000l\000e\000d\000\040\000D\000e\000s\000c\000r\000i\000p\000t\000i\000o\000n}{section.8.7}% 127
\BOOKMARK [2][-]{subsection.8.7.2}{\376\377\000F\000u\000n\000c\000t\000i\000o\000n\000\040\000D\000o\000c\000u\000m\000e\000n\000t\000a\000t\000i\000o\000n}{section.8.7}% 128
\BOOKMARK [3][-]{subsubsection.8.7.2.1}{\376\377\000k\000e\000y\000C\000m\000p}{subsection.8.7.2}% 129
\BOOKMARK [3][-]{subsubsection.8.7.2.2}{\376\377\000k\000e\000y\000C\000o\000m\000p\000a\000r\000e}{subsection.8.7.2}% 130
\BOOKMARK [3][-]{subsubsection.8.7.2.3}{\376\377\000k\000e\000y\000I\000s\000B\000e\000l\000o\000w}{subsection.8.7.2}% 131
\BOOKMARK [3][-]{subsubsection.8.7.2.4}{\376\377\000k\000e\000y\000I\000s\000B\000i\000n\000a\000r\000y}{subsection.8.7.2}% 132
\BOOKMARK [3][-]{subsubsection.8.7.2.5}{\376\377\000k\000e\000y\000I\000s\000D\000i\000r}{subsection.8.7.2}% 133
\BOOKMARK [3][-]{subsubsection.8.7.2.6}{\376\377\000k\000e\000y\000I\000s\000D\000i\000r\000e\000c\000t\000B\000e\000l\000o\000w}{subsection.8.7.2}% 134
\BOOKMARK [3][-]{subsubsection.8.7.2.7}{\376\377\000k\000e\000y\000I\000s\000I\000n\000a\000c\000t\000i\000v\000e}{subsection.8.7.2}% 135
\BOOKMARK [3][-]{subsubsection.8.7.2.8}{\376\377\000k\000e\000y\000I\000s\000S\000t\000r\000i\000n\000g}{subsection.8.7.2}% 136
\BOOKMARK [3][-]{subsubsection.8.7.2.9}{\376\377\000k\000e\000y\000I\000s\000S\000y\000s\000t\000e\000m}{subsection.8.7.2}% 137
\BOOKMARK [3][-]{subsubsection.8.7.2.10}{\376\377\000k\000e\000y\000I\000s\000U\000s\000e\000r}{subsection.8.7.2}% 138
\BOOKMARK [3][-]{subsubsection.8.7.2.11}{\376\377\000k\000e\000y\000N\000e\000e\000d\000S\000y\000n\000c}{subsection.8.7.2}% 139
\BOOKMARK [3][-]{subsubsection.8.7.2.12}{\376\377\000k\000e\000y\000R\000e\000l}{subsection.8.7.2}% 140
\BOOKMARK [1][-]{section.8.8}{\376\377\000V\000a\000l\000u\000e\000\040\000M\000a\000n\000i\000p\000u\000l\000a\000t\000i\000o\000n\000\040\000M\000e\000t\000h\000o\000d\000s}{chapter.8}% 141
\BOOKMARK [2][-]{subsection.8.8.1}{\376\377\000D\000e\000t\000a\000i\000l\000e\000d\000\040\000D\000e\000s\000c\000r\000i\000p\000t\000i\000o\000n}{section.8.8}% 142
\BOOKMARK [2][-]{subsection.8.8.2}{\376\377\000F\000u\000n\000c\000t\000i\000o\000n\000\040\000D\000o\000c\000u\000m\000e\000n\000t\000a\000t\000i\000o\000n}{section.8.8}% 143
\BOOKMARK [3][-]{subsubsection.8.8.2.1}{\376\377\000k\000e\000y\000C\000o\000m\000m\000e\000n\000t}{subsection.8.8.2}% 144
\BOOKMARK [3][-]{subsubsection.8.8.2.2}{\376\377\000k\000e\000y\000G\000e\000t\000B\000i\000n\000a\000r\000y}{subsection.8.8.2}% 145
\BOOKMARK [3][-]{subsubsection.8.8.2.3}{\376\377\000k\000e\000y\000G\000e\000t\000C\000o\000m\000m\000e\000n\000t}{subsection.8.8.2}% 146
\BOOKMARK [2][-]{subsection.8.8.3}{\376\377\000C\000o\000m\000m\000e\000n\000t\000s}{section.8.8}% 147
\BOOKMARK [3][-]{subsubsection.8.8.3.1}{\376\377\000k\000e\000y\000G\000e\000t\000C\000o\000m\000m\000e\000n\000t\000S\000i\000z\000e}{subsection.8.8.3}% 148
\BOOKMARK [3][-]{subsubsection.8.8.3.2}{\376\377\000k\000e\000y\000G\000e\000t\000S\000t\000r\000i\000n\000g}{subsection.8.8.3}% 149
\BOOKMARK [3][-]{subsubsection.8.8.3.3}{\376\377\000k\000e\000y\000G\000e\000t\000V\000a\000l\000u\000e\000S\000i\000z\000e}{subsection.8.8.3}% 150
\BOOKMARK [3][-]{subsubsection.8.8.3.4}{\376\377\000k\000e\000y\000S\000e\000t\000B\000i\000n\000a\000r\000y}{subsection.8.8.3}% 151
\BOOKMARK [3][-]{subsubsection.8.8.3.5}{\376\377\000k\000e\000y\000S\000e\000t\000C\000o\000m\000m\000e\000n\000t}{subsection.8.8.3}% 152
\BOOKMARK [3][-]{subsubsection.8.8.3.6}{\376\377\000k\000e\000y\000S\000e\000t\000S\000t\000r\000i\000n\000g}{subsection.8.8.3}% 153
\BOOKMARK [3][-]{subsubsection.8.8.3.7}{\376\377\000k\000e\000y\000S\000t\000r\000i\000n\000g}{subsection.8.8.3}% 154
\BOOKMARK [3][-]{subsubsection.8.8.3.8}{\376\377\000k\000e\000y\000V\000a\000l\000u\000e}{subsection.8.8.3}% 155
\BOOKMARK [2][-]{subsection.8.8.4}{\376\377\000S\000t\000r\000i\000n\000g\000\040\000H\000a\000n\000d\000l\000i\000n\000g}{section.8.8}% 156
\BOOKMARK [2][-]{subsection.8.8.5}{\376\377\000B\000i\000n\000a\000r\000y\000\040\000D\000a\000t\000a\000\040\000H\000a\000n\000d\000l\000i\000n\000g}{section.8.8}% 157
\BOOKMARK [1][-]{section.8.9}{\376\377\000P\000l\000u\000g\000i\000n\000s}{chapter.8}% 158
\BOOKMARK [2][-]{subsection.8.9.1}{\376\377\000D\000e\000t\000a\000i\000l\000e\000d\000\040\000D\000e\000s\000c\000r\000i\000p\000t\000i\000o\000n}{section.8.9}% 159
\BOOKMARK [2][-]{subsection.8.9.2}{\376\377\000F\000u\000n\000c\000t\000i\000o\000n\000\040\000D\000o\000c\000u\000m\000e\000n\000t\000a\000t\000i\000o\000n}{section.8.9}% 160
\BOOKMARK [3][-]{subsubsection.8.9.2.1}{\376\377\000d\000o\000c\000C\000l\000o\000s\000e}{subsection.8.9.2}% 161
\BOOKMARK [3][-]{subsubsection.8.9.2.2}{\376\377\000d\000o\000c\000E\000r\000r\000o\000r}{subsection.8.9.2}% 162
\BOOKMARK [3][-]{subsubsection.8.9.2.3}{\376\377\000d\000o\000c\000G\000e\000t}{subsection.8.9.2}% 163
\BOOKMARK [2][-]{subsection.8.9.3}{\376\377\000I\000n\000t\000r\000o\000d\000u\000c\000t\000i\000o\000n}{section.8.9}% 164
\BOOKMARK [3][-]{subsubsection.8.9.3.1}{\376\377\000S\000t\000o\000r\000a\000g\000e\000\040\000P\000l\000u\000g\000i\000n\000s}{subsection.8.9.3}% 165
\BOOKMARK [3][-]{subsubsection.8.9.3.2}{\376\377\000F\000i\000l\000t\000e\000r\000\040\000P\000l\000u\000g\000i\000n\000s}{subsection.8.9.3}% 166
\BOOKMARK [2][-]{subsection.8.9.4}{\376\377\000C\000o\000n\000d\000i\000t\000i\000o\000n\000s}{section.8.9}% 167
\BOOKMARK [2][-]{subsection.8.9.5}{\376\377\000U\000p\000d\000a\000t\000i\000n\000g}{section.8.9}% 168
\BOOKMARK [3][-]{subsubsection.8.9.5.1}{\376\377\000d\000o\000c\000O\000p\000e\000n}{subsection.8.9.5}% 169
\BOOKMARK [3][-]{subsubsection.8.9.5.2}{\376\377\000d\000o\000c\000S\000e\000t}{subsection.8.9.5}% 170
\BOOKMARK [3][-]{subsubsection.8.9.5.3}{\376\377\000E\000L\000E\000K\000T\000R\000A\000\137\000P\000L\000U\000G\000I\000N\000\137\000E\000X\000P\000O\000R\000T}{subsection.8.9.5}% 171
\BOOKMARK [0][-]{chapter.9}{\376\377\000N\000a\000m\000e\000s\000p\000a\000c\000e\000\040\000D\000o\000c\000u\000m\000e\000n\000t\000a\000t\000i\000o\000n}{}% 172
\BOOKMARK [1][-]{section.9.1}{\376\377\000k\000d\000b\000\040\000N\000a\000m\000e\000s\000p\000a\000c\000e\000\040\000R\000e\000f\000e\000r\000e\000n\000c\000e}{chapter.9}% 173
\BOOKMARK [2][-]{subsection.9.1.1}{\376\377\000D\000e\000t\000a\000i\000l\000e\000d\000\040\000D\000e\000s\000c\000r\000i\000p\000t\000i\000o\000n}{section.9.1}% 174
\BOOKMARK [2][-]{subsection.9.1.2}{\376\377\000F\000u\000n\000c\000t\000i\000o\000n\000\040\000D\000o\000c\000u\000m\000e\000n\000t\000a\000t\000i\000o\000n}{section.9.1}% 175
\BOOKMARK [3][-]{subsubsection.9.1.2.1}{\376\377\000o\000p\000e\000r\000a\000t\000o\000r\000<\000<}{subsection.9.1.2}% 176
\BOOKMARK [3][-]{subsubsection.9.1.2.2}{\376\377\000o\000p\000e\000r\000a\000t\000o\000r\000<\000<}{subsection.9.1.2}% 177
\BOOKMARK [3][-]{subsubsection.9.1.2.3}{\376\377\000o\000p\000e\000r\000a\000t\000o\000r\000>\000>}{subsection.9.1.2}% 178
\BOOKMARK [3][-]{subsubsection.9.1.2.4}{\376\377\000o\000p\000e\000r\000a\000t\000o\000r\000>\000>}{subsection.9.1.2}% 179
\BOOKMARK [1][-]{section.9.2}{\376\377\000k\000d\000b\000:\000:\000t\000o\000o\000l\000s\000\040\000N\000a\000m\000e\000s\000p\000a\000c\000e\000\040\000R\000e\000f\000e\000r\000e\000n\000c\000e}{chapter.9}% 180
\BOOKMARK [2][-]{subsection.9.2.1}{\376\377\000D\000e\000t\000a\000i\000l\000e\000d\000\040\000D\000e\000s\000c\000r\000i\000p\000t\000i\000o\000n}{section.9.2}% 181
\BOOKMARK [0][-]{chapter.10}{\376\377\000D\000a\000t\000a\000\040\000S\000t\000r\000u\000c\000t\000u\000r\000e\000\040\000D\000o\000c\000u\000m\000e\000n\000t\000a\000t\000i\000o\000n}{}% 182
\BOOKMARK [1][-]{section.10.1}{\376\377\000k\000d\000b\000:\000:\000t\000o\000o\000l\000s\000:\000:\000B\000a\000c\000k\000e\000n\000d\000\040\000C\000l\000a\000s\000s\000\040\000R\000e\000f\000e\000r\000e\000n\000c\000e}{chapter.10}% 183
\BOOKMARK [2][-]{subsection.10.1.1}{\376\377\000D\000e\000t\000a\000i\000l\000e\000d\000\040\000D\000e\000s\000c\000r\000i\000p\000t\000i\000o\000n}{section.10.1}% 184
\BOOKMARK [2][-]{subsection.10.1.2}{\376\377\000C\000o\000n\000s\000t\000r\000u\000c\000t\000o\000r\000\040\000\046\000\040\000D\000e\000s\000t\000r\000u\000c\000t\000o\000r\000\040\000D\000o\000c\000u\000m\000e\000n\000t\000a\000t\000i\000o\000n}{section.10.1}% 185
\BOOKMARK [3][-]{subsubsection.10.1.2.1}{\376\377\000B\000a\000c\000k\000e\000n\000d}{subsection.10.1.2}% 186
\BOOKMARK [2][-]{subsection.10.1.3}{\376\377\000M\000e\000m\000b\000e\000r\000\040\000F\000u\000n\000c\000t\000i\000o\000n\000\040\000D\000o\000c\000u\000m\000e\000n\000t\000a\000t\000i\000o\000n}{section.10.1}% 187
\BOOKMARK [3][-]{subsubsection.10.1.3.1}{\376\377\000a\000d\000d\000P\000l\000u\000g\000i\000n}{subsection.10.1.3}% 188
\BOOKMARK [3][-]{subsubsection.10.1.3.2}{\376\377\000c\000h\000e\000c\000k\000F\000i\000l\000e}{subsection.10.1.3}% 189
\BOOKMARK [3][-]{subsubsection.10.1.3.3}{\376\377\000s\000e\000r\000i\000a\000l\000i\000s\000e}{subsection.10.1.3}% 190
\BOOKMARK [3][-]{subsubsection.10.1.3.4}{\376\377\000v\000a\000l\000i\000d\000a\000t\000e\000d}{subsection.10.1.3}% 191
\BOOKMARK [1][-]{section.10.2}{\376\377\000k\000d\000b\000:\000:\000t\000o\000o\000l\000s\000:\000:\000B\000a\000c\000k\000e\000n\000d\000I\000n\000f\000o\000\040\000S\000t\000r\000u\000c\000t\000\040\000R\000e\000f\000e\000r\000e\000n\000c\000e}{chapter.10}% 192
\BOOKMARK [2][-]{subsection.10.2.1}{\376\377\000D\000e\000t\000a\000i\000l\000e\000d\000\040\000D\000e\000s\000c\000r\000i\000p\000t\000i\000o\000n}{section.10.2}% 193
\BOOKMARK [1][-]{section.10.3}{\376\377\000k\000d\000b\000:\000:\000t\000o\000o\000l\000s\000:\000:\000B\000a\000c\000k\000e\000n\000d\000s\000\040\000C\000l\000a\000s\000s\000\040\000R\000e\000f\000e\000r\000e\000n\000c\000e}{chapter.10}% 194
\BOOKMARK [2][-]{subsection.10.3.1}{\376\377\000D\000e\000t\000a\000i\000l\000e\000d\000\040\000D\000e\000s\000c\000r\000i\000p\000t\000i\000o\000n}{section.10.3}% 195
\BOOKMARK [2][-]{subsection.10.3.2}{\376\377\000M\000e\000m\000b\000e\000r\000\040\000F\000u\000n\000c\000t\000i\000o\000n\000\040\000D\000o\000c\000u\000m\000e\000n\000t\000a\000t\000i\000o\000n}{section.10.3}% 196
\BOOKMARK [3][-]{subsubsection.10.3.2.1}{\376\377\000g\000e\000t\000B\000a\000c\000k\000e\000n\000d\000I\000n\000f\000o}{subsection.10.3.2}% 197
\BOOKMARK [1][-]{section.10.4}{\376\377\000k\000d\000b\000:\000:\000C\000o\000n\000t\000e\000x\000t\000\040\000C\000l\000a\000s\000s\000\040\000R\000e\000f\000e\000r\000e\000n\000c\000e}{chapter.10}% 198
\BOOKMARK [2][-]{subsection.10.4.1}{\376\377\000D\000e\000t\000a\000i\000l\000e\000d\000\040\000D\000e\000s\000c\000r\000i\000p\000t\000i\000o\000n}{section.10.4}% 199
\BOOKMARK [2][-]{subsection.10.4.2}{\376\377\000M\000e\000m\000b\000e\000r\000\040\000F\000u\000n\000c\000t\000i\000o\000n\000\040\000D\000o\000c\000u\000m\000e\000n\000t\000a\000t\000i\000o\000n}{section.10.4}% 200
\BOOKMARK [3][-]{subsubsection.10.4.2.1}{\376\377\000a\000c\000t\000i\000v\000a\000t\000e}{subsection.10.4.2}% 201
\BOOKMARK [3][-]{subsubsection.10.4.2.2}{\376\377\000a\000t\000t\000a\000c\000h\000B\000y\000N\000a\000m\000e}{subsection.10.4.2}% 202
\BOOKMARK [3][-]{subsubsection.10.4.2.3}{\376\377\000e\000v\000a\000l\000u\000a\000t\000e}{subsection.10.4.2}% 203
\BOOKMARK [3][-]{subsubsection.10.4.2.4}{\376\377\000e\000v\000a\000l\000u\000a\000t\000e}{subsection.10.4.2}% 204
\BOOKMARK [3][-]{subsubsection.10.4.2.5}{\376\377\000o\000p\000e\000r\000a\000t\000o\000r\000[\000]}{subsection.10.4.2}% 205
\BOOKMARK [1][-]{section.10.5}{\376\377\000k\000d\000b\000:\000:\000K\000D\000B\000\040\000C\000l\000a\000s\000s\000\040\000R\000e\000f\000e\000r\000e\000n\000c\000e}{chapter.10}% 206
\BOOKMARK [2][-]{subsection.10.5.1}{\376\377\000D\000e\000t\000a\000i\000l\000e\000d\000\040\000D\000e\000s\000c\000r\000i\000p\000t\000i\000o\000n}{section.10.5}% 207
\BOOKMARK [2][-]{subsection.10.5.2}{\376\377\000C\000o\000n\000s\000t\000r\000u\000c\000t\000o\000r\000\040\000\046\000\040\000D\000e\000s\000t\000r\000u\000c\000t\000o\000r\000\040\000D\000o\000c\000u\000m\000e\000n\000t\000a\000t\000i\000o\000n}{section.10.5}% 208
\BOOKMARK [3][-]{subsubsection.10.5.2.1}{\376\377\000K\000D\000B}{subsection.10.5.2}% 209
\BOOKMARK [3][-]{subsubsection.10.5.2.2}{\376\377\000K\000D\000B}{subsection.10.5.2}% 210
\BOOKMARK [3][-]{subsubsection.10.5.2.3}{\376\377\000K\000D\000B}{subsection.10.5.2}% 211
\BOOKMARK [2][-]{subsection.10.5.3}{\376\377\000M\000e\000m\000b\000e\000r\000\040\000F\000u\000n\000c\000t\000i\000o\000n\000\040\000D\000o\000c\000u\000m\000e\000n\000t\000a\000t\000i\000o\000n}{section.10.5}% 212
\BOOKMARK [3][-]{subsubsection.10.5.3.1}{\376\377\000c\000l\000o\000s\000e}{subsection.10.5.3}% 213
\BOOKMARK [3][-]{subsubsection.10.5.3.2}{\376\377\000g\000e\000t}{subsection.10.5.3}% 214
\BOOKMARK [3][-]{subsubsection.10.5.3.3}{\376\377\000g\000e\000t}{subsection.10.5.3}% 215
\BOOKMARK [3][-]{subsubsection.10.5.3.4}{\376\377\000o\000p\000e\000n}{subsection.10.5.3}% 216
\BOOKMARK [3][-]{subsubsection.10.5.3.5}{\376\377\000s\000e\000t}{subsection.10.5.3}% 217
\BOOKMARK [3][-]{subsubsection.10.5.3.6}{\376\377\000s\000e\000t}{subsection.10.5.3}% 218
\BOOKMARK [1][-]{section.10.6}{\376\377\000k\000d\000b\000:\000:\000K\000e\000y\000\040\000C\000l\000a\000s\000s\000\040\000R\000e\000f\000e\000r\000e\000n\000c\000e}{chapter.10}% 219
\BOOKMARK [2][-]{subsection.10.6.1}{\376\377\000D\000e\000t\000a\000i\000l\000e\000d\000\040\000D\000e\000s\000c\000r\000i\000p\000t\000i\000o\000n}{section.10.6}% 220
\BOOKMARK [2][-]{subsection.10.6.2}{\376\377\000C\000o\000n\000s\000t\000r\000u\000c\000t\000o\000r\000\040\000\046\000\040\000D\000e\000s\000t\000r\000u\000c\000t\000o\000r\000\040\000D\000o\000c\000u\000m\000e\000n\000t\000a\000t\000i\000o\000n}{section.10.6}% 221
\BOOKMARK [3][-]{subsubsection.10.6.2.1}{\376\377\000K\000e\000y}{subsection.10.6.2}% 222
\BOOKMARK [3][-]{subsubsection.10.6.2.2}{\376\377\000K\000e\000y}{subsection.10.6.2}% 223
\BOOKMARK [3][-]{subsubsection.10.6.2.3}{\376\377\000K\000e\000y}{subsection.10.6.2}% 224
\BOOKMARK [3][-]{subsubsection.10.6.2.4}{\376\377\000K\000e\000y}{subsection.10.6.2}% 225
\BOOKMARK [3][-]{subsubsection.10.6.2.5}{\376\377\000K\000e\000y}{subsection.10.6.2}% 226
\BOOKMARK [3][-]{subsubsection.10.6.2.6}{\376\377\000K\000e\000y}{subsection.10.6.2}% 227
\BOOKMARK [3][-]{subsubsection.10.6.2.7}{\376\377\000K\000e\000y}{subsection.10.6.2}% 228
\BOOKMARK [3][-]{subsubsection.10.6.2.8}{\376\377\000K\000e\000y}{subsection.10.6.2}% 229
\BOOKMARK [2][-]{subsection.10.6.3}{\376\377\000M\000e\000m\000b\000e\000r\000\040\000F\000u\000n\000c\000t\000i\000o\000n\000\040\000D\000o\000c\000u\000m\000e\000n\000t\000a\000t\000i\000o\000n}{section.10.6}% 230
\BOOKMARK [3][-]{subsubsection.10.6.3.1}{\376\377\000a\000d\000d\000B\000a\000s\000e\000N\000a\000m\000e}{subsection.10.6.3}% 231
\BOOKMARK [3][-]{subsubsection.10.6.3.2}{\376\377\000c\000l\000e\000a\000r}{subsection.10.6.3}% 232
\BOOKMARK [3][-]{subsubsection.10.6.3.3}{\376\377\000c\000o\000p\000y}{subsection.10.6.3}% 233
\BOOKMARK [3][-]{subsubsection.10.6.3.4}{\376\377\000c\000o\000p\000y\000A\000l\000l\000M\000e\000t\000a}{subsection.10.6.3}% 234
\BOOKMARK [3][-]{subsubsection.10.6.3.5}{\376\377\000c\000o\000p\000y\000M\000e\000t\000a}{subsection.10.6.3}% 235
\BOOKMARK [3][-]{subsubsection.10.6.3.6}{\376\377\000c\000u\000r\000r\000e\000n\000t\000M\000e\000t\000a}{subsection.10.6.3}% 236
\BOOKMARK [3][-]{subsubsection.10.6.3.7}{\376\377\000d\000e\000l\000M\000e\000t\000a}{subsection.10.6.3}% 237
\BOOKMARK [3][-]{subsubsection.10.6.3.8}{\376\377\000d\000u\000p}{subsection.10.6.3}% 238
\BOOKMARK [3][-]{subsubsection.10.6.3.9}{\376\377\000g\000e\000t}{subsection.10.6.3}% 239
\BOOKMARK [3][-]{subsubsection.10.6.3.10}{\376\377\000g\000e\000t\000B\000a\000s\000e\000N\000a\000m\000e}{subsection.10.6.3}% 240
\BOOKMARK [3][-]{subsubsection.10.6.3.11}{\376\377\000g\000e\000t\000B\000a\000s\000e\000N\000a\000m\000e\000S\000i\000z\000e}{subsection.10.6.3}% 241
\BOOKMARK [3][-]{subsubsection.10.6.3.12}{\376\377\000g\000e\000t\000B\000i\000n\000a\000r\000y}{subsection.10.6.3}% 242
\BOOKMARK [3][-]{subsubsection.10.6.3.13}{\376\377\000g\000e\000t\000B\000i\000n\000a\000r\000y\000S\000i\000z\000e}{subsection.10.6.3}% 243
\BOOKMARK [3][-]{subsubsection.10.6.3.14}{\376\377\000g\000e\000t\000D\000i\000r\000N\000a\000m\000e}{subsection.10.6.3}% 244
\BOOKMARK [3][-]{subsubsection.10.6.3.15}{\376\377\000g\000e\000t\000F\000u\000l\000l\000N\000a\000m\000e}{subsection.10.6.3}% 245
\BOOKMARK [3][-]{subsubsection.10.6.3.16}{\376\377\000g\000e\000t\000F\000u\000l\000l\000N\000a\000m\000e\000S\000i\000z\000e}{subsection.10.6.3}% 246
\BOOKMARK [3][-]{subsubsection.10.6.3.17}{\376\377\000g\000e\000t\000F\000u\000n\000c}{subsection.10.6.3}% 247
\BOOKMARK [3][-]{subsubsection.10.6.3.18}{\376\377\000g\000e\000t\000K\000e\000y}{subsection.10.6.3}% 248
\BOOKMARK [3][-]{subsubsection.10.6.3.19}{\376\377\000g\000e\000t\000M\000e\000t\000a}{subsection.10.6.3}% 249
\BOOKMARK [3][-]{subsubsection.10.6.3.20}{\376\377\000g\000e\000t\000N\000a\000m\000e}{subsection.10.6.3}% 250
\BOOKMARK [3][-]{subsubsection.10.6.3.21}{\376\377\000g\000e\000t\000N\000a\000m\000e\000S\000i\000z\000e}{subsection.10.6.3}% 251
\BOOKMARK [3][-]{subsubsection.10.6.3.22}{\376\377\000g\000e\000t\000R\000e\000f\000e\000r\000e\000n\000c\000e\000C\000o\000u\000n\000t\000e\000r}{subsection.10.6.3}% 252
\BOOKMARK [3][-]{subsubsection.10.6.3.23}{\376\377\000g\000e\000t\000S\000t\000r\000i\000n\000g}{subsection.10.6.3}% 253
\BOOKMARK [3][-]{subsubsection.10.6.3.24}{\376\377\000g\000e\000t\000S\000t\000r\000i\000n\000g\000S\000i\000z\000e}{subsection.10.6.3}% 254
\BOOKMARK [3][-]{subsubsection.10.6.3.25}{\376\377\000g\000e\000t\000V\000a\000l\000u\000e}{subsection.10.6.3}% 255
\BOOKMARK [3][-]{subsubsection.10.6.3.26}{\376\377\000h\000a\000s\000M\000e\000t\000a}{subsection.10.6.3}% 256
\BOOKMARK [3][-]{subsubsection.10.6.3.27}{\376\377\000i\000s\000B\000e\000l\000o\000w}{subsection.10.6.3}% 257
\BOOKMARK [3][-]{subsubsection.10.6.3.28}{\376\377\000i\000s\000B\000e\000l\000o\000w\000O\000r\000S\000a\000m\000e}{subsection.10.6.3}% 258
\BOOKMARK [3][-]{subsubsection.10.6.3.29}{\376\377\000i\000s\000B\000i\000n\000a\000r\000y}{subsection.10.6.3}% 259
\BOOKMARK [3][-]{subsubsection.10.6.3.30}{\376\377\000i\000s\000D\000i\000r\000e\000c\000t\000B\000e\000l\000o\000w}{subsection.10.6.3}% 260
\BOOKMARK [3][-]{subsubsection.10.6.3.31}{\376\377\000i\000s\000I\000n\000a\000c\000t\000i\000v\000e}{subsection.10.6.3}% 261
\BOOKMARK [3][-]{subsubsection.10.6.3.32}{\376\377\000i\000s\000S\000t\000r\000i\000n\000g}{subsection.10.6.3}% 262
\BOOKMARK [3][-]{subsubsection.10.6.3.33}{\376\377\000i\000s\000S\000y\000s\000t\000e\000m}{subsection.10.6.3}% 263
\BOOKMARK [3][-]{subsubsection.10.6.3.34}{\376\377\000i\000s\000U\000s\000e\000r}{subsection.10.6.3}% 264
\BOOKMARK [3][-]{subsubsection.10.6.3.35}{\376\377\000i\000s\000V\000a\000l\000i\000d}{subsection.10.6.3}% 265
\BOOKMARK [3][-]{subsubsection.10.6.3.36}{\376\377\000n\000e\000x\000t\000M\000e\000t\000a}{subsection.10.6.3}% 266
\BOOKMARK [3][-]{subsubsection.10.6.3.37}{\376\377\000o\000p\000e\000r\000a\000t\000o\000r\000\040\000b\000o\000o\000l}{subsection.10.6.3}% 267
\BOOKMARK [3][-]{subsubsection.10.6.3.38}{\376\377\000o\000p\000e\000r\000a\000t\000o\000r\000!\000=}{subsection.10.6.3}% 268
\BOOKMARK [3][-]{subsubsection.10.6.3.39}{\376\377\000o\000p\000e\000r\000a\000t\000o\000r}{subsection.10.6.3}% 269
\BOOKMARK [3][-]{subsubsection.10.6.3.40}{\376\377\000o\000p\000e\000r\000a\000t\000o\000r\000+\000+}{subsection.10.6.3}% 270
\BOOKMARK [3][-]{subsubsection.10.6.3.41}{\376\377\000o\000p\000e\000r\000a\000t\000o\000r\000+\000+}{subsection.10.6.3}% 271
\BOOKMARK [3][-]{subsubsection.10.6.3.42}{\376\377\000o\000p\000e\000r\000a\000t\000o\000r\000+\000=}{subsection.10.6.3}% 272
\BOOKMARK [3][-]{subsubsection.10.6.3.43}{\376\377\000o\000p\000e\000r\000a\000t\000o\000r\000+\000=}{subsection.10.6.3}% 273
\BOOKMARK [3][-]{subsubsection.10.6.3.44}{\376\377\000o\000p\000e\000r\000a\000t\000o\000r\000-\000-}{subsection.10.6.3}% 274
\BOOKMARK [3][-]{subsubsection.10.6.3.45}{\376\377\000o\000p\000e\000r\000a\000t\000o\000r\000-\000-}{subsection.10.6.3}% 275
\BOOKMARK [3][-]{subsubsection.10.6.3.46}{\376\377\000o\000p\000e\000r\000a\000t\000o\000r\000-\000=}{subsection.10.6.3}% 276
\BOOKMARK [3][-]{subsubsection.10.6.3.47}{\376\377\000o\000p\000e\000r\000a\000t\000o\000r\000-\000=}{subsection.10.6.3}% 277
\BOOKMARK [3][-]{subsubsection.10.6.3.48}{\376\377\000o\000p\000e\000r\000a\000t\000o\000r\000-\000>}{subsection.10.6.3}% 278
\BOOKMARK [3][-]{subsubsection.10.6.3.49}{\376\377\000o\000p\000e\000r\000a\000t\000o\000r\000<}{subsection.10.6.3}% 279
\BOOKMARK [3][-]{subsubsection.10.6.3.50}{\376\377\000o\000p\000e\000r\000a\000t\000o\000r\000<\000=}{subsection.10.6.3}% 280
\BOOKMARK [3][-]{subsubsection.10.6.3.51}{\376\377\000o\000p\000e\000r\000a\000t\000o\000r\000=}{subsection.10.6.3}% 281
\BOOKMARK [3][-]{subsubsection.10.6.3.52}{\376\377\000o\000p\000e\000r\000a\000t\000o\000r\000=}{subsection.10.6.3}% 282
\BOOKMARK [3][-]{subsubsection.10.6.3.53}{\376\377\000o\000p\000e\000r\000a\000t\000o\000r\000=}{subsection.10.6.3}% 283
\BOOKMARK [3][-]{subsubsection.10.6.3.54}{\376\377\000o\000p\000e\000r\000a\000t\000o\000r\000=}{subsection.10.6.3}% 284
\BOOKMARK [3][-]{subsubsection.10.6.3.55}{\376\377\000o\000p\000e\000r\000a\000t\000o\000r\000=\000=}{subsection.10.6.3}% 285
\BOOKMARK [3][-]{subsubsection.10.6.3.56}{\376\377\000o\000p\000e\000r\000a\000t\000o\000r\000>}{subsection.10.6.3}% 286
\BOOKMARK [3][-]{subsubsection.10.6.3.57}{\376\377\000o\000p\000e\000r\000a\000t\000o\000r\000>\000=}{subsection.10.6.3}% 287
\BOOKMARK [3][-]{subsubsection.10.6.3.58}{\376\377\000r\000e\000l\000e\000a\000s\000e}{subsection.10.6.3}% 288
\BOOKMARK [3][-]{subsubsection.10.6.3.59}{\376\377\000r\000e\000w\000i\000n\000d\000M\000e\000t\000a}{subsection.10.6.3}% 289
\BOOKMARK [3][-]{subsubsection.10.6.3.60}{\376\377\000s\000e\000t}{subsection.10.6.3}% 290
\BOOKMARK [3][-]{subsubsection.10.6.3.61}{\376\377\000s\000e\000t\000B\000a\000s\000e\000N\000a\000m\000e}{subsection.10.6.3}% 291
\BOOKMARK [3][-]{subsubsection.10.6.3.62}{\376\377\000s\000e\000t\000B\000i\000n\000a\000r\000y}{subsection.10.6.3}% 292
\BOOKMARK [3][-]{subsubsection.10.6.3.63}{\376\377\000s\000e\000t\000M\000e\000t\000a}{subsection.10.6.3}% 293
\BOOKMARK [3][-]{subsubsection.10.6.3.64}{\376\377\000s\000e\000t\000N\000a\000m\000e}{subsection.10.6.3}% 294
\BOOKMARK [3][-]{subsubsection.10.6.3.65}{\376\377\000s\000e\000t\000S\000t\000r\000i\000n\000g}{subsection.10.6.3}% 295
\BOOKMARK [1][-]{section.10.7}{\376\377\000k\000d\000b\000:\000:\000K\000e\000y\000S\000e\000t\000\040\000C\000l\000a\000s\000s\000\040\000R\000e\000f\000e\000r\000e\000n\000c\000e}{chapter.10}% 296
\BOOKMARK [2][-]{subsection.10.7.1}{\376\377\000D\000e\000t\000a\000i\000l\000e\000d\000\040\000D\000e\000s\000c\000r\000i\000p\000t\000i\000o\000n}{section.10.7}% 297
\BOOKMARK [2][-]{subsection.10.7.2}{\376\377\000C\000o\000n\000s\000t\000r\000u\000c\000t\000o\000r\000\040\000\046\000\040\000D\000e\000s\000t\000r\000u\000c\000t\000o\000r\000\040\000D\000o\000c\000u\000m\000e\000n\000t\000a\000t\000i\000o\000n}{section.10.7}% 298
\BOOKMARK [3][-]{subsubsection.10.7.2.1}{\376\377\000K\000e\000y\000S\000e\000t}{subsection.10.7.2}% 299
\BOOKMARK [3][-]{subsubsection.10.7.2.2}{\376\377\000K\000e\000y\000S\000e\000t}{subsection.10.7.2}% 300
\BOOKMARK [3][-]{subsubsection.10.7.2.3}{\376\377\000K\000e\000y\000S\000e\000t}{subsection.10.7.2}% 301
\BOOKMARK [3][-]{subsubsection.10.7.2.4}{\376\377\000K\000e\000y\000S\000e\000t}{subsection.10.7.2}% 302
\BOOKMARK [3][-]{subsubsection.10.7.2.5}{\376\377\000K\000e\000y\000S\000e\000t}{subsection.10.7.2}% 303
\BOOKMARK [3][-]{subsubsection.10.7.2.6}{\376\377\000K\000e\000y\000S\000e\000t}{subsection.10.7.2}% 304
\BOOKMARK [2][-]{subsection.10.7.3}{\376\377\000M\000e\000m\000b\000e\000r\000\040\000F\000u\000n\000c\000t\000i\000o\000n\000\040\000D\000o\000c\000u\000m\000e\000n\000t\000a\000t\000i\000o\000n}{section.10.7}% 305
\BOOKMARK [3][-]{subsubsection.10.7.3.1}{\376\377\000a\000p\000p\000e\000n\000d}{subsection.10.7.3}% 306
\BOOKMARK [3][-]{subsubsection.10.7.3.2}{\376\377\000a\000p\000p\000e\000n\000d}{subsection.10.7.3}% 307
\BOOKMARK [3][-]{subsubsection.10.7.3.3}{\376\377\000a\000t}{subsection.10.7.3}% 308
\BOOKMARK [3][-]{subsubsection.10.7.3.4}{\376\377\000c\000l\000e\000a\000r}{subsection.10.7.3}% 309
\BOOKMARK [3][-]{subsubsection.10.7.3.5}{\376\377\000c\000o\000p\000y}{subsection.10.7.3}% 310
\BOOKMARK [3][-]{subsubsection.10.7.3.6}{\376\377\000c\000u\000r\000r\000e\000n\000t}{subsection.10.7.3}% 311
\BOOKMARK [3][-]{subsubsection.10.7.3.7}{\376\377\000c\000u\000t}{subsection.10.7.3}% 312
\BOOKMARK [3][-]{subsubsection.10.7.3.8}{\376\377\000d\000u\000p}{subsection.10.7.3}% 313
\BOOKMARK [3][-]{subsubsection.10.7.3.9}{\376\377\000g\000e\000t\000C\000u\000r\000s\000o\000r}{subsection.10.7.3}% 314
\BOOKMARK [3][-]{subsubsection.10.7.3.10}{\376\377\000g\000e\000t\000K\000e\000y\000S\000e\000t}{subsection.10.7.3}% 315
\BOOKMARK [3][-]{subsubsection.10.7.3.11}{\376\377\000h\000e\000a\000d}{subsection.10.7.3}% 316
\BOOKMARK [3][-]{subsubsection.10.7.3.12}{\376\377\000l\000o\000o\000k\000u\000p}{subsection.10.7.3}% 317
\BOOKMARK [3][-]{subsubsection.10.7.3.13}{\376\377\000l\000o\000o\000k\000u\000p}{subsection.10.7.3}% 318
\BOOKMARK [3][-]{subsubsection.10.7.3.14}{\376\377\000n\000e\000x\000t}{subsection.10.7.3}% 319
\BOOKMARK [3][-]{subsubsection.10.7.3.15}{\376\377\000o\000p\000e\000r\000a\000t\000o\000r\000=}{subsection.10.7.3}% 320
\BOOKMARK [3][-]{subsubsection.10.7.3.16}{\376\377\000p\000o\000p}{subsection.10.7.3}% 321
\BOOKMARK [3][-]{subsubsection.10.7.3.17}{\376\377\000r\000e\000l\000e\000a\000s\000e}{subsection.10.7.3}% 322
\BOOKMARK [3][-]{subsubsection.10.7.3.18}{\376\377\000r\000e\000w\000i\000n\000d}{subsection.10.7.3}% 323
\BOOKMARK [3][-]{subsubsection.10.7.3.19}{\376\377\000s\000e\000t\000C\000u\000r\000s\000o\000r}{subsection.10.7.3}% 324
\BOOKMARK [3][-]{subsubsection.10.7.3.20}{\376\377\000s\000e\000t\000K\000e\000y\000S\000e\000t}{subsection.10.7.3}% 325
\BOOKMARK [3][-]{subsubsection.10.7.3.21}{\376\377\000s\000i\000z\000e}{subsection.10.7.3}% 326
\BOOKMARK [3][-]{subsubsection.10.7.3.22}{\376\377\000t\000a\000i\000l}{subsection.10.7.3}% 327
\BOOKMARK [1][-]{section.10.8}{\376\377\000k\000d\000b\000:\000:\000K\000e\000y\000S\000e\000t\000I\000t\000e\000r\000a\000t\000o\000r\000\040\000C\000l\000a\000s\000s\000\040\000R\000e\000f\000e\000r\000e\000n\000c\000e}{chapter.10}% 328
\BOOKMARK [2][-]{subsection.10.8.1}{\376\377\000D\000e\000t\000a\000i\000l\000e\000d\000\040\000D\000e\000s\000c\000r\000i\000p\000t\000i\000o\000n}{section.10.8}% 329
\BOOKMARK [1][-]{section.10.9}{\376\377\000k\000d\000b\000:\000:\000K\000e\000y\000S\000e\000t\000R\000e\000v\000e\000r\000s\000e\000I\000t\000e\000r\000a\000t\000o\000r\000\040\000C\000l\000a\000s\000s\000\040\000R\000e\000f\000e\000r\000e\000n\000c\000e}{chapter.10}% 330
\BOOKMARK [2][-]{subsection.10.9.1}{\376\377\000D\000e\000t\000a\000i\000l\000e\000d\000\040\000D\000e\000s\000c\000r\000i\000p\000t\000i\000o\000n}{section.10.9}% 331
\BOOKMARK [1][-]{section.10.10}{\376\377\000k\000d\000b\000:\000:\000t\000o\000o\000l\000s\000:\000:\000M\000o\000d\000u\000l\000e\000s\000\040\000C\000l\000a\000s\000s\000\040\000R\000e\000f\000e\000r\000e\000n\000c\000e}{chapter.10}% 332
\BOOKMARK [2][-]{subsection.10.10.1}{\376\377\000D\000e\000t\000a\000i\000l\000e\000d\000\040\000D\000e\000s\000c\000r\000i\000p\000t\000i\000o\000n}{section.10.10}% 333
\BOOKMARK [2][-]{subsection.10.10.2}{\376\377\000M\000e\000m\000b\000e\000r\000\040\000F\000u\000n\000c\000t\000i\000o\000n\000\040\000D\000o\000c\000u\000m\000e\000n\000t\000a\000t\000i\000o\000n}{section.10.10}% 334
\BOOKMARK [3][-]{subsubsection.10.10.2.1}{\376\377\000l\000o\000a\000d}{subsection.10.10.2}% 335
\BOOKMARK [1][-]{section.10.11}{\376\377\000k\000d\000b\000:\000:\000t\000o\000o\000l\000s\000:\000:\000P\000l\000u\000g\000i\000n\000\040\000C\000l\000a\000s\000s\000\040\000R\000e\000f\000e\000r\000e\000n\000c\000e}{chapter.10}% 336
\BOOKMARK [2][-]{subsection.10.11.1}{\376\377\000D\000e\000t\000a\000i\000l\000e\000d\000\040\000D\000e\000s\000c\000r\000i\000p\000t\000i\000o\000n}{section.10.11}% 337
\BOOKMARK [2][-]{subsection.10.11.2}{\376\377\000M\000e\000m\000b\000e\000r\000\040\000F\000u\000n\000c\000t\000i\000o\000n\000\040\000D\000o\000c\000u\000m\000e\000n\000t\000a\000t\000i\000o\000n}{section.10.11}% 338
\BOOKMARK [3][-]{subsubsection.10.11.2.1}{\376\377\000c\000h\000e\000c\000k}{subsection.10.11.2}% 339
\BOOKMARK [3][-]{subsubsection.10.11.2.2}{\376\377\000c\000l\000o\000s\000e}{subsection.10.11.2}% 340
\BOOKMARK [3][-]{subsubsection.10.11.2.3}{\376\377\000e\000r\000r\000o\000r}{subsection.10.11.2}% 341
\BOOKMARK [3][-]{subsubsection.10.11.2.4}{\376\377\000f\000i\000n\000d\000I\000n\000f\000o}{subsection.10.11.2}% 342
\BOOKMARK [3][-]{subsubsection.10.11.2.5}{\376\377\000g\000e\000t}{subsection.10.11.2}% 343
\BOOKMARK [3][-]{subsubsection.10.11.2.6}{\376\377\000g\000e\000t\000I\000n\000f\000o}{subsection.10.11.2}% 344
\BOOKMARK [3][-]{subsubsection.10.11.2.7}{\376\377\000g\000e\000t\000N\000e\000e\000d\000e\000d\000C\000o\000n\000f\000i\000g}{subsection.10.11.2}% 345
\BOOKMARK [3][-]{subsubsection.10.11.2.8}{\376\377\000g\000e\000t\000S\000y\000m\000b\000o\000l}{subsection.10.11.2}% 346
\BOOKMARK [3][-]{subsubsection.10.11.2.9}{\376\377\000l\000o\000a\000d\000I\000n\000f\000o}{subsection.10.11.2}% 347
\BOOKMARK [3][-]{subsubsection.10.11.2.10}{\376\377\000l\000o\000o\000k\000u\000p\000I\000n\000f\000o}{subsection.10.11.2}% 348
\BOOKMARK [3][-]{subsubsection.10.11.2.11}{\376\377\000n\000a\000m\000e}{subsection.10.11.2}% 349
\BOOKMARK [3][-]{subsubsection.10.11.2.12}{\376\377\000o\000p\000e\000n}{subsection.10.11.2}% 350
\BOOKMARK [3][-]{subsubsection.10.11.2.13}{\376\377\000p\000a\000r\000s\000e}{subsection.10.11.2}% 351
\BOOKMARK [3][-]{subsubsection.10.11.2.14}{\376\377\000r\000e\000f\000n\000a\000m\000e}{subsection.10.11.2}% 352
\BOOKMARK [3][-]{subsubsection.10.11.2.15}{\376\377\000s\000e\000t}{subsection.10.11.2}% 353
\BOOKMARK [1][-]{section.10.12}{\376\377\000k\000d\000b\000:\000:\000t\000o\000o\000l\000s\000:\000:\000P\000l\000u\000g\000i\000n\000s\000\040\000C\000l\000a\000s\000s\000\040\000R\000e\000f\000e\000r\000e\000n\000c\000e}{chapter.10}% 354
\BOOKMARK [2][-]{subsection.10.12.1}{\376\377\000D\000e\000t\000a\000i\000l\000e\000d\000\040\000D\000e\000s\000c\000r\000i\000p\000t\000i\000o\000n}{section.10.12}% 355
\BOOKMARK [2][-]{subsection.10.12.2}{\376\377\000M\000e\000m\000b\000e\000r\000\040\000F\000u\000n\000c\000t\000i\000o\000n\000\040\000D\000o\000c\000u\000m\000e\000n\000t\000a\000t\000i\000o\000n}{section.10.12}% 356
\BOOKMARK [3][-]{subsubsection.10.12.2.1}{\376\377\000a\000d\000d\000I\000n\000f\000o}{subsection.10.12.2}% 357
\BOOKMARK [3][-]{subsubsection.10.12.2.2}{\376\377\000c\000h\000e\000c\000k\000C\000o\000n\000f\000l\000i\000c\000t\000s}{subsection.10.12.2}% 358
\BOOKMARK [3][-]{subsubsection.10.12.2.3}{\376\377\000c\000h\000e\000c\000k\000O\000r\000d\000e\000r\000i\000n\000g}{subsection.10.12.2}% 359
\BOOKMARK [3][-]{subsubsection.10.12.2.4}{\376\377\000c\000h\000e\000c\000k\000P\000l\000a\000c\000e\000m\000e\000n\000t}{subsection.10.12.2}% 360
\BOOKMARK [3][-]{subsubsection.10.12.2.5}{\376\377\000v\000a\000l\000i\000d\000a\000t\000e\000P\000r\000o\000v\000i\000d\000e\000d}{subsection.10.12.2}% 361
\BOOKMARK [1][-]{section.10.13}{\376\377\000k\000d\000b\000:\000:\000t\000o\000o\000l\000s\000:\000:\000T\000o\000o\000l\000E\000x\000c\000e\000p\000t\000i\000o\000n\000\040\000S\000t\000r\000u\000c\000t\000\040\000R\000e\000f\000e\000r\000e\000n\000c\000e}{chapter.10}% 362
\BOOKMARK [2][-]{subsection.10.13.1}{\376\377\000D\000e\000t\000a\000i\000l\000e\000d\000\040\000D\000e\000s\000c\000r\000i\000p\000t\000i\000o\000n}{section.10.13}% 363
\BOOKMARK [0][-]{chapter.11}{\376\377\000F\000i\000l\000e\000\040\000D\000o\000c\000u\000m\000e\000n\000t\000a\000t\000i\000o\000n}{}% 364
\BOOKMARK [1][-]{section.11.1}{\376\377\000a\000u\000t\000o\000m\000e\000r\000g\000e\000s\000t\000r\000a\000t\000e\000g\000y\000.\000c\000p\000p\000\040\000F\000i\000l\000e\000\040\000R\000e\000f\000e\000r\000e\000n\000c\000e}{chapter.11}% 365
\BOOKMARK [2][-]{subsection.11.1.1}{\376\377\000D\000e\000t\000a\000i\000l\000e\000d\000\040\000D\000e\000s\000c\000r\000i\000p\000t\000i\000o\000n}{section.11.1}% 366
\BOOKMARK [1][-]{section.11.2}{\376\377\000a\000u\000t\000o\000m\000e\000r\000g\000e\000s\000t\000r\000a\000t\000e\000g\000y\000.\000h\000p\000p\000\040\000F\000i\000l\000e\000\040\000R\000e\000f\000e\000r\000e\000n\000c\000e}{chapter.11}% 367
\BOOKMARK [2][-]{subsection.11.2.1}{\376\377\000D\000e\000t\000a\000i\000l\000e\000d\000\040\000D\000e\000s\000c\000r\000i\000p\000t\000i\000o\000n}{section.11.2}% 368
\BOOKMARK [1][-]{section.11.3}{\376\377\000b\000a\000c\000k\000e\000n\000d\000.\000c\000p\000p\000\040\000F\000i\000l\000e\000\040\000R\000e\000f\000e\000r\000e\000n\000c\000e}{chapter.11}% 369
\BOOKMARK [2][-]{subsection.11.3.1}{\376\377\000D\000e\000t\000a\000i\000l\000e\000d\000\040\000D\000e\000s\000c\000r\000i\000p\000t\000i\000o\000n}{section.11.3}% 370
\BOOKMARK [1][-]{section.11.4}{\376\377\000b\000a\000c\000k\000e\000n\000d\000.\000h\000p\000p\000\040\000F\000i\000l\000e\000\040\000R\000e\000f\000e\000r\000e\000n\000c\000e}{chapter.11}% 371
\BOOKMARK [2][-]{subsection.11.4.1}{\376\377\000D\000e\000t\000a\000i\000l\000e\000d\000\040\000D\000e\000s\000c\000r\000i\000p\000t\000i\000o\000n}{section.11.4}% 372
\BOOKMARK [1][-]{section.11.5}{\376\377\000b\000a\000c\000k\000e\000n\000d\000s\000.\000h\000p\000p\000\040\000F\000i\000l\000e\000\040\000R\000e\000f\000e\000r\000e\000n\000c\000e}{chapter.11}% 373
\BOOKMARK [2][-]{subsection.11.5.1}{\376\377\000D\000e\000t\000a\000i\000l\000e\000d\000\040\000D\000e\000s\000c\000r\000i\000p\000t\000i\000o\000n}{section.11.5}% 374
\BOOKMARK [1][-]{section.11.6}{\376\377\000c\000o\000m\000p\000a\000r\000i\000s\000o\000n\000.\000c\000p\000p\000\040\000F\000i\000l\000e\000\040\000R\000e\000f\000e\000r\000e\000n\000c\000e}{chapter.11}% 375
\BOOKMARK [2][-]{subsection.11.6.1}{\376\377\000D\000e\000t\000a\000i\000l\000e\000d\000\040\000D\000e\000s\000c\000r\000i\000p\000t\000i\000o\000n}{section.11.6}% 376
\BOOKMARK [1][-]{section.11.7}{\376\377\000c\000o\000m\000p\000a\000r\000i\000s\000o\000n\000.\000h\000p\000p\000\040\000F\000i\000l\000e\000\040\000R\000e\000f\000e\000r\000e\000n\000c\000e}{chapter.11}% 377
\BOOKMARK [2][-]{subsection.11.7.1}{\376\377\000D\000e\000t\000a\000i\000l\000e\000d\000\040\000D\000e\000s\000c\000r\000i\000p\000t\000i\000o\000n}{section.11.7}% 378
\BOOKMARK [1][-]{section.11.8}{\376\377\000i\000n\000t\000e\000r\000a\000c\000t\000i\000v\000e\000m\000e\000r\000g\000e\000s\000t\000r\000a\000t\000e\000g\000y\000.\000c\000p\000p\000\040\000F\000i\000l\000e\000\040\000R\000e\000f\000e\000r\000e\000n\000c\000e}{chapter.11}% 379
\BOOKMARK [2][-]{subsection.11.8.1}{\376\377\000D\000e\000t\000a\000i\000l\000e\000d\000\040\000D\000e\000s\000c\000r\000i\000p\000t\000i\000o\000n}{section.11.8}% 380
\BOOKMARK [1][-]{section.11.9}{\376\377\000i\000n\000t\000e\000r\000a\000c\000t\000i\000v\000e\000m\000e\000r\000g\000e\000s\000t\000r\000a\000t\000e\000g\000y\000.\000h\000p\000p\000\040\000F\000i\000l\000e\000\040\000R\000e\000f\000e\000r\000e\000n\000c\000e}{chapter.11}% 381
\BOOKMARK [2][-]{subsection.11.9.1}{\376\377\000D\000e\000t\000a\000i\000l\000e\000d\000\040\000D\000e\000s\000c\000r\000i\000p\000t\000i\000o\000n}{section.11.9}% 382
\BOOKMARK [1][-]{section.11.10}{\376\377\000k\000e\000y\000h\000e\000l\000p\000e\000r\000.\000c\000p\000p\000\040\000F\000i\000l\000e\000\040\000R\000e\000f\000e\000r\000e\000n\000c\000e}{chapter.11}% 383
\BOOKMARK [2][-]{subsection.11.10.1}{\376\377\000D\000e\000t\000a\000i\000l\000e\000d\000\040\000D\000e\000s\000c\000r\000i\000p\000t\000i\000o\000n}{section.11.10}% 384
\BOOKMARK [1][-]{section.11.11}{\376\377\000k\000e\000y\000h\000e\000l\000p\000e\000r\000.\000h\000p\000p\000\040\000F\000i\000l\000e\000\040\000R\000e\000f\000e\000r\000e\000n\000c\000e}{chapter.11}% 385
\BOOKMARK [2][-]{subsection.11.11.1}{\376\377\000D\000e\000t\000a\000i\000l\000e\000d\000\040\000D\000e\000s\000c\000r\000i\000p\000t\000i\000o\000n}{section.11.11}% 386
\BOOKMARK [1][-]{section.11.12}{\376\377\000m\000e\000r\000g\000e\000c\000o\000n\000f\000l\000i\000c\000t\000.\000h\000p\000p\000\040\000F\000i\000l\000e\000\040\000R\000e\000f\000e\000r\000e\000n\000c\000e}{chapter.11}% 387
\BOOKMARK [2][-]{subsection.11.12.1}{\376\377\000D\000e\000t\000a\000i\000l\000e\000d\000\040\000D\000e\000s\000c\000r\000i\000p\000t\000i\000o\000n}{section.11.12}% 388
\BOOKMARK [1][-]{section.11.13}{\376\377\000m\000e\000r\000g\000e\000c\000o\000n\000f\000l\000i\000c\000t\000s\000t\000r\000a\000t\000e\000g\000y\000.\000c\000p\000p\000\040\000F\000i\000l\000e\000\040\000R\000e\000f\000e\000r\000e\000n\000c\000e}{chapter.11}% 389
\BOOKMARK [2][-]{subsection.11.13.1}{\376\377\000D\000e\000t\000a\000i\000l\000e\000d\000\040\000D\000e\000s\000c\000r\000i\000p\000t\000i\000o\000n}{section.11.13}% 390
\BOOKMARK [1][-]{section.11.14}{\376\377\000m\000e\000r\000g\000e\000c\000o\000n\000f\000l\000i\000c\000t\000s\000t\000r\000a\000t\000e\000g\000y\000.\000h\000p\000p\000\040\000F\000i\000l\000e\000\040\000R\000e\000f\000e\000r\000e\000n\000c\000e}{chapter.11}% 391
\BOOKMARK [2][-]{subsection.11.14.1}{\376\377\000D\000e\000t\000a\000i\000l\000e\000d\000\040\000D\000e\000s\000c\000r\000i\000p\000t\000i\000o\000n}{section.11.14}% 392
\BOOKMARK [1][-]{section.11.15}{\376\377\000m\000e\000r\000g\000e\000r\000e\000s\000u\000l\000t\000.\000c\000p\000p\000\040\000F\000i\000l\000e\000\040\000R\000e\000f\000e\000r\000e\000n\000c\000e}{chapter.11}% 393
\BOOKMARK [2][-]{subsection.11.15.1}{\376\377\000D\000e\000t\000a\000i\000l\000e\000d\000\040\000D\000e\000s\000c\000r\000i\000p\000t\000i\000o\000n}{section.11.15}% 394
\BOOKMARK [1][-]{section.11.16}{\376\377\000m\000e\000r\000g\000e\000r\000e\000s\000u\000l\000t\000.\000h\000p\000p\000\040\000F\000i\000l\000e\000\040\000R\000e\000f\000e\000r\000e\000n\000c\000e}{chapter.11}% 395
\BOOKMARK [2][-]{subsection.11.16.1}{\376\377\000D\000e\000t\000a\000i\000l\000e\000d\000\040\000D\000e\000s\000c\000r\000i\000p\000t\000i\000o\000n}{section.11.16}% 396
\BOOKMARK [1][-]{section.11.17}{\376\377\000m\000e\000r\000g\000e\000t\000a\000s\000k\000.\000h\000p\000p\000\040\000F\000i\000l\000e\000\040\000R\000e\000f\000e\000r\000e\000n\000c\000e}{chapter.11}% 397
\BOOKMARK [2][-]{subsection.11.17.1}{\376\377\000D\000e\000t\000a\000i\000l\000e\000d\000\040\000D\000e\000s\000c\000r\000i\000p\000t\000i\000o\000n}{section.11.17}% 398
\BOOKMARK [1][-]{section.11.18}{\376\377\000m\000e\000r\000g\000e\000t\000e\000s\000t\000u\000t\000i\000l\000s\000.\000c\000p\000p\000\040\000F\000i\000l\000e\000\040\000R\000e\000f\000e\000r\000e\000n\000c\000e}{chapter.11}% 399
\BOOKMARK [2][-]{subsection.11.18.1}{\376\377\000D\000e\000t\000a\000i\000l\000e\000d\000\040\000D\000e\000s\000c\000r\000i\000p\000t\000i\000o\000n}{section.11.18}% 400
\BOOKMARK [1][-]{section.11.19}{\376\377\000m\000e\000t\000a\000m\000e\000r\000g\000e\000s\000t\000r\000a\000t\000e\000g\000y\000.\000c\000p\000p\000\040\000F\000i\000l\000e\000\040\000R\000e\000f\000e\000r\000e\000n\000c\000e}{chapter.11}% 401
\BOOKMARK [2][-]{subsection.11.19.1}{\376\377\000D\000e\000t\000a\000i\000l\000e\000d\000\040\000D\000e\000s\000c\000r\000i\000p\000t\000i\000o\000n}{section.11.19}% 402
\BOOKMARK [1][-]{section.11.20}{\376\377\000m\000e\000t\000a\000m\000e\000r\000g\000e\000s\000t\000r\000a\000t\000e\000g\000y\000.\000h\000p\000p\000\040\000F\000i\000l\000e\000\040\000R\000e\000f\000e\000r\000e\000n\000c\000e}{chapter.11}% 403
\BOOKMARK [2][-]{subsection.11.20.1}{\376\377\000D\000e\000t\000a\000i\000l\000e\000d\000\040\000D\000e\000s\000c\000r\000i\000p\000t\000i\000o\000n}{section.11.20}% 404
\BOOKMARK [1][-]{section.11.21}{\376\377\000m\000o\000d\000u\000l\000e\000s\000.\000c\000p\000p\000\040\000F\000i\000l\000e\000\040\000R\000e\000f\000e\000r\000e\000n\000c\000e}{chapter.11}% 405
\BOOKMARK [2][-]{subsection.11.21.1}{\376\377\000D\000e\000t\000a\000i\000l\000e\000d\000\040\000D\000e\000s\000c\000r\000i\000p\000t\000i\000o\000n}{section.11.21}% 406
\BOOKMARK [1][-]{section.11.22}{\376\377\000m\000o\000d\000u\000l\000e\000s\000.\000h\000p\000p\000\040\000F\000i\000l\000e\000\040\000R\000e\000f\000e\000r\000e\000n\000c\000e}{chapter.11}% 407
\BOOKMARK [2][-]{subsection.11.22.1}{\376\377\000D\000e\000t\000a\000i\000l\000e\000d\000\040\000D\000e\000s\000c\000r\000i\000p\000t\000i\000o\000n}{section.11.22}% 408
\BOOKMARK [1][-]{section.11.23}{\376\377\000o\000n\000e\000s\000i\000d\000e\000s\000t\000r\000a\000t\000e\000g\000y\000.\000c\000p\000p\000\040\000F\000i\000l\000e\000\040\000R\000e\000f\000e\000r\000e\000n\000c\000e}{chapter.11}% 409
\BOOKMARK [2][-]{subsection.11.23.1}{\376\377\000D\000e\000t\000a\000i\000l\000e\000d\000\040\000D\000e\000s\000c\000r\000i\000p\000t\000i\000o\000n}{section.11.23}% 410
\BOOKMARK [1][-]{section.11.24}{\376\377\000o\000n\000e\000s\000i\000d\000e\000s\000t\000r\000a\000t\000e\000g\000y\000.\000h\000p\000p\000\040\000F\000i\000l\000e\000\040\000R\000e\000f\000e\000r\000e\000n\000c\000e}{chapter.11}% 411
\BOOKMARK [2][-]{subsection.11.24.1}{\376\377\000D\000e\000t\000a\000i\000l\000e\000d\000\040\000D\000e\000s\000c\000r\000i\000p\000t\000i\000o\000n}{section.11.24}% 412
\BOOKMARK [1][-]{section.11.25}{\376\377\000p\000l\000u\000g\000i\000n\000.\000c\000p\000p\000\040\000F\000i\000l\000e\000\040\000R\000e\000f\000e\000r\000e\000n\000c\000e}{chapter.11}% 413
\BOOKMARK [2][-]{subsection.11.25.1}{\376\377\000D\000e\000t\000a\000i\000l\000e\000d\000\040\000D\000e\000s\000c\000r\000i\000p\000t\000i\000o\000n}{section.11.25}% 414
\BOOKMARK [1][-]{section.11.26}{\376\377\000p\000l\000u\000g\000i\000n\000.\000h\000p\000p\000\040\000F\000i\000l\000e\000\040\000R\000e\000f\000e\000r\000e\000n\000c\000e}{chapter.11}% 415
\BOOKMARK [2][-]{subsection.11.26.1}{\376\377\000D\000e\000t\000a\000i\000l\000e\000d\000\040\000D\000e\000s\000c\000r\000i\000p\000t\000i\000o\000n}{section.11.26}% 416
\BOOKMARK [1][-]{section.11.27}{\376\377\000p\000l\000u\000g\000i\000n\000s\000.\000c\000p\000p\000\040\000F\000i\000l\000e\000\040\000R\000e\000f\000e\000r\000e\000n\000c\000e}{chapter.11}% 417
\BOOKMARK [2][-]{subsection.11.27.1}{\376\377\000D\000e\000t\000a\000i\000l\000e\000d\000\040\000D\000e\000s\000c\000r\000i\000p\000t\000i\000o\000n}{section.11.27}% 418
\BOOKMARK [1][-]{section.11.28}{\376\377\000p\000l\000u\000g\000i\000n\000s\000.\000h\000p\000p\000\040\000F\000i\000l\000e\000\040\000R\000e\000f\000e\000r\000e\000n\000c\000e}{chapter.11}% 419
\BOOKMARK [2][-]{subsection.11.28.1}{\376\377\000D\000e\000t\000a\000i\000l\000e\000d\000\040\000D\000e\000s\000c\000r\000i\000p\000t\000i\000o\000n}{section.11.28}% 420
\BOOKMARK [1][-]{section.11.29}{\376\377\000t\000e\000s\000t\000t\000o\000o\000l\000\137\000a\000u\000t\000o\000m\000e\000r\000g\000e\000s\000t\000r\000a\000t\000e\000g\000y\000.\000c\000p\000p\000\040\000F\000i\000l\000e\000\040\000R\000e\000f\000e\000r\000e\000n\000c\000e}{chapter.11}% 421
\BOOKMARK [2][-]{subsection.11.29.1}{\376\377\000D\000e\000t\000a\000i\000l\000e\000d\000\040\000D\000e\000s\000c\000r\000i\000p\000t\000i\000o\000n}{section.11.29}% 422
\BOOKMARK [1][-]{section.11.30}{\376\377\000t\000e\000s\000t\000t\000o\000o\000l\000\137\000b\000a\000c\000k\000e\000n\000d\000.\000c\000p\000p\000\040\000F\000i\000l\000e\000\040\000R\000e\000f\000e\000r\000e\000n\000c\000e}{chapter.11}% 423
\BOOKMARK [2][-]{subsection.11.30.1}{\376\377\000D\000e\000t\000a\000i\000l\000e\000d\000\040\000D\000e\000s\000c\000r\000i\000p\000t\000i\000o\000n}{section.11.30}% 424
\BOOKMARK [2][-]{subsection.11.30.2}{\376\377\000F\000u\000n\000c\000t\000i\000o\000n\000\040\000D\000o\000c\000u\000m\000e\000n\000t\000a\000t\000i\000o\000n}{section.11.30}% 425
\BOOKMARK [3][-]{subsubsection.11.30.2.1}{\376\377\000o\000u\000t\000p\000u\000t\000G\000T\000e\000s\000t}{subsection.11.30.2}% 426
\BOOKMARK [1][-]{section.11.31}{\376\377\000t\000e\000s\000t\000t\000o\000o\000l\000\137\000c\000o\000m\000p\000a\000r\000i\000s\000o\000n\000.\000c\000p\000p\000\040\000F\000i\000l\000e\000\040\000R\000e\000f\000e\000r\000e\000n\000c\000e}{chapter.11}% 427
\BOOKMARK [2][-]{subsection.11.31.1}{\376\377\000D\000e\000t\000a\000i\000l\000e\000d\000\040\000D\000e\000s\000c\000r\000i\000p\000t\000i\000o\000n}{section.11.31}% 428
\BOOKMARK [1][-]{section.11.32}{\376\377\000t\000e\000s\000t\000t\000o\000o\000l\000\137\000k\000e\000y\000h\000e\000l\000p\000e\000r\000.\000c\000p\000p\000\040\000F\000i\000l\000e\000\040\000R\000e\000f\000e\000r\000e\000n\000c\000e}{chapter.11}% 429
\BOOKMARK [2][-]{subsection.11.32.1}{\376\377\000D\000e\000t\000a\000i\000l\000e\000d\000\040\000D\000e\000s\000c\000r\000i\000p\000t\000i\000o\000n}{section.11.32}% 430
\BOOKMARK [1][-]{section.11.33}{\376\377\000t\000e\000s\000t\000t\000o\000o\000l\000\137\000m\000e\000r\000g\000e\000c\000a\000s\000e\000s\000.\000c\000p\000p\000\040\000F\000i\000l\000e\000\040\000R\000e\000f\000e\000r\000e\000n\000c\000e}{chapter.11}% 431
\BOOKMARK [2][-]{subsection.11.33.1}{\376\377\000D\000e\000t\000a\000i\000l\000e\000d\000\040\000D\000e\000s\000c\000r\000i\000p\000t\000i\000o\000n}{section.11.33}% 432
\BOOKMARK [1][-]{section.11.34}{\376\377\000t\000e\000s\000t\000t\000o\000o\000l\000\137\000m\000e\000r\000g\000e\000r\000e\000s\000u\000l\000t\000.\000c\000p\000p\000\040\000F\000i\000l\000e\000\040\000R\000e\000f\000e\000r\000e\000n\000c\000e}{chapter.11}% 433
\BOOKMARK [2][-]{subsection.11.34.1}{\376\377\000D\000e\000t\000a\000i\000l\000e\000d\000\040\000D\000e\000s\000c\000r\000i\000p\000t\000i\000o\000n}{section.11.34}% 434
\BOOKMARK [1][-]{section.11.35}{\376\377\000t\000e\000s\000t\000t\000o\000o\000l\000\137\000m\000e\000t\000a\000m\000e\000r\000g\000e\000s\000t\000r\000a\000t\000e\000g\000y\000.\000c\000p\000p\000\040\000F\000i\000l\000e\000\040\000R\000e\000f\000e\000r\000e\000n\000c\000e}{chapter.11}% 435
\BOOKMARK [2][-]{subsection.11.35.1}{\376\377\000D\000e\000t\000a\000i\000l\000e\000d\000\040\000D\000e\000s\000c\000r\000i\000p\000t\000i\000o\000n}{section.11.35}% 436
\BOOKMARK [1][-]{section.11.36}{\376\377\000t\000e\000s\000t\000t\000o\000o\000l\000\137\000o\000n\000e\000s\000i\000d\000e\000s\000t\000r\000a\000t\000e\000g\000y\000.\000c\000p\000p\000\040\000F\000i\000l\000e\000\040\000R\000e\000f\000e\000r\000e\000n\000c\000e}{chapter.11}% 437
\BOOKMARK [2][-]{subsection.11.36.1}{\376\377\000D\000e\000t\000a\000i\000l\000e\000d\000\040\000D\000e\000s\000c\000r\000i\000p\000t\000i\000o\000n}{section.11.36}% 438
\BOOKMARK [1][-]{section.11.37}{\376\377\000t\000h\000r\000e\000e\000w\000a\000y\000m\000e\000r\000g\000e\000.\000c\000p\000p\000\040\000F\000i\000l\000e\000\040\000R\000e\000f\000e\000r\000e\000n\000c\000e}{chapter.11}% 439
\BOOKMARK [2][-]{subsection.11.37.1}{\376\377\000D\000e\000t\000a\000i\000l\000e\000d\000\040\000D\000e\000s\000c\000r\000i\000p\000t\000i\000o\000n}{section.11.37}% 440
\BOOKMARK [1][-]{section.11.38}{\376\377\000t\000h\000r\000e\000e\000w\000a\000y\000m\000e\000r\000g\000e\000.\000h\000p\000p\000\040\000F\000i\000l\000e\000\040\000R\000e\000f\000e\000r\000e\000n\000c\000e}{chapter.11}% 441
\BOOKMARK [2][-]{subsection.11.38.1}{\376\377\000D\000e\000t\000a\000i\000l\000e\000d\000\040\000D\000e\000s\000c\000r\000i\000p\000t\000i\000o\000n}{section.11.38}% 442
\BOOKMARK [1][-]{section.11.39}{\376\377\000t\000o\000o\000l\000e\000x\000c\000e\000p\000t\000.\000h\000p\000p\000\040\000F\000i\000l\000e\000\040\000R\000e\000f\000e\000r\000e\000n\000c\000e}{chapter.11}% 443
\BOOKMARK [2][-]{subsection.11.39.1}{\376\377\000D\000e\000t\000a\000i\000l\000e\000d\000\040\000D\000e\000s\000c\000r\000i\000p\000t\000i\000o\000n}{section.11.39}% 444
